[2018-08-29T10:13:55.067] [INFO] ./logs/sponge-city-2018-08-29.log - sql-format => select * from sp_task_organization where parent_id=0
[2018-08-29T10:13:55.069] [INFO] ./logs/sponge-city-2018-08-29.log - sql => select * from sp_task_organization where parent_id=0
[2018-08-29T10:13:55.073] [INFO] ./logs/sponge-city-2018-08-29.log - query => Query {
  _events: {},
  _eventsCount: 0,
  _maxListeners: undefined,
  _callback: [Function],
  _callSite: Error
    at Pool.query (/Users/xu/Desktop/project/hmcs/sponge-city/node_modules/mysql/lib/Pool.js:199:23)
    at CommonDao._query (/Users/xu/Desktop/project/hmcs/sponge-city/build/webpack:/server/dao/commonDao.js:89:24)
    at /Users/xu/Desktop/project/hmcs/sponge-city/build/webpack:/server/dao/commonDao.js:70:12
    at new Promise (<anonymous>)
    at CommonDao.select (/Users/xu/Desktop/project/hmcs/sponge-city/build/webpack:/server/dao/commonDao.js:69:12)
    at Function._callee$ (/Users/xu/Desktop/project/hmcs/sponge-city/build/webpack:/server/dao/taskDao.js:13:38)
    at tryCatch (/Users/xu/Desktop/project/hmcs/sponge-city/node_modules/regenerator-runtime/runtime.js:62:40)
    at Generator.invoke [as _invoke] (/Users/xu/Desktop/project/hmcs/sponge-city/node_modules/regenerator-runtime/runtime.js:296:22)
    at Generator.prototype.(anonymous function) [as next] (/Users/xu/Desktop/project/hmcs/sponge-city/node_modules/regenerator-runtime/runtime.js:114:21)
    at step (/Users/xu/Desktop/project/hmcs/sponge-city/build/main.js:5203:191)
    at /Users/xu/Desktop/project/hmcs/sponge-city/build/main.js:5203:437
    at new Promise (<anonymous>)
    at Function.<anonymous> (/Users/xu/Desktop/project/hmcs/sponge-city/build/main.js:5203:99)
    at Function.getOrganizationList (/Users/xu/Desktop/project/hmcs/sponge-city/build/main.js:5249:21)
    at _callee5$ (/Users/xu/Desktop/project/hmcs/sponge-city/build/webpack:/server/services/taskService.js:82:32)
    at tryCatch (/Users/xu/Desktop/project/hmcs/sponge-city/node_modules/regenerator-runtime/runtime.js:62:40)
    at Generator.invoke [as _invoke] (/Users/xu/Desktop/project/hmcs/sponge-city/node_modules/regenerator-runtime/runtime.js:296:22)
    at Generator.prototype.(anonymous function) [as next] (/Users/xu/Desktop/project/hmcs/sponge-city/node_modules/regenerator-runtime/runtime.js:114:21)
    at step (/Users/xu/Desktop/project/hmcs/sponge-city/build/main.js:4646:191)
    at /Users/xu/Desktop/project/hmcs/sponge-city/build/main.js:4646:437
    at new Promise (<anonymous>)
    at /Users/xu/Desktop/project/hmcs/sponge-city/build/main.js:4646:99,
  _ended: false,
  _timeout: undefined,
  _idleNext: null,
  _idlePrev: null,
  _idleStart: null,
  _idleTimeout: -1,
  _repeat: null,
  sql: 'select * from sp_task_organization where parent_id=0',
  values: undefined,
  typeCast: true,
  nestTables: false,
  _resultSet: null,
  _results: [],
  _fields: [],
  _index: 0,
  _loadError: null }
[2018-08-29T10:13:55.433] [INFO] ./logs/sponge-city-2018-08-29.log - sql-format => select * from sp_task_organization where parent_id > 0
[2018-08-29T10:13:55.433] [INFO] ./logs/sponge-city-2018-08-29.log - sql => select * from sp_task_organization where parent_id > 0
[2018-08-29T10:13:55.441] [INFO] ./logs/sponge-city-2018-08-29.log - query => Query {
  _events: {},
  _eventsCount: 0,
  _maxListeners: undefined,
  _callback: [Function],
  _callSite: Error
    at Pool.query (/Users/xu/Desktop/project/hmcs/sponge-city/node_modules/mysql/lib/Pool.js:199:23)
    at CommonDao._query (/Users/xu/Desktop/project/hmcs/sponge-city/build/webpack:/server/dao/commonDao.js:89:24)
    at /Users/xu/Desktop/project/hmcs/sponge-city/build/webpack:/server/dao/commonDao.js:70:12
    at new Promise (<anonymous>)
    at CommonDao.select (/Users/xu/Desktop/project/hmcs/sponge-city/build/webpack:/server/dao/commonDao.js:69:12)
    at Function._callee2$ (/Users/xu/Desktop/project/hmcs/sponge-city/build/webpack:/server/dao/taskDao.js:23:38)
    at tryCatch (/Users/xu/Desktop/project/hmcs/sponge-city/node_modules/regenerator-runtime/runtime.js:62:40)
    at Generator.invoke [as _invoke] (/Users/xu/Desktop/project/hmcs/sponge-city/node_modules/regenerator-runtime/runtime.js:296:22)
    at Generator.prototype.(anonymous function) [as next] (/Users/xu/Desktop/project/hmcs/sponge-city/node_modules/regenerator-runtime/runtime.js:114:21)
    at step (/Users/xu/Desktop/project/hmcs/sponge-city/build/main.js:5203:191)
    at /Users/xu/Desktop/project/hmcs/sponge-city/build/main.js:5203:437
    at new Promise (<anonymous>)
    at Function.<anonymous> (/Users/xu/Desktop/project/hmcs/sponge-city/build/main.js:5203:99)
    at Function.getChildList (/Users/xu/Desktop/project/hmcs/sponge-city/build/main.js:5289:22)
    at _callee5$ (/Users/xu/Desktop/project/hmcs/sponge-city/build/webpack:/server/services/taskService.js:83:33)
    at tryCatch (/Users/xu/Desktop/project/hmcs/sponge-city/node_modules/regenerator-runtime/runtime.js:62:40)
    at Generator.invoke [as _invoke] (/Users/xu/Desktop/project/hmcs/sponge-city/node_modules/regenerator-runtime/runtime.js:296:22)
    at Generator.prototype.(anonymous function) [as next] (/Users/xu/Desktop/project/hmcs/sponge-city/node_modules/regenerator-runtime/runtime.js:114:21)
    at step (/Users/xu/Desktop/project/hmcs/sponge-city/build/main.js:4646:191)
    at /Users/xu/Desktop/project/hmcs/sponge-city/build/main.js:4646:361
    at process._tickCallback (internal/process/next_tick.js:68:7),
  _ended: false,
  _timeout: undefined,
  _idleNext: null,
  _idlePrev: null,
  _idleStart: null,
  _idleTimeout: -1,
  _repeat: null,
  sql: 'select * from sp_task_organization where parent_id > 0',
  values: undefined,
  typeCast: true,
  nestTables: false,
  _resultSet: null,
  _results: [],
  _fields: [],
  _index: 0,
  _loadError: null }
[2018-08-29T19:19:56.714] [INFO] ./logs/sponge-city-2018-08-29.log - sql-format => select * from sp_task_organization where parent_id=0
[2018-08-29T19:19:56.715] [INFO] ./logs/sponge-city-2018-08-29.log - sql => select * from sp_task_organization where parent_id=0
[2018-08-29T19:19:56.719] [INFO] ./logs/sponge-city-2018-08-29.log - query => Query {
  _events: {},
  _eventsCount: 0,
  _maxListeners: undefined,
  _callback: [Function],
  _callSite: Error
    at Pool.query (/Users/xu/Desktop/project/hmcs/sponge-city/node_modules/mysql/lib/Pool.js:199:23)
    at CommonDao._query (/Users/xu/Desktop/project/hmcs/sponge-city/build/webpack:/server/dao/commonDao.js:89:24)
    at /Users/xu/Desktop/project/hmcs/sponge-city/build/webpack:/server/dao/commonDao.js:70:12
    at new Promise (<anonymous>)
    at CommonDao.select (/Users/xu/Desktop/project/hmcs/sponge-city/build/webpack:/server/dao/commonDao.js:69:12)
    at Function._callee$ (/Users/xu/Desktop/project/hmcs/sponge-city/build/webpack:/server/dao/taskDao.js:13:38)
    at tryCatch (/Users/xu/Desktop/project/hmcs/sponge-city/node_modules/regenerator-runtime/runtime.js:62:40)
    at Generator.invoke [as _invoke] (/Users/xu/Desktop/project/hmcs/sponge-city/node_modules/regenerator-runtime/runtime.js:296:22)
    at Generator.prototype.(anonymous function) [as next] (/Users/xu/Desktop/project/hmcs/sponge-city/node_modules/regenerator-runtime/runtime.js:114:21)
    at step (/Users/xu/Desktop/project/hmcs/sponge-city/build/main.js:5416:191)
    at /Users/xu/Desktop/project/hmcs/sponge-city/build/main.js:5416:437
    at new Promise (<anonymous>)
    at Function.<anonymous> (/Users/xu/Desktop/project/hmcs/sponge-city/build/main.js:5416:99)
    at Function.getOrganizationList (/Users/xu/Desktop/project/hmcs/sponge-city/build/main.js:5462:21)
    at _callee5$ (/Users/xu/Desktop/project/hmcs/sponge-city/build/webpack:/server/services/taskService.js:84:32)
    at tryCatch (/Users/xu/Desktop/project/hmcs/sponge-city/node_modules/regenerator-runtime/runtime.js:62:40)
    at Generator.invoke [as _invoke] (/Users/xu/Desktop/project/hmcs/sponge-city/node_modules/regenerator-runtime/runtime.js:296:22)
    at Generator.prototype.(anonymous function) [as next] (/Users/xu/Desktop/project/hmcs/sponge-city/node_modules/regenerator-runtime/runtime.js:114:21)
    at step (/Users/xu/Desktop/project/hmcs/sponge-city/build/main.js:4672:191)
    at /Users/xu/Desktop/project/hmcs/sponge-city/build/main.js:4672:437
    at new Promise (<anonymous>)
    at /Users/xu/Desktop/project/hmcs/sponge-city/build/main.js:4672:99,
  _ended: false,
  _timeout: undefined,
  _idleNext: null,
  _idlePrev: null,
  _idleStart: null,
  _idleTimeout: -1,
  _repeat: null,
  sql: 'select * from sp_task_organization where parent_id=0',
  values: undefined,
  typeCast: true,
  nestTables: false,
  _resultSet: null,
  _results: [],
  _fields: [],
  _index: 0,
  _loadError: null }
[2018-08-29T19:19:56.775] [INFO] ./logs/sponge-city-2018-08-29.log - sql-format => select * from sp_task_organization where parent_id > 0
[2018-08-29T19:19:56.775] [INFO] ./logs/sponge-city-2018-08-29.log - sql => select * from sp_task_organization where parent_id > 0
[2018-08-29T19:19:56.775] [INFO] ./logs/sponge-city-2018-08-29.log - query => Query {
  _events: {},
  _eventsCount: 0,
  _maxListeners: undefined,
  _callback: [Function],
  _callSite: Error
    at Pool.query (/Users/xu/Desktop/project/hmcs/sponge-city/node_modules/mysql/lib/Pool.js:199:23)
    at CommonDao._query (/Users/xu/Desktop/project/hmcs/sponge-city/build/webpack:/server/dao/commonDao.js:89:24)
    at /Users/xu/Desktop/project/hmcs/sponge-city/build/webpack:/server/dao/commonDao.js:70:12
    at new Promise (<anonymous>)
    at CommonDao.select (/Users/xu/Desktop/project/hmcs/sponge-city/build/webpack:/server/dao/commonDao.js:69:12)
    at Function._callee2$ (/Users/xu/Desktop/project/hmcs/sponge-city/build/webpack:/server/dao/taskDao.js:23:38)
    at tryCatch (/Users/xu/Desktop/project/hmcs/sponge-city/node_modules/regenerator-runtime/runtime.js:62:40)
    at Generator.invoke [as _invoke] (/Users/xu/Desktop/project/hmcs/sponge-city/node_modules/regenerator-runtime/runtime.js:296:22)
    at Generator.prototype.(anonymous function) [as next] (/Users/xu/Desktop/project/hmcs/sponge-city/node_modules/regenerator-runtime/runtime.js:114:21)
    at step (/Users/xu/Desktop/project/hmcs/sponge-city/build/main.js:5416:191)
    at /Users/xu/Desktop/project/hmcs/sponge-city/build/main.js:5416:437
    at new Promise (<anonymous>)
    at Function.<anonymous> (/Users/xu/Desktop/project/hmcs/sponge-city/build/main.js:5416:99)
    at Function.getChildList (/Users/xu/Desktop/project/hmcs/sponge-city/build/main.js:5502:22)
    at _callee5$ (/Users/xu/Desktop/project/hmcs/sponge-city/build/webpack:/server/services/taskService.js:85:33)
    at tryCatch (/Users/xu/Desktop/project/hmcs/sponge-city/node_modules/regenerator-runtime/runtime.js:62:40)
    at Generator.invoke [as _invoke] (/Users/xu/Desktop/project/hmcs/sponge-city/node_modules/regenerator-runtime/runtime.js:296:22)
    at Generator.prototype.(anonymous function) [as next] (/Users/xu/Desktop/project/hmcs/sponge-city/node_modules/regenerator-runtime/runtime.js:114:21)
    at step (/Users/xu/Desktop/project/hmcs/sponge-city/build/main.js:4672:191)
    at /Users/xu/Desktop/project/hmcs/sponge-city/build/main.js:4672:361
    at process._tickCallback (internal/process/next_tick.js:68:7),
  _ended: false,
  _timeout: undefined,
  _idleNext: null,
  _idlePrev: null,
  _idleStart: null,
  _idleTimeout: -1,
  _repeat: null,
  sql: 'select * from sp_task_organization where parent_id > 0',
  values: undefined,
  typeCast: true,
  nestTables: false,
  _resultSet: null,
  _results: [],
  _fields: [],
  _index: 0,
  _loadError: null }
[2018-08-29T19:19:57.747] [INFO] ./logs/sponge-city-2018-08-29.log - sql-format => select * from sp_task_organization where parent_id=0
[2018-08-29T19:19:57.747] [INFO] ./logs/sponge-city-2018-08-29.log - sql => select * from sp_task_organization where parent_id=0
[2018-08-29T19:19:57.748] [INFO] ./logs/sponge-city-2018-08-29.log - query => Query {
  _events: {},
  _eventsCount: 0,
  _maxListeners: undefined,
  _callback: [Function],
  _callSite: Error
    at Pool.query (/Users/xu/Desktop/project/hmcs/sponge-city/node_modules/mysql/lib/Pool.js:199:23)
    at CommonDao._query (/Users/xu/Desktop/project/hmcs/sponge-city/build/webpack:/server/dao/commonDao.js:89:24)
    at /Users/xu/Desktop/project/hmcs/sponge-city/build/webpack:/server/dao/commonDao.js:70:12
    at new Promise (<anonymous>)
    at CommonDao.select (/Users/xu/Desktop/project/hmcs/sponge-city/build/webpack:/server/dao/commonDao.js:69:12)
    at Function._callee$ (/Users/xu/Desktop/project/hmcs/sponge-city/build/webpack:/server/dao/taskDao.js:13:38)
    at tryCatch (/Users/xu/Desktop/project/hmcs/sponge-city/node_modules/regenerator-runtime/runtime.js:62:40)
    at Generator.invoke [as _invoke] (/Users/xu/Desktop/project/hmcs/sponge-city/node_modules/regenerator-runtime/runtime.js:296:22)
    at Generator.prototype.(anonymous function) [as next] (/Users/xu/Desktop/project/hmcs/sponge-city/node_modules/regenerator-runtime/runtime.js:114:21)
    at step (/Users/xu/Desktop/project/hmcs/sponge-city/build/main.js:5416:191)
    at /Users/xu/Desktop/project/hmcs/sponge-city/build/main.js:5416:437
    at new Promise (<anonymous>)
    at Function.<anonymous> (/Users/xu/Desktop/project/hmcs/sponge-city/build/main.js:5416:99)
    at Function.getOrganizationList (/Users/xu/Desktop/project/hmcs/sponge-city/build/main.js:5462:21)
    at _callee5$ (/Users/xu/Desktop/project/hmcs/sponge-city/build/webpack:/server/services/taskService.js:84:32)
    at tryCatch (/Users/xu/Desktop/project/hmcs/sponge-city/node_modules/regenerator-runtime/runtime.js:62:40)
    at Generator.invoke [as _invoke] (/Users/xu/Desktop/project/hmcs/sponge-city/node_modules/regenerator-runtime/runtime.js:296:22)
    at Generator.prototype.(anonymous function) [as next] (/Users/xu/Desktop/project/hmcs/sponge-city/node_modules/regenerator-runtime/runtime.js:114:21)
    at step (/Users/xu/Desktop/project/hmcs/sponge-city/build/main.js:4672:191)
    at /Users/xu/Desktop/project/hmcs/sponge-city/build/main.js:4672:437
    at new Promise (<anonymous>)
    at /Users/xu/Desktop/project/hmcs/sponge-city/build/main.js:4672:99,
  _ended: false,
  _timeout: undefined,
  _idleNext: null,
  _idlePrev: null,
  _idleStart: null,
  _idleTimeout: -1,
  _repeat: null,
  sql: 'select * from sp_task_organization where parent_id=0',
  values: undefined,
  typeCast: true,
  nestTables: false,
  _resultSet: null,
  _results: [],
  _fields: [],
  _index: 0,
  _loadError: null }
[2018-08-29T19:19:57.755] [INFO] ./logs/sponge-city-2018-08-29.log - sql-format => select * from sp_task_organization where parent_id > 0
[2018-08-29T19:19:57.755] [INFO] ./logs/sponge-city-2018-08-29.log - sql => select * from sp_task_organization where parent_id > 0
[2018-08-29T19:19:57.755] [INFO] ./logs/sponge-city-2018-08-29.log - query => Query {
  _events: {},
  _eventsCount: 0,
  _maxListeners: undefined,
  _callback: [Function],
  _callSite: Error
    at Pool.query (/Users/xu/Desktop/project/hmcs/sponge-city/node_modules/mysql/lib/Pool.js:199:23)
    at CommonDao._query (/Users/xu/Desktop/project/hmcs/sponge-city/build/webpack:/server/dao/commonDao.js:89:24)
    at /Users/xu/Desktop/project/hmcs/sponge-city/build/webpack:/server/dao/commonDao.js:70:12
    at new Promise (<anonymous>)
    at CommonDao.select (/Users/xu/Desktop/project/hmcs/sponge-city/build/webpack:/server/dao/commonDao.js:69:12)
    at Function._callee2$ (/Users/xu/Desktop/project/hmcs/sponge-city/build/webpack:/server/dao/taskDao.js:23:38)
    at tryCatch (/Users/xu/Desktop/project/hmcs/sponge-city/node_modules/regenerator-runtime/runtime.js:62:40)
    at Generator.invoke [as _invoke] (/Users/xu/Desktop/project/hmcs/sponge-city/node_modules/regenerator-runtime/runtime.js:296:22)
    at Generator.prototype.(anonymous function) [as next] (/Users/xu/Desktop/project/hmcs/sponge-city/node_modules/regenerator-runtime/runtime.js:114:21)
    at step (/Users/xu/Desktop/project/hmcs/sponge-city/build/main.js:5416:191)
    at /Users/xu/Desktop/project/hmcs/sponge-city/build/main.js:5416:437
    at new Promise (<anonymous>)
    at Function.<anonymous> (/Users/xu/Desktop/project/hmcs/sponge-city/build/main.js:5416:99)
    at Function.getChildList (/Users/xu/Desktop/project/hmcs/sponge-city/build/main.js:5502:22)
    at _callee5$ (/Users/xu/Desktop/project/hmcs/sponge-city/build/webpack:/server/services/taskService.js:85:33)
    at tryCatch (/Users/xu/Desktop/project/hmcs/sponge-city/node_modules/regenerator-runtime/runtime.js:62:40)
    at Generator.invoke [as _invoke] (/Users/xu/Desktop/project/hmcs/sponge-city/node_modules/regenerator-runtime/runtime.js:296:22)
    at Generator.prototype.(anonymous function) [as next] (/Users/xu/Desktop/project/hmcs/sponge-city/node_modules/regenerator-runtime/runtime.js:114:21)
    at step (/Users/xu/Desktop/project/hmcs/sponge-city/build/main.js:4672:191)
    at /Users/xu/Desktop/project/hmcs/sponge-city/build/main.js:4672:361
    at process._tickCallback (internal/process/next_tick.js:68:7),
  _ended: false,
  _timeout: undefined,
  _idleNext: null,
  _idlePrev: null,
  _idleStart: null,
  _idleTimeout: -1,
  _repeat: null,
  sql: 'select * from sp_task_organization where parent_id > 0',
  values: undefined,
  typeCast: true,
  nestTables: false,
  _resultSet: null,
  _results: [],
  _fields: [],
  _index: 0,
  _loadError: null }
[2018-08-29T19:23:13.208] [INFO] ./logs/sponge-city-2018-08-29.log - sql-format => select * from sp_task_organization where parent_id=0
[2018-08-29T19:23:13.208] [INFO] ./logs/sponge-city-2018-08-29.log - sql => select * from sp_task_organization where parent_id=0
[2018-08-29T19:23:13.208] [INFO] ./logs/sponge-city-2018-08-29.log - query => Query {
  _events: {},
  _eventsCount: 0,
  _maxListeners: undefined,
  _callback: [Function],
  _callSite: Error
    at Pool.query (/Users/xu/Desktop/project/hmcs/sponge-city/node_modules/mysql/lib/Pool.js:199:23)
    at CommonDao._query (/Users/xu/Desktop/project/hmcs/sponge-city/build/webpack:/server/dao/commonDao.js:89:24)
    at /Users/xu/Desktop/project/hmcs/sponge-city/build/webpack:/server/dao/commonDao.js:70:12
    at new Promise (<anonymous>)
    at CommonDao.select (/Users/xu/Desktop/project/hmcs/sponge-city/build/webpack:/server/dao/commonDao.js:69:12)
    at Function._callee$ (/Users/xu/Desktop/project/hmcs/sponge-city/build/webpack:/server/dao/taskDao.js:13:38)
    at tryCatch (/Users/xu/Desktop/project/hmcs/sponge-city/node_modules/regenerator-runtime/runtime.js:62:40)
    at Generator.invoke [as _invoke] (/Users/xu/Desktop/project/hmcs/sponge-city/node_modules/regenerator-runtime/runtime.js:296:22)
    at Generator.prototype.(anonymous function) [as next] (/Users/xu/Desktop/project/hmcs/sponge-city/node_modules/regenerator-runtime/runtime.js:114:21)
    at step (/Users/xu/Desktop/project/hmcs/sponge-city/build/main.js:5416:191)
    at /Users/xu/Desktop/project/hmcs/sponge-city/build/main.js:5416:437
    at new Promise (<anonymous>)
    at Function.<anonymous> (/Users/xu/Desktop/project/hmcs/sponge-city/build/main.js:5416:99)
    at Function.getOrganizationList (/Users/xu/Desktop/project/hmcs/sponge-city/build/main.js:5462:21)
    at _callee5$ (/Users/xu/Desktop/project/hmcs/sponge-city/build/webpack:/server/services/taskService.js:84:32)
    at tryCatch (/Users/xu/Desktop/project/hmcs/sponge-city/node_modules/regenerator-runtime/runtime.js:62:40)
    at Generator.invoke [as _invoke] (/Users/xu/Desktop/project/hmcs/sponge-city/node_modules/regenerator-runtime/runtime.js:296:22)
    at Generator.prototype.(anonymous function) [as next] (/Users/xu/Desktop/project/hmcs/sponge-city/node_modules/regenerator-runtime/runtime.js:114:21)
    at step (/Users/xu/Desktop/project/hmcs/sponge-city/build/main.js:4672:191)
    at /Users/xu/Desktop/project/hmcs/sponge-city/build/main.js:4672:437
    at new Promise (<anonymous>)
    at /Users/xu/Desktop/project/hmcs/sponge-city/build/main.js:4672:99,
  _ended: false,
  _timeout: undefined,
  _idleNext: null,
  _idlePrev: null,
  _idleStart: null,
  _idleTimeout: -1,
  _repeat: null,
  sql: 'select * from sp_task_organization where parent_id=0',
  values: undefined,
  typeCast: true,
  nestTables: false,
  _resultSet: null,
  _results: [],
  _fields: [],
  _index: 0,
  _loadError: null }
[2018-08-29T19:23:13.238] [INFO] ./logs/sponge-city-2018-08-29.log - sql-format => select * from sp_task_organization where parent_id > 0
[2018-08-29T19:23:13.238] [INFO] ./logs/sponge-city-2018-08-29.log - sql => select * from sp_task_organization where parent_id > 0
[2018-08-29T19:23:13.239] [INFO] ./logs/sponge-city-2018-08-29.log - query => Query {
  _events: {},
  _eventsCount: 0,
  _maxListeners: undefined,
  _callback: [Function],
  _callSite: Error
    at Pool.query (/Users/xu/Desktop/project/hmcs/sponge-city/node_modules/mysql/lib/Pool.js:199:23)
    at CommonDao._query (/Users/xu/Desktop/project/hmcs/sponge-city/build/webpack:/server/dao/commonDao.js:89:24)
    at /Users/xu/Desktop/project/hmcs/sponge-city/build/webpack:/server/dao/commonDao.js:70:12
    at new Promise (<anonymous>)
    at CommonDao.select (/Users/xu/Desktop/project/hmcs/sponge-city/build/webpack:/server/dao/commonDao.js:69:12)
    at Function._callee2$ (/Users/xu/Desktop/project/hmcs/sponge-city/build/webpack:/server/dao/taskDao.js:23:38)
    at tryCatch (/Users/xu/Desktop/project/hmcs/sponge-city/node_modules/regenerator-runtime/runtime.js:62:40)
    at Generator.invoke [as _invoke] (/Users/xu/Desktop/project/hmcs/sponge-city/node_modules/regenerator-runtime/runtime.js:296:22)
    at Generator.prototype.(anonymous function) [as next] (/Users/xu/Desktop/project/hmcs/sponge-city/node_modules/regenerator-runtime/runtime.js:114:21)
    at step (/Users/xu/Desktop/project/hmcs/sponge-city/build/main.js:5416:191)
    at /Users/xu/Desktop/project/hmcs/sponge-city/build/main.js:5416:437
    at new Promise (<anonymous>)
    at Function.<anonymous> (/Users/xu/Desktop/project/hmcs/sponge-city/build/main.js:5416:99)
    at Function.getChildList (/Users/xu/Desktop/project/hmcs/sponge-city/build/main.js:5502:22)
    at _callee5$ (/Users/xu/Desktop/project/hmcs/sponge-city/build/webpack:/server/services/taskService.js:85:33)
    at tryCatch (/Users/xu/Desktop/project/hmcs/sponge-city/node_modules/regenerator-runtime/runtime.js:62:40)
    at Generator.invoke [as _invoke] (/Users/xu/Desktop/project/hmcs/sponge-city/node_modules/regenerator-runtime/runtime.js:296:22)
    at Generator.prototype.(anonymous function) [as next] (/Users/xu/Desktop/project/hmcs/sponge-city/node_modules/regenerator-runtime/runtime.js:114:21)
    at step (/Users/xu/Desktop/project/hmcs/sponge-city/build/main.js:4672:191)
    at /Users/xu/Desktop/project/hmcs/sponge-city/build/main.js:4672:361
    at process._tickCallback (internal/process/next_tick.js:68:7),
  _ended: false,
  _timeout: undefined,
  _idleNext: null,
  _idlePrev: null,
  _idleStart: null,
  _idleTimeout: -1,
  _repeat: null,
  sql: 'select * from sp_task_organization where parent_id > 0',
  values: undefined,
  typeCast: true,
  nestTables: false,
  _resultSet: null,
  _results: [],
  _fields: [],
  _index: 0,
  _loadError: null }
[2018-08-29T19:23:14.288] [INFO] ./logs/sponge-city-2018-08-29.log - sql-format => select * from sp_task_organization where parent_id=0
[2018-08-29T19:23:14.288] [INFO] ./logs/sponge-city-2018-08-29.log - sql => select * from sp_task_organization where parent_id=0
[2018-08-29T19:23:14.288] [INFO] ./logs/sponge-city-2018-08-29.log - query => Query {
  _events: {},
  _eventsCount: 0,
  _maxListeners: undefined,
  _callback: [Function],
  _callSite: Error
    at Pool.query (/Users/xu/Desktop/project/hmcs/sponge-city/node_modules/mysql/lib/Pool.js:199:23)
    at CommonDao._query (/Users/xu/Desktop/project/hmcs/sponge-city/build/webpack:/server/dao/commonDao.js:89:24)
    at /Users/xu/Desktop/project/hmcs/sponge-city/build/webpack:/server/dao/commonDao.js:70:12
    at new Promise (<anonymous>)
    at CommonDao.select (/Users/xu/Desktop/project/hmcs/sponge-city/build/webpack:/server/dao/commonDao.js:69:12)
    at Function._callee$ (/Users/xu/Desktop/project/hmcs/sponge-city/build/webpack:/server/dao/taskDao.js:13:38)
    at tryCatch (/Users/xu/Desktop/project/hmcs/sponge-city/node_modules/regenerator-runtime/runtime.js:62:40)
    at Generator.invoke [as _invoke] (/Users/xu/Desktop/project/hmcs/sponge-city/node_modules/regenerator-runtime/runtime.js:296:22)
    at Generator.prototype.(anonymous function) [as next] (/Users/xu/Desktop/project/hmcs/sponge-city/node_modules/regenerator-runtime/runtime.js:114:21)
    at step (/Users/xu/Desktop/project/hmcs/sponge-city/build/main.js:5416:191)
    at /Users/xu/Desktop/project/hmcs/sponge-city/build/main.js:5416:437
    at new Promise (<anonymous>)
    at Function.<anonymous> (/Users/xu/Desktop/project/hmcs/sponge-city/build/main.js:5416:99)
    at Function.getOrganizationList (/Users/xu/Desktop/project/hmcs/sponge-city/build/main.js:5462:21)
    at _callee5$ (/Users/xu/Desktop/project/hmcs/sponge-city/build/webpack:/server/services/taskService.js:84:32)
    at tryCatch (/Users/xu/Desktop/project/hmcs/sponge-city/node_modules/regenerator-runtime/runtime.js:62:40)
    at Generator.invoke [as _invoke] (/Users/xu/Desktop/project/hmcs/sponge-city/node_modules/regenerator-runtime/runtime.js:296:22)
    at Generator.prototype.(anonymous function) [as next] (/Users/xu/Desktop/project/hmcs/sponge-city/node_modules/regenerator-runtime/runtime.js:114:21)
    at step (/Users/xu/Desktop/project/hmcs/sponge-city/build/main.js:4672:191)
    at /Users/xu/Desktop/project/hmcs/sponge-city/build/main.js:4672:437
    at new Promise (<anonymous>)
    at /Users/xu/Desktop/project/hmcs/sponge-city/build/main.js:4672:99,
  _ended: false,
  _timeout: undefined,
  _idleNext: null,
  _idlePrev: null,
  _idleStart: null,
  _idleTimeout: -1,
  _repeat: null,
  sql: 'select * from sp_task_organization where parent_id=0',
  values: undefined,
  typeCast: true,
  nestTables: false,
  _resultSet: null,
  _results: [],
  _fields: [],
  _index: 0,
  _loadError: null }
[2018-08-29T19:23:14.303] [INFO] ./logs/sponge-city-2018-08-29.log - sql-format => select * from sp_task_organization where parent_id > 0
[2018-08-29T19:23:14.303] [INFO] ./logs/sponge-city-2018-08-29.log - sql => select * from sp_task_organization where parent_id > 0
[2018-08-29T19:23:14.303] [INFO] ./logs/sponge-city-2018-08-29.log - query => Query {
  _events: {},
  _eventsCount: 0,
  _maxListeners: undefined,
  _callback: [Function],
  _callSite: Error
    at Pool.query (/Users/xu/Desktop/project/hmcs/sponge-city/node_modules/mysql/lib/Pool.js:199:23)
    at CommonDao._query (/Users/xu/Desktop/project/hmcs/sponge-city/build/webpack:/server/dao/commonDao.js:89:24)
    at /Users/xu/Desktop/project/hmcs/sponge-city/build/webpack:/server/dao/commonDao.js:70:12
    at new Promise (<anonymous>)
    at CommonDao.select (/Users/xu/Desktop/project/hmcs/sponge-city/build/webpack:/server/dao/commonDao.js:69:12)
    at Function._callee2$ (/Users/xu/Desktop/project/hmcs/sponge-city/build/webpack:/server/dao/taskDao.js:23:38)
    at tryCatch (/Users/xu/Desktop/project/hmcs/sponge-city/node_modules/regenerator-runtime/runtime.js:62:40)
    at Generator.invoke [as _invoke] (/Users/xu/Desktop/project/hmcs/sponge-city/node_modules/regenerator-runtime/runtime.js:296:22)
    at Generator.prototype.(anonymous function) [as next] (/Users/xu/Desktop/project/hmcs/sponge-city/node_modules/regenerator-runtime/runtime.js:114:21)
    at step (/Users/xu/Desktop/project/hmcs/sponge-city/build/main.js:5416:191)
    at /Users/xu/Desktop/project/hmcs/sponge-city/build/main.js:5416:437
    at new Promise (<anonymous>)
    at Function.<anonymous> (/Users/xu/Desktop/project/hmcs/sponge-city/build/main.js:5416:99)
    at Function.getChildList (/Users/xu/Desktop/project/hmcs/sponge-city/build/main.js:5502:22)
    at _callee5$ (/Users/xu/Desktop/project/hmcs/sponge-city/build/webpack:/server/services/taskService.js:85:33)
    at tryCatch (/Users/xu/Desktop/project/hmcs/sponge-city/node_modules/regenerator-runtime/runtime.js:62:40)
    at Generator.invoke [as _invoke] (/Users/xu/Desktop/project/hmcs/sponge-city/node_modules/regenerator-runtime/runtime.js:296:22)
    at Generator.prototype.(anonymous function) [as next] (/Users/xu/Desktop/project/hmcs/sponge-city/node_modules/regenerator-runtime/runtime.js:114:21)
    at step (/Users/xu/Desktop/project/hmcs/sponge-city/build/main.js:4672:191)
    at /Users/xu/Desktop/project/hmcs/sponge-city/build/main.js:4672:361
    at process._tickCallback (internal/process/next_tick.js:68:7),
  _ended: false,
  _timeout: undefined,
  _idleNext: null,
  _idlePrev: null,
  _idleStart: null,
  _idleTimeout: -1,
  _repeat: null,
  sql: 'select * from sp_task_organization where parent_id > 0',
  values: undefined,
  typeCast: true,
  nestTables: false,
  _resultSet: null,
  _results: [],
  _fields: [],
  _index: 0,
  _loadError: null }
