[2018-08-27T09:57:12.247] [INFO] ./logs/sponge-city-2018-08-27.log - sql-format => select * from sp_task_organization where parent_id=0
[2018-08-27T09:57:12.248] [INFO] ./logs/sponge-city-2018-08-27.log - sql => select * from sp_task_organization where parent_id=0
[2018-08-27T09:57:12.251] [INFO] ./logs/sponge-city-2018-08-27.log - query => Query {
  _events: {},
  _eventsCount: 0,
  _maxListeners: undefined,
  _callback: [Function],
  _callSite: Error
    at Pool.query (/Users/xu/Desktop/project/hmcs/sponge-city/node_modules/mysql/lib/Pool.js:199:23)
    at CommonDao._query (/Users/xu/Desktop/project/hmcs/sponge-city/build/webpack:/server/dao/commonDao.js:89:24)
    at /Users/xu/Desktop/project/hmcs/sponge-city/build/webpack:/server/dao/commonDao.js:70:12
    at new Promise (<anonymous>)
    at CommonDao.select (/Users/xu/Desktop/project/hmcs/sponge-city/build/webpack:/server/dao/commonDao.js:69:12)
    at Function._callee$ (/Users/xu/Desktop/project/hmcs/sponge-city/build/webpack:/server/dao/taskDao.js:13:38)
    at tryCatch (/Users/xu/Desktop/project/hmcs/sponge-city/node_modules/regenerator-runtime/runtime.js:62:40)
    at Generator.invoke [as _invoke] (/Users/xu/Desktop/project/hmcs/sponge-city/node_modules/regenerator-runtime/runtime.js:296:22)
    at Generator.prototype.(anonymous function) [as next] (/Users/xu/Desktop/project/hmcs/sponge-city/node_modules/regenerator-runtime/runtime.js:114:21)
    at step (/Users/xu/Desktop/project/hmcs/sponge-city/build/main.js:5156:191)
    at /Users/xu/Desktop/project/hmcs/sponge-city/build/main.js:5156:437
    at new Promise (<anonymous>)
    at Function.<anonymous> (/Users/xu/Desktop/project/hmcs/sponge-city/build/main.js:5156:99)
    at Function.getOrganizationList (/Users/xu/Desktop/project/hmcs/sponge-city/build/main.js:5202:21)
    at _callee5$ (/Users/xu/Desktop/project/hmcs/sponge-city/build/webpack:/server/services/taskService.js:82:32)
    at tryCatch (/Users/xu/Desktop/project/hmcs/sponge-city/node_modules/regenerator-runtime/runtime.js:62:40)
    at Generator.invoke [as _invoke] (/Users/xu/Desktop/project/hmcs/sponge-city/node_modules/regenerator-runtime/runtime.js:296:22)
    at Generator.prototype.(anonymous function) [as next] (/Users/xu/Desktop/project/hmcs/sponge-city/node_modules/regenerator-runtime/runtime.js:114:21)
    at step (/Users/xu/Desktop/project/hmcs/sponge-city/build/main.js:4644:191)
    at /Users/xu/Desktop/project/hmcs/sponge-city/build/main.js:4644:437
    at new Promise (<anonymous>)
    at /Users/xu/Desktop/project/hmcs/sponge-city/build/main.js:4644:99,
  _ended: false,
  _timeout: undefined,
  _idleNext: null,
  _idlePrev: null,
  _idleStart: null,
  _idleTimeout: -1,
  _repeat: null,
  sql: 'select * from sp_task_organization where parent_id=0',
  values: undefined,
  typeCast: true,
  nestTables: false,
  _resultSet: null,
  _results: [],
  _fields: [],
  _index: 0,
  _loadError: null }
[2018-08-27T09:57:12.355] [INFO] ./logs/sponge-city-2018-08-27.log - sql-format => select * from sp_task_organization where parent_id > 0
[2018-08-27T09:57:12.355] [INFO] ./logs/sponge-city-2018-08-27.log - sql => select * from sp_task_organization where parent_id > 0
[2018-08-27T09:57:12.356] [INFO] ./logs/sponge-city-2018-08-27.log - query => Query {
  _events: {},
  _eventsCount: 0,
  _maxListeners: undefined,
  _callback: [Function],
  _callSite: Error
    at Pool.query (/Users/xu/Desktop/project/hmcs/sponge-city/node_modules/mysql/lib/Pool.js:199:23)
    at CommonDao._query (/Users/xu/Desktop/project/hmcs/sponge-city/build/webpack:/server/dao/commonDao.js:89:24)
    at /Users/xu/Desktop/project/hmcs/sponge-city/build/webpack:/server/dao/commonDao.js:70:12
    at new Promise (<anonymous>)
    at CommonDao.select (/Users/xu/Desktop/project/hmcs/sponge-city/build/webpack:/server/dao/commonDao.js:69:12)
    at Function._callee2$ (/Users/xu/Desktop/project/hmcs/sponge-city/build/webpack:/server/dao/taskDao.js:23:38)
    at tryCatch (/Users/xu/Desktop/project/hmcs/sponge-city/node_modules/regenerator-runtime/runtime.js:62:40)
    at Generator.invoke [as _invoke] (/Users/xu/Desktop/project/hmcs/sponge-city/node_modules/regenerator-runtime/runtime.js:296:22)
    at Generator.prototype.(anonymous function) [as next] (/Users/xu/Desktop/project/hmcs/sponge-city/node_modules/regenerator-runtime/runtime.js:114:21)
    at step (/Users/xu/Desktop/project/hmcs/sponge-city/build/main.js:5156:191)
    at /Users/xu/Desktop/project/hmcs/sponge-city/build/main.js:5156:437
    at new Promise (<anonymous>)
    at Function.<anonymous> (/Users/xu/Desktop/project/hmcs/sponge-city/build/main.js:5156:99)
    at Function.getChildList (/Users/xu/Desktop/project/hmcs/sponge-city/build/main.js:5242:22)
    at _callee5$ (/Users/xu/Desktop/project/hmcs/sponge-city/build/webpack:/server/services/taskService.js:83:33)
    at tryCatch (/Users/xu/Desktop/project/hmcs/sponge-city/node_modules/regenerator-runtime/runtime.js:62:40)
    at Generator.invoke [as _invoke] (/Users/xu/Desktop/project/hmcs/sponge-city/node_modules/regenerator-runtime/runtime.js:296:22)
    at Generator.prototype.(anonymous function) [as next] (/Users/xu/Desktop/project/hmcs/sponge-city/node_modules/regenerator-runtime/runtime.js:114:21)
    at step (/Users/xu/Desktop/project/hmcs/sponge-city/build/main.js:4644:191)
    at /Users/xu/Desktop/project/hmcs/sponge-city/build/main.js:4644:361
    at process._tickCallback (internal/process/next_tick.js:68:7),
  _ended: false,
  _timeout: undefined,
  _idleNext: null,
  _idlePrev: null,
  _idleStart: null,
  _idleTimeout: -1,
  _repeat: null,
  sql: 'select * from sp_task_organization where parent_id > 0',
  values: undefined,
  typeCast: true,
  nestTables: false,
  _resultSet: null,
  _results: [],
  _fields: [],
  _index: 0,
  _loadError: null }
[2018-08-27T11:55:27.578] [INFO] ./logs/sponge-city-2018-08-27.log - sql-format => select * from sp_task_organization where parent_id=0
[2018-08-27T11:55:27.579] [INFO] ./logs/sponge-city-2018-08-27.log - sql => select * from sp_task_organization where parent_id=0
[2018-08-27T11:55:27.581] [INFO] ./logs/sponge-city-2018-08-27.log - query => Query {
  _events: {},
  _eventsCount: 0,
  _maxListeners: undefined,
  _callback: [Function],
  _callSite: Error
    at Pool.query (/Users/xu/Desktop/project/hmcs/sponge-city/node_modules/mysql/lib/Pool.js:199:23)
    at CommonDao._query (/Users/xu/Desktop/project/hmcs/sponge-city/build/webpack:/server/dao/commonDao.js:89:24)
    at /Users/xu/Desktop/project/hmcs/sponge-city/build/webpack:/server/dao/commonDao.js:70:12
    at new Promise (<anonymous>)
    at CommonDao.select (/Users/xu/Desktop/project/hmcs/sponge-city/build/webpack:/server/dao/commonDao.js:69:12)
    at Function._callee$ (/Users/xu/Desktop/project/hmcs/sponge-city/build/webpack:/server/dao/taskDao.js:13:38)
    at tryCatch (/Users/xu/Desktop/project/hmcs/sponge-city/node_modules/regenerator-runtime/runtime.js:62:40)
    at Generator.invoke [as _invoke] (/Users/xu/Desktop/project/hmcs/sponge-city/node_modules/regenerator-runtime/runtime.js:296:22)
    at Generator.prototype.(anonymous function) [as next] (/Users/xu/Desktop/project/hmcs/sponge-city/node_modules/regenerator-runtime/runtime.js:114:21)
    at step (/Users/xu/Desktop/project/hmcs/sponge-city/build/main.js:5156:191)
    at /Users/xu/Desktop/project/hmcs/sponge-city/build/main.js:5156:437
    at new Promise (<anonymous>)
    at Function.<anonymous> (/Users/xu/Desktop/project/hmcs/sponge-city/build/main.js:5156:99)
    at Function.getOrganizationList (/Users/xu/Desktop/project/hmcs/sponge-city/build/main.js:5202:21)
    at _callee5$ (/Users/xu/Desktop/project/hmcs/sponge-city/build/webpack:/server/services/taskService.js:82:32)
    at tryCatch (/Users/xu/Desktop/project/hmcs/sponge-city/node_modules/regenerator-runtime/runtime.js:62:40)
    at Generator.invoke [as _invoke] (/Users/xu/Desktop/project/hmcs/sponge-city/node_modules/regenerator-runtime/runtime.js:296:22)
    at Generator.prototype.(anonymous function) [as next] (/Users/xu/Desktop/project/hmcs/sponge-city/node_modules/regenerator-runtime/runtime.js:114:21)
    at step (/Users/xu/Desktop/project/hmcs/sponge-city/build/main.js:4644:191)
    at /Users/xu/Desktop/project/hmcs/sponge-city/build/main.js:4644:437
    at new Promise (<anonymous>)
    at /Users/xu/Desktop/project/hmcs/sponge-city/build/main.js:4644:99,
  _ended: false,
  _timeout: undefined,
  _idleNext: null,
  _idlePrev: null,
  _idleStart: null,
  _idleTimeout: -1,
  _repeat: null,
  sql: 'select * from sp_task_organization where parent_id=0',
  values: undefined,
  typeCast: true,
  nestTables: false,
  _resultSet: null,
  _results: [],
  _fields: [],
  _index: 0,
  _loadError: null }
[2018-08-27T11:55:27.589] [INFO] ./logs/sponge-city-2018-08-27.log - sql-format => select * from sp_task_organization where parent_id > 0
[2018-08-27T11:55:27.589] [INFO] ./logs/sponge-city-2018-08-27.log - sql => select * from sp_task_organization where parent_id > 0
[2018-08-27T11:55:27.592] [INFO] ./logs/sponge-city-2018-08-27.log - query => Query {
  _events: {},
  _eventsCount: 0,
  _maxListeners: undefined,
  _callback: [Function],
  _callSite: Error
    at Pool.query (/Users/xu/Desktop/project/hmcs/sponge-city/node_modules/mysql/lib/Pool.js:199:23)
    at CommonDao._query (/Users/xu/Desktop/project/hmcs/sponge-city/build/webpack:/server/dao/commonDao.js:89:24)
    at /Users/xu/Desktop/project/hmcs/sponge-city/build/webpack:/server/dao/commonDao.js:70:12
    at new Promise (<anonymous>)
    at CommonDao.select (/Users/xu/Desktop/project/hmcs/sponge-city/build/webpack:/server/dao/commonDao.js:69:12)
    at Function._callee2$ (/Users/xu/Desktop/project/hmcs/sponge-city/build/webpack:/server/dao/taskDao.js:23:38)
    at tryCatch (/Users/xu/Desktop/project/hmcs/sponge-city/node_modules/regenerator-runtime/runtime.js:62:40)
    at Generator.invoke [as _invoke] (/Users/xu/Desktop/project/hmcs/sponge-city/node_modules/regenerator-runtime/runtime.js:296:22)
    at Generator.prototype.(anonymous function) [as next] (/Users/xu/Desktop/project/hmcs/sponge-city/node_modules/regenerator-runtime/runtime.js:114:21)
    at step (/Users/xu/Desktop/project/hmcs/sponge-city/build/main.js:5156:191)
    at /Users/xu/Desktop/project/hmcs/sponge-city/build/main.js:5156:437
    at new Promise (<anonymous>)
    at Function.<anonymous> (/Users/xu/Desktop/project/hmcs/sponge-city/build/main.js:5156:99)
    at Function.getChildList (/Users/xu/Desktop/project/hmcs/sponge-city/build/main.js:5242:22)
    at _callee5$ (/Users/xu/Desktop/project/hmcs/sponge-city/build/webpack:/server/services/taskService.js:83:33)
    at tryCatch (/Users/xu/Desktop/project/hmcs/sponge-city/node_modules/regenerator-runtime/runtime.js:62:40)
    at Generator.invoke [as _invoke] (/Users/xu/Desktop/project/hmcs/sponge-city/node_modules/regenerator-runtime/runtime.js:296:22)
    at Generator.prototype.(anonymous function) [as next] (/Users/xu/Desktop/project/hmcs/sponge-city/node_modules/regenerator-runtime/runtime.js:114:21)
    at step (/Users/xu/Desktop/project/hmcs/sponge-city/build/main.js:4644:191)
    at /Users/xu/Desktop/project/hmcs/sponge-city/build/main.js:4644:361
    at process._tickCallback (internal/process/next_tick.js:68:7),
  _ended: false,
  _timeout: undefined,
  _idleNext: null,
  _idlePrev: null,
  _idleStart: null,
  _idleTimeout: -1,
  _repeat: null,
  sql: 'select * from sp_task_organization where parent_id > 0',
  values: undefined,
  typeCast: true,
  nestTables: false,
  _resultSet: null,
  _results: [],
  _fields: [],
  _index: 0,
  _loadError: null }
[2018-08-27T11:55:29.101] [INFO] ./logs/sponge-city-2018-08-27.log - sql-format => select * from sp_task_organization where parent_id=0
[2018-08-27T11:55:29.101] [INFO] ./logs/sponge-city-2018-08-27.log - sql => select * from sp_task_organization where parent_id=0
[2018-08-27T11:55:29.101] [INFO] ./logs/sponge-city-2018-08-27.log - query => Query {
  _events: {},
  _eventsCount: 0,
  _maxListeners: undefined,
  _callback: [Function],
  _callSite: Error
    at Pool.query (/Users/xu/Desktop/project/hmcs/sponge-city/node_modules/mysql/lib/Pool.js:199:23)
    at CommonDao._query (/Users/xu/Desktop/project/hmcs/sponge-city/build/webpack:/server/dao/commonDao.js:89:24)
    at /Users/xu/Desktop/project/hmcs/sponge-city/build/webpack:/server/dao/commonDao.js:70:12
    at new Promise (<anonymous>)
    at CommonDao.select (/Users/xu/Desktop/project/hmcs/sponge-city/build/webpack:/server/dao/commonDao.js:69:12)
    at Function._callee$ (/Users/xu/Desktop/project/hmcs/sponge-city/build/webpack:/server/dao/taskDao.js:13:38)
    at tryCatch (/Users/xu/Desktop/project/hmcs/sponge-city/node_modules/regenerator-runtime/runtime.js:62:40)
    at Generator.invoke [as _invoke] (/Users/xu/Desktop/project/hmcs/sponge-city/node_modules/regenerator-runtime/runtime.js:296:22)
    at Generator.prototype.(anonymous function) [as next] (/Users/xu/Desktop/project/hmcs/sponge-city/node_modules/regenerator-runtime/runtime.js:114:21)
    at step (/Users/xu/Desktop/project/hmcs/sponge-city/build/main.js:5156:191)
    at /Users/xu/Desktop/project/hmcs/sponge-city/build/main.js:5156:437
    at new Promise (<anonymous>)
    at Function.<anonymous> (/Users/xu/Desktop/project/hmcs/sponge-city/build/main.js:5156:99)
    at Function.getOrganizationList (/Users/xu/Desktop/project/hmcs/sponge-city/build/main.js:5202:21)
    at _callee5$ (/Users/xu/Desktop/project/hmcs/sponge-city/build/webpack:/server/services/taskService.js:82:32)
    at tryCatch (/Users/xu/Desktop/project/hmcs/sponge-city/node_modules/regenerator-runtime/runtime.js:62:40)
    at Generator.invoke [as _invoke] (/Users/xu/Desktop/project/hmcs/sponge-city/node_modules/regenerator-runtime/runtime.js:296:22)
    at Generator.prototype.(anonymous function) [as next] (/Users/xu/Desktop/project/hmcs/sponge-city/node_modules/regenerator-runtime/runtime.js:114:21)
    at step (/Users/xu/Desktop/project/hmcs/sponge-city/build/main.js:4644:191)
    at /Users/xu/Desktop/project/hmcs/sponge-city/build/main.js:4644:437
    at new Promise (<anonymous>)
    at /Users/xu/Desktop/project/hmcs/sponge-city/build/main.js:4644:99,
  _ended: false,
  _timeout: undefined,
  _idleNext: null,
  _idlePrev: null,
  _idleStart: null,
  _idleTimeout: -1,
  _repeat: null,
  sql: 'select * from sp_task_organization where parent_id=0',
  values: undefined,
  typeCast: true,
  nestTables: false,
  _resultSet: null,
  _results: [],
  _fields: [],
  _index: 0,
  _loadError: null }
[2018-08-27T11:55:29.107] [INFO] ./logs/sponge-city-2018-08-27.log - sql-format => select * from sp_task_organization where parent_id > 0
[2018-08-27T11:55:29.107] [INFO] ./logs/sponge-city-2018-08-27.log - sql => select * from sp_task_organization where parent_id > 0
[2018-08-27T11:55:29.107] [INFO] ./logs/sponge-city-2018-08-27.log - query => Query {
  _events: {},
  _eventsCount: 0,
  _maxListeners: undefined,
  _callback: [Function],
  _callSite: Error
    at Pool.query (/Users/xu/Desktop/project/hmcs/sponge-city/node_modules/mysql/lib/Pool.js:199:23)
    at CommonDao._query (/Users/xu/Desktop/project/hmcs/sponge-city/build/webpack:/server/dao/commonDao.js:89:24)
    at /Users/xu/Desktop/project/hmcs/sponge-city/build/webpack:/server/dao/commonDao.js:70:12
    at new Promise (<anonymous>)
    at CommonDao.select (/Users/xu/Desktop/project/hmcs/sponge-city/build/webpack:/server/dao/commonDao.js:69:12)
    at Function._callee2$ (/Users/xu/Desktop/project/hmcs/sponge-city/build/webpack:/server/dao/taskDao.js:23:38)
    at tryCatch (/Users/xu/Desktop/project/hmcs/sponge-city/node_modules/regenerator-runtime/runtime.js:62:40)
    at Generator.invoke [as _invoke] (/Users/xu/Desktop/project/hmcs/sponge-city/node_modules/regenerator-runtime/runtime.js:296:22)
    at Generator.prototype.(anonymous function) [as next] (/Users/xu/Desktop/project/hmcs/sponge-city/node_modules/regenerator-runtime/runtime.js:114:21)
    at step (/Users/xu/Desktop/project/hmcs/sponge-city/build/main.js:5156:191)
    at /Users/xu/Desktop/project/hmcs/sponge-city/build/main.js:5156:437
    at new Promise (<anonymous>)
    at Function.<anonymous> (/Users/xu/Desktop/project/hmcs/sponge-city/build/main.js:5156:99)
    at Function.getChildList (/Users/xu/Desktop/project/hmcs/sponge-city/build/main.js:5242:22)
    at _callee5$ (/Users/xu/Desktop/project/hmcs/sponge-city/build/webpack:/server/services/taskService.js:83:33)
    at tryCatch (/Users/xu/Desktop/project/hmcs/sponge-city/node_modules/regenerator-runtime/runtime.js:62:40)
    at Generator.invoke [as _invoke] (/Users/xu/Desktop/project/hmcs/sponge-city/node_modules/regenerator-runtime/runtime.js:296:22)
    at Generator.prototype.(anonymous function) [as next] (/Users/xu/Desktop/project/hmcs/sponge-city/node_modules/regenerator-runtime/runtime.js:114:21)
    at step (/Users/xu/Desktop/project/hmcs/sponge-city/build/main.js:4644:191)
    at /Users/xu/Desktop/project/hmcs/sponge-city/build/main.js:4644:361
    at process._tickCallback (internal/process/next_tick.js:68:7),
  _ended: false,
  _timeout: undefined,
  _idleNext: null,
  _idlePrev: null,
  _idleStart: null,
  _idleTimeout: -1,
  _repeat: null,
  sql: 'select * from sp_task_organization where parent_id > 0',
  values: undefined,
  typeCast: true,
  nestTables: false,
  _resultSet: null,
  _results: [],
  _fields: [],
  _index: 0,
  _loadError: null }
[2018-08-27T11:55:32.750] [INFO] ./logs/sponge-city-2018-08-27.log - sql-format => select * from sp_task_organization where parent_id=0
[2018-08-27T11:55:32.750] [INFO] ./logs/sponge-city-2018-08-27.log - sql => select * from sp_task_organization where parent_id=0
[2018-08-27T11:55:32.750] [INFO] ./logs/sponge-city-2018-08-27.log - query => Query {
  _events: {},
  _eventsCount: 0,
  _maxListeners: undefined,
  _callback: [Function],
  _callSite: Error
    at Pool.query (/Users/xu/Desktop/project/hmcs/sponge-city/node_modules/mysql/lib/Pool.js:199:23)
    at CommonDao._query (/Users/xu/Desktop/project/hmcs/sponge-city/build/webpack:/server/dao/commonDao.js:89:24)
    at /Users/xu/Desktop/project/hmcs/sponge-city/build/webpack:/server/dao/commonDao.js:70:12
    at new Promise (<anonymous>)
    at CommonDao.select (/Users/xu/Desktop/project/hmcs/sponge-city/build/webpack:/server/dao/commonDao.js:69:12)
    at Function._callee$ (/Users/xu/Desktop/project/hmcs/sponge-city/build/webpack:/server/dao/taskDao.js:13:38)
    at tryCatch (/Users/xu/Desktop/project/hmcs/sponge-city/node_modules/regenerator-runtime/runtime.js:62:40)
    at Generator.invoke [as _invoke] (/Users/xu/Desktop/project/hmcs/sponge-city/node_modules/regenerator-runtime/runtime.js:296:22)
    at Generator.prototype.(anonymous function) [as next] (/Users/xu/Desktop/project/hmcs/sponge-city/node_modules/regenerator-runtime/runtime.js:114:21)
    at step (/Users/xu/Desktop/project/hmcs/sponge-city/build/main.js:5156:191)
    at /Users/xu/Desktop/project/hmcs/sponge-city/build/main.js:5156:437
    at new Promise (<anonymous>)
    at Function.<anonymous> (/Users/xu/Desktop/project/hmcs/sponge-city/build/main.js:5156:99)
    at Function.getOrganizationList (/Users/xu/Desktop/project/hmcs/sponge-city/build/main.js:5202:21)
    at _callee5$ (/Users/xu/Desktop/project/hmcs/sponge-city/build/webpack:/server/services/taskService.js:82:32)
    at tryCatch (/Users/xu/Desktop/project/hmcs/sponge-city/node_modules/regenerator-runtime/runtime.js:62:40)
    at Generator.invoke [as _invoke] (/Users/xu/Desktop/project/hmcs/sponge-city/node_modules/regenerator-runtime/runtime.js:296:22)
    at Generator.prototype.(anonymous function) [as next] (/Users/xu/Desktop/project/hmcs/sponge-city/node_modules/regenerator-runtime/runtime.js:114:21)
    at step (/Users/xu/Desktop/project/hmcs/sponge-city/build/main.js:4644:191)
    at /Users/xu/Desktop/project/hmcs/sponge-city/build/main.js:4644:437
    at new Promise (<anonymous>)
    at /Users/xu/Desktop/project/hmcs/sponge-city/build/main.js:4644:99,
  _ended: false,
  _timeout: undefined,
  _idleNext: null,
  _idlePrev: null,
  _idleStart: null,
  _idleTimeout: -1,
  _repeat: null,
  sql: 'select * from sp_task_organization where parent_id=0',
  values: undefined,
  typeCast: true,
  nestTables: false,
  _resultSet: null,
  _results: [],
  _fields: [],
  _index: 0,
  _loadError: null }
[2018-08-27T11:55:32.758] [INFO] ./logs/sponge-city-2018-08-27.log - sql-format => select * from sp_task_organization where parent_id > 0
[2018-08-27T11:55:32.758] [INFO] ./logs/sponge-city-2018-08-27.log - sql => select * from sp_task_organization where parent_id > 0
[2018-08-27T11:55:32.758] [INFO] ./logs/sponge-city-2018-08-27.log - query => Query {
  _events: {},
  _eventsCount: 0,
  _maxListeners: undefined,
  _callback: [Function],
  _callSite: Error
    at Pool.query (/Users/xu/Desktop/project/hmcs/sponge-city/node_modules/mysql/lib/Pool.js:199:23)
    at CommonDao._query (/Users/xu/Desktop/project/hmcs/sponge-city/build/webpack:/server/dao/commonDao.js:89:24)
    at /Users/xu/Desktop/project/hmcs/sponge-city/build/webpack:/server/dao/commonDao.js:70:12
    at new Promise (<anonymous>)
    at CommonDao.select (/Users/xu/Desktop/project/hmcs/sponge-city/build/webpack:/server/dao/commonDao.js:69:12)
    at Function._callee2$ (/Users/xu/Desktop/project/hmcs/sponge-city/build/webpack:/server/dao/taskDao.js:23:38)
    at tryCatch (/Users/xu/Desktop/project/hmcs/sponge-city/node_modules/regenerator-runtime/runtime.js:62:40)
    at Generator.invoke [as _invoke] (/Users/xu/Desktop/project/hmcs/sponge-city/node_modules/regenerator-runtime/runtime.js:296:22)
    at Generator.prototype.(anonymous function) [as next] (/Users/xu/Desktop/project/hmcs/sponge-city/node_modules/regenerator-runtime/runtime.js:114:21)
    at step (/Users/xu/Desktop/project/hmcs/sponge-city/build/main.js:5156:191)
    at /Users/xu/Desktop/project/hmcs/sponge-city/build/main.js:5156:437
    at new Promise (<anonymous>)
    at Function.<anonymous> (/Users/xu/Desktop/project/hmcs/sponge-city/build/main.js:5156:99)
    at Function.getChildList (/Users/xu/Desktop/project/hmcs/sponge-city/build/main.js:5242:22)
    at _callee5$ (/Users/xu/Desktop/project/hmcs/sponge-city/build/webpack:/server/services/taskService.js:83:33)
    at tryCatch (/Users/xu/Desktop/project/hmcs/sponge-city/node_modules/regenerator-runtime/runtime.js:62:40)
    at Generator.invoke [as _invoke] (/Users/xu/Desktop/project/hmcs/sponge-city/node_modules/regenerator-runtime/runtime.js:296:22)
    at Generator.prototype.(anonymous function) [as next] (/Users/xu/Desktop/project/hmcs/sponge-city/node_modules/regenerator-runtime/runtime.js:114:21)
    at step (/Users/xu/Desktop/project/hmcs/sponge-city/build/main.js:4644:191)
    at /Users/xu/Desktop/project/hmcs/sponge-city/build/main.js:4644:361
    at process._tickCallback (internal/process/next_tick.js:68:7),
  _ended: false,
  _timeout: undefined,
  _idleNext: null,
  _idlePrev: null,
  _idleStart: null,
  _idleTimeout: -1,
  _repeat: null,
  sql: 'select * from sp_task_organization where parent_id > 0',
  values: undefined,
  typeCast: true,
  nestTables: false,
  _resultSet: null,
  _results: [],
  _fields: [],
  _index: 0,
  _loadError: null }
[2018-08-27T18:11:52.696] [INFO] ./logs/sponge-city-2018-08-27.log - sql-format => select * from sp_task_organization where parent_id=0
[2018-08-27T18:11:52.700] [INFO] ./logs/sponge-city-2018-08-27.log - sql => select * from sp_task_organization where parent_id=0
[2018-08-27T18:11:52.711] [INFO] ./logs/sponge-city-2018-08-27.log - query => Query {
  _events: {},
  _eventsCount: 0,
  _maxListeners: undefined,
  _callback: [Function],
  _callSite: Error
    at Pool.query (/Users/xu/Desktop/project/hmcs/sponge-city/node_modules/mysql/lib/Pool.js:199:23)
    at CommonDao._query (/Users/xu/Desktop/project/hmcs/sponge-city/build/webpack:/server/dao/commonDao.js:89:24)
    at /Users/xu/Desktop/project/hmcs/sponge-city/build/webpack:/server/dao/commonDao.js:70:12
    at new Promise (<anonymous>)
    at CommonDao.select (/Users/xu/Desktop/project/hmcs/sponge-city/build/webpack:/server/dao/commonDao.js:69:12)
    at Function._callee$ (/Users/xu/Desktop/project/hmcs/sponge-city/build/webpack:/server/dao/taskDao.js:13:38)
    at tryCatch (/Users/xu/Desktop/project/hmcs/sponge-city/node_modules/regenerator-runtime/runtime.js:62:40)
    at Generator.invoke [as _invoke] (/Users/xu/Desktop/project/hmcs/sponge-city/node_modules/regenerator-runtime/runtime.js:296:22)
    at Generator.prototype.(anonymous function) [as next] (/Users/xu/Desktop/project/hmcs/sponge-city/node_modules/regenerator-runtime/runtime.js:114:21)
    at step (/Users/xu/Desktop/project/hmcs/sponge-city/build/main.js:5156:191)
    at /Users/xu/Desktop/project/hmcs/sponge-city/build/main.js:5156:437
    at new Promise (<anonymous>)
    at Function.<anonymous> (/Users/xu/Desktop/project/hmcs/sponge-city/build/main.js:5156:99)
    at Function.getOrganizationList (/Users/xu/Desktop/project/hmcs/sponge-city/build/main.js:5202:21)
    at _callee5$ (/Users/xu/Desktop/project/hmcs/sponge-city/build/webpack:/server/services/taskService.js:82:32)
    at tryCatch (/Users/xu/Desktop/project/hmcs/sponge-city/node_modules/regenerator-runtime/runtime.js:62:40)
    at Generator.invoke [as _invoke] (/Users/xu/Desktop/project/hmcs/sponge-city/node_modules/regenerator-runtime/runtime.js:296:22)
    at Generator.prototype.(anonymous function) [as next] (/Users/xu/Desktop/project/hmcs/sponge-city/node_modules/regenerator-runtime/runtime.js:114:21)
    at step (/Users/xu/Desktop/project/hmcs/sponge-city/build/main.js:4644:191)
    at /Users/xu/Desktop/project/hmcs/sponge-city/build/main.js:4644:437
    at new Promise (<anonymous>)
    at /Users/xu/Desktop/project/hmcs/sponge-city/build/main.js:4644:99,
  _ended: false,
  _timeout: undefined,
  _idleNext: null,
  _idlePrev: null,
  _idleStart: null,
  _idleTimeout: -1,
  _repeat: null,
  sql: 'select * from sp_task_organization where parent_id=0',
  values: undefined,
  typeCast: true,
  nestTables: false,
  _resultSet: null,
  _results: [],
  _fields: [],
  _index: 0,
  _loadError: null }
[2018-08-27T18:11:52.865] [INFO] ./logs/sponge-city-2018-08-27.log - sql-format => select * from sp_task_organization where parent_id > 0
[2018-08-27T18:11:52.865] [INFO] ./logs/sponge-city-2018-08-27.log - sql => select * from sp_task_organization where parent_id > 0
[2018-08-27T18:11:52.866] [INFO] ./logs/sponge-city-2018-08-27.log - query => Query {
  _events: {},
  _eventsCount: 0,
  _maxListeners: undefined,
  _callback: [Function],
  _callSite: Error
    at Pool.query (/Users/xu/Desktop/project/hmcs/sponge-city/node_modules/mysql/lib/Pool.js:199:23)
    at CommonDao._query (/Users/xu/Desktop/project/hmcs/sponge-city/build/webpack:/server/dao/commonDao.js:89:24)
    at /Users/xu/Desktop/project/hmcs/sponge-city/build/webpack:/server/dao/commonDao.js:70:12
    at new Promise (<anonymous>)
    at CommonDao.select (/Users/xu/Desktop/project/hmcs/sponge-city/build/webpack:/server/dao/commonDao.js:69:12)
    at Function._callee2$ (/Users/xu/Desktop/project/hmcs/sponge-city/build/webpack:/server/dao/taskDao.js:23:38)
    at tryCatch (/Users/xu/Desktop/project/hmcs/sponge-city/node_modules/regenerator-runtime/runtime.js:62:40)
    at Generator.invoke [as _invoke] (/Users/xu/Desktop/project/hmcs/sponge-city/node_modules/regenerator-runtime/runtime.js:296:22)
    at Generator.prototype.(anonymous function) [as next] (/Users/xu/Desktop/project/hmcs/sponge-city/node_modules/regenerator-runtime/runtime.js:114:21)
    at step (/Users/xu/Desktop/project/hmcs/sponge-city/build/main.js:5156:191)
    at /Users/xu/Desktop/project/hmcs/sponge-city/build/main.js:5156:437
    at new Promise (<anonymous>)
    at Function.<anonymous> (/Users/xu/Desktop/project/hmcs/sponge-city/build/main.js:5156:99)
    at Function.getChildList (/Users/xu/Desktop/project/hmcs/sponge-city/build/main.js:5242:22)
    at _callee5$ (/Users/xu/Desktop/project/hmcs/sponge-city/build/webpack:/server/services/taskService.js:83:33)
    at tryCatch (/Users/xu/Desktop/project/hmcs/sponge-city/node_modules/regenerator-runtime/runtime.js:62:40)
    at Generator.invoke [as _invoke] (/Users/xu/Desktop/project/hmcs/sponge-city/node_modules/regenerator-runtime/runtime.js:296:22)
    at Generator.prototype.(anonymous function) [as next] (/Users/xu/Desktop/project/hmcs/sponge-city/node_modules/regenerator-runtime/runtime.js:114:21)
    at step (/Users/xu/Desktop/project/hmcs/sponge-city/build/main.js:4644:191)
    at /Users/xu/Desktop/project/hmcs/sponge-city/build/main.js:4644:361
    at process._tickCallback (internal/process/next_tick.js:68:7),
  _ended: false,
  _timeout: undefined,
  _idleNext: null,
  _idlePrev: null,
  _idleStart: null,
  _idleTimeout: -1,
  _repeat: null,
  sql: 'select * from sp_task_organization where parent_id > 0',
  values: undefined,
  typeCast: true,
  nestTables: false,
  _resultSet: null,
  _results: [],
  _fields: [],
  _index: 0,
  _loadError: null }
[2018-08-27T18:33:17.537] [INFO] ./logs/sponge-city-2018-08-27.log - sql-format => select * from sp_task_organization where parent_id=0
[2018-08-27T18:33:17.537] [INFO] ./logs/sponge-city-2018-08-27.log - sql => select * from sp_task_organization where parent_id=0
[2018-08-27T18:33:17.538] [INFO] ./logs/sponge-city-2018-08-27.log - query => Query {
  _events: {},
  _eventsCount: 0,
  _maxListeners: undefined,
  _callback: [Function],
  _callSite: Error
    at Pool.query (/Users/xu/Desktop/project/hmcs/sponge-city/node_modules/mysql/lib/Pool.js:199:23)
    at CommonDao._query (/Users/xu/Desktop/project/hmcs/sponge-city/build/webpack:/server/dao/commonDao.js:89:24)
    at /Users/xu/Desktop/project/hmcs/sponge-city/build/webpack:/server/dao/commonDao.js:70:12
    at new Promise (<anonymous>)
    at CommonDao.select (/Users/xu/Desktop/project/hmcs/sponge-city/build/webpack:/server/dao/commonDao.js:69:12)
    at Function._callee$ (/Users/xu/Desktop/project/hmcs/sponge-city/build/webpack:/server/dao/taskDao.js:13:38)
    at tryCatch (/Users/xu/Desktop/project/hmcs/sponge-city/node_modules/regenerator-runtime/runtime.js:62:40)
    at Generator.invoke [as _invoke] (/Users/xu/Desktop/project/hmcs/sponge-city/node_modules/regenerator-runtime/runtime.js:296:22)
    at Generator.prototype.(anonymous function) [as next] (/Users/xu/Desktop/project/hmcs/sponge-city/node_modules/regenerator-runtime/runtime.js:114:21)
    at step (/Users/xu/Desktop/project/hmcs/sponge-city/build/main.js:5156:191)
    at /Users/xu/Desktop/project/hmcs/sponge-city/build/main.js:5156:437
    at new Promise (<anonymous>)
    at Function.<anonymous> (/Users/xu/Desktop/project/hmcs/sponge-city/build/main.js:5156:99)
    at Function.getOrganizationList (/Users/xu/Desktop/project/hmcs/sponge-city/build/main.js:5202:21)
    at _callee5$ (/Users/xu/Desktop/project/hmcs/sponge-city/build/webpack:/server/services/taskService.js:82:32)
    at tryCatch (/Users/xu/Desktop/project/hmcs/sponge-city/node_modules/regenerator-runtime/runtime.js:62:40)
    at Generator.invoke [as _invoke] (/Users/xu/Desktop/project/hmcs/sponge-city/node_modules/regenerator-runtime/runtime.js:296:22)
    at Generator.prototype.(anonymous function) [as next] (/Users/xu/Desktop/project/hmcs/sponge-city/node_modules/regenerator-runtime/runtime.js:114:21)
    at step (/Users/xu/Desktop/project/hmcs/sponge-city/build/main.js:4644:191)
    at /Users/xu/Desktop/project/hmcs/sponge-city/build/main.js:4644:437
    at new Promise (<anonymous>)
    at /Users/xu/Desktop/project/hmcs/sponge-city/build/main.js:4644:99,
  _ended: false,
  _timeout: undefined,
  _idleNext: null,
  _idlePrev: null,
  _idleStart: null,
  _idleTimeout: -1,
  _repeat: null,
  sql: 'select * from sp_task_organization where parent_id=0',
  values: undefined,
  typeCast: true,
  nestTables: false,
  _resultSet: null,
  _results: [],
  _fields: [],
  _index: 0,
  _loadError: null }
[2018-08-27T18:33:17.545] [INFO] ./logs/sponge-city-2018-08-27.log - sql-format => select * from sp_task_organization where parent_id > 0
[2018-08-27T18:33:17.545] [INFO] ./logs/sponge-city-2018-08-27.log - sql => select * from sp_task_organization where parent_id > 0
[2018-08-27T18:33:17.545] [INFO] ./logs/sponge-city-2018-08-27.log - query => Query {
  _events: {},
  _eventsCount: 0,
  _maxListeners: undefined,
  _callback: [Function],
  _callSite: Error
    at Pool.query (/Users/xu/Desktop/project/hmcs/sponge-city/node_modules/mysql/lib/Pool.js:199:23)
    at CommonDao._query (/Users/xu/Desktop/project/hmcs/sponge-city/build/webpack:/server/dao/commonDao.js:89:24)
    at /Users/xu/Desktop/project/hmcs/sponge-city/build/webpack:/server/dao/commonDao.js:70:12
    at new Promise (<anonymous>)
    at CommonDao.select (/Users/xu/Desktop/project/hmcs/sponge-city/build/webpack:/server/dao/commonDao.js:69:12)
    at Function._callee2$ (/Users/xu/Desktop/project/hmcs/sponge-city/build/webpack:/server/dao/taskDao.js:23:38)
    at tryCatch (/Users/xu/Desktop/project/hmcs/sponge-city/node_modules/regenerator-runtime/runtime.js:62:40)
    at Generator.invoke [as _invoke] (/Users/xu/Desktop/project/hmcs/sponge-city/node_modules/regenerator-runtime/runtime.js:296:22)
    at Generator.prototype.(anonymous function) [as next] (/Users/xu/Desktop/project/hmcs/sponge-city/node_modules/regenerator-runtime/runtime.js:114:21)
    at step (/Users/xu/Desktop/project/hmcs/sponge-city/build/main.js:5156:191)
    at /Users/xu/Desktop/project/hmcs/sponge-city/build/main.js:5156:437
    at new Promise (<anonymous>)
    at Function.<anonymous> (/Users/xu/Desktop/project/hmcs/sponge-city/build/main.js:5156:99)
    at Function.getChildList (/Users/xu/Desktop/project/hmcs/sponge-city/build/main.js:5242:22)
    at _callee5$ (/Users/xu/Desktop/project/hmcs/sponge-city/build/webpack:/server/services/taskService.js:83:33)
    at tryCatch (/Users/xu/Desktop/project/hmcs/sponge-city/node_modules/regenerator-runtime/runtime.js:62:40)
    at Generator.invoke [as _invoke] (/Users/xu/Desktop/project/hmcs/sponge-city/node_modules/regenerator-runtime/runtime.js:296:22)
    at Generator.prototype.(anonymous function) [as next] (/Users/xu/Desktop/project/hmcs/sponge-city/node_modules/regenerator-runtime/runtime.js:114:21)
    at step (/Users/xu/Desktop/project/hmcs/sponge-city/build/main.js:4644:191)
    at /Users/xu/Desktop/project/hmcs/sponge-city/build/main.js:4644:361
    at process._tickCallback (internal/process/next_tick.js:68:7),
  _ended: false,
  _timeout: undefined,
  _idleNext: null,
  _idlePrev: null,
  _idleStart: null,
  _idleTimeout: -1,
  _repeat: null,
  sql: 'select * from sp_task_organization where parent_id > 0',
  values: undefined,
  typeCast: true,
  nestTables: false,
  _resultSet: null,
  _results: [],
  _fields: [],
  _index: 0,
  _loadError: null }
[2018-08-27T18:36:34.637] [INFO] ./logs/sponge-city-2018-08-27.log - sql-format => select * from sp_task_organization where parent_id=0
[2018-08-27T18:36:34.637] [INFO] ./logs/sponge-city-2018-08-27.log - sql => select * from sp_task_organization where parent_id=0
[2018-08-27T18:36:34.637] [INFO] ./logs/sponge-city-2018-08-27.log - query => Query {
  _events: {},
  _eventsCount: 0,
  _maxListeners: undefined,
  _callback: [Function],
  _callSite: Error
    at Pool.query (/Users/xu/Desktop/project/hmcs/sponge-city/node_modules/mysql/lib/Pool.js:199:23)
    at CommonDao._query (/Users/xu/Desktop/project/hmcs/sponge-city/build/webpack:/server/dao/commonDao.js:89:24)
    at /Users/xu/Desktop/project/hmcs/sponge-city/build/webpack:/server/dao/commonDao.js:70:12
    at new Promise (<anonymous>)
    at CommonDao.select (/Users/xu/Desktop/project/hmcs/sponge-city/build/webpack:/server/dao/commonDao.js:69:12)
    at Function._callee$ (/Users/xu/Desktop/project/hmcs/sponge-city/build/webpack:/server/dao/taskDao.js:13:38)
    at tryCatch (/Users/xu/Desktop/project/hmcs/sponge-city/node_modules/regenerator-runtime/runtime.js:62:40)
    at Generator.invoke [as _invoke] (/Users/xu/Desktop/project/hmcs/sponge-city/node_modules/regenerator-runtime/runtime.js:296:22)
    at Generator.prototype.(anonymous function) [as next] (/Users/xu/Desktop/project/hmcs/sponge-city/node_modules/regenerator-runtime/runtime.js:114:21)
    at step (/Users/xu/Desktop/project/hmcs/sponge-city/build/main.js:5156:191)
    at /Users/xu/Desktop/project/hmcs/sponge-city/build/main.js:5156:437
    at new Promise (<anonymous>)
    at Function.<anonymous> (/Users/xu/Desktop/project/hmcs/sponge-city/build/main.js:5156:99)
    at Function.getOrganizationList (/Users/xu/Desktop/project/hmcs/sponge-city/build/main.js:5202:21)
    at _callee5$ (/Users/xu/Desktop/project/hmcs/sponge-city/build/webpack:/server/services/taskService.js:82:32)
    at tryCatch (/Users/xu/Desktop/project/hmcs/sponge-city/node_modules/regenerator-runtime/runtime.js:62:40)
    at Generator.invoke [as _invoke] (/Users/xu/Desktop/project/hmcs/sponge-city/node_modules/regenerator-runtime/runtime.js:296:22)
    at Generator.prototype.(anonymous function) [as next] (/Users/xu/Desktop/project/hmcs/sponge-city/node_modules/regenerator-runtime/runtime.js:114:21)
    at step (/Users/xu/Desktop/project/hmcs/sponge-city/build/main.js:4644:191)
    at /Users/xu/Desktop/project/hmcs/sponge-city/build/main.js:4644:437
    at new Promise (<anonymous>)
    at /Users/xu/Desktop/project/hmcs/sponge-city/build/main.js:4644:99,
  _ended: false,
  _timeout: undefined,
  _idleNext: null,
  _idlePrev: null,
  _idleStart: null,
  _idleTimeout: -1,
  _repeat: null,
  sql: 'select * from sp_task_organization where parent_id=0',
  values: undefined,
  typeCast: true,
  nestTables: false,
  _resultSet: null,
  _results: [],
  _fields: [],
  _index: 0,
  _loadError: null }
[2018-08-27T18:36:34.644] [INFO] ./logs/sponge-city-2018-08-27.log - sql-format => select * from sp_task_organization where parent_id > 0
[2018-08-27T18:36:34.644] [INFO] ./logs/sponge-city-2018-08-27.log - sql => select * from sp_task_organization where parent_id > 0
[2018-08-27T18:36:34.645] [INFO] ./logs/sponge-city-2018-08-27.log - query => Query {
  _events: {},
  _eventsCount: 0,
  _maxListeners: undefined,
  _callback: [Function],
  _callSite: Error
    at Pool.query (/Users/xu/Desktop/project/hmcs/sponge-city/node_modules/mysql/lib/Pool.js:199:23)
    at CommonDao._query (/Users/xu/Desktop/project/hmcs/sponge-city/build/webpack:/server/dao/commonDao.js:89:24)
    at /Users/xu/Desktop/project/hmcs/sponge-city/build/webpack:/server/dao/commonDao.js:70:12
    at new Promise (<anonymous>)
    at CommonDao.select (/Users/xu/Desktop/project/hmcs/sponge-city/build/webpack:/server/dao/commonDao.js:69:12)
    at Function._callee2$ (/Users/xu/Desktop/project/hmcs/sponge-city/build/webpack:/server/dao/taskDao.js:23:38)
    at tryCatch (/Users/xu/Desktop/project/hmcs/sponge-city/node_modules/regenerator-runtime/runtime.js:62:40)
    at Generator.invoke [as _invoke] (/Users/xu/Desktop/project/hmcs/sponge-city/node_modules/regenerator-runtime/runtime.js:296:22)
    at Generator.prototype.(anonymous function) [as next] (/Users/xu/Desktop/project/hmcs/sponge-city/node_modules/regenerator-runtime/runtime.js:114:21)
    at step (/Users/xu/Desktop/project/hmcs/sponge-city/build/main.js:5156:191)
    at /Users/xu/Desktop/project/hmcs/sponge-city/build/main.js:5156:437
    at new Promise (<anonymous>)
    at Function.<anonymous> (/Users/xu/Desktop/project/hmcs/sponge-city/build/main.js:5156:99)
    at Function.getChildList (/Users/xu/Desktop/project/hmcs/sponge-city/build/main.js:5242:22)
    at _callee5$ (/Users/xu/Desktop/project/hmcs/sponge-city/build/webpack:/server/services/taskService.js:83:33)
    at tryCatch (/Users/xu/Desktop/project/hmcs/sponge-city/node_modules/regenerator-runtime/runtime.js:62:40)
    at Generator.invoke [as _invoke] (/Users/xu/Desktop/project/hmcs/sponge-city/node_modules/regenerator-runtime/runtime.js:296:22)
    at Generator.prototype.(anonymous function) [as next] (/Users/xu/Desktop/project/hmcs/sponge-city/node_modules/regenerator-runtime/runtime.js:114:21)
    at step (/Users/xu/Desktop/project/hmcs/sponge-city/build/main.js:4644:191)
    at /Users/xu/Desktop/project/hmcs/sponge-city/build/main.js:4644:361
    at process._tickCallback (internal/process/next_tick.js:68:7),
  _ended: false,
  _timeout: undefined,
  _idleNext: null,
  _idlePrev: null,
  _idleStart: null,
  _idleTimeout: -1,
  _repeat: null,
  sql: 'select * from sp_task_organization where parent_id > 0',
  values: undefined,
  typeCast: true,
  nestTables: false,
  _resultSet: null,
  _results: [],
  _fields: [],
  _index: 0,
  _loadError: null }
[2018-08-27T18:57:25.275] [INFO] ./logs/sponge-city-2018-08-27.log - sql-format => select * from sp_task_organization where parent_id=0
[2018-08-27T18:57:25.275] [INFO] ./logs/sponge-city-2018-08-27.log - sql => select * from sp_task_organization where parent_id=0
[2018-08-27T18:57:25.276] [INFO] ./logs/sponge-city-2018-08-27.log - query => Query {
  _events: {},
  _eventsCount: 0,
  _maxListeners: undefined,
  _callback: [Function],
  _callSite: Error
    at Pool.query (/Users/xu/Desktop/project/hmcs/sponge-city/node_modules/mysql/lib/Pool.js:199:23)
    at CommonDao._query (/Users/xu/Desktop/project/hmcs/sponge-city/build/webpack:/server/dao/commonDao.js:89:24)
    at /Users/xu/Desktop/project/hmcs/sponge-city/build/webpack:/server/dao/commonDao.js:70:12
    at new Promise (<anonymous>)
    at CommonDao.select (/Users/xu/Desktop/project/hmcs/sponge-city/build/webpack:/server/dao/commonDao.js:69:12)
    at Function._callee$ (/Users/xu/Desktop/project/hmcs/sponge-city/build/webpack:/server/dao/taskDao.js:13:38)
    at tryCatch (/Users/xu/Desktop/project/hmcs/sponge-city/node_modules/regenerator-runtime/runtime.js:62:40)
    at Generator.invoke [as _invoke] (/Users/xu/Desktop/project/hmcs/sponge-city/node_modules/regenerator-runtime/runtime.js:296:22)
    at Generator.prototype.(anonymous function) [as next] (/Users/xu/Desktop/project/hmcs/sponge-city/node_modules/regenerator-runtime/runtime.js:114:21)
    at step (/Users/xu/Desktop/project/hmcs/sponge-city/build/main.js:5156:191)
    at /Users/xu/Desktop/project/hmcs/sponge-city/build/main.js:5156:437
    at new Promise (<anonymous>)
    at Function.<anonymous> (/Users/xu/Desktop/project/hmcs/sponge-city/build/main.js:5156:99)
    at Function.getOrganizationList (/Users/xu/Desktop/project/hmcs/sponge-city/build/main.js:5202:21)
    at _callee5$ (/Users/xu/Desktop/project/hmcs/sponge-city/build/webpack:/server/services/taskService.js:82:32)
    at tryCatch (/Users/xu/Desktop/project/hmcs/sponge-city/node_modules/regenerator-runtime/runtime.js:62:40)
    at Generator.invoke [as _invoke] (/Users/xu/Desktop/project/hmcs/sponge-city/node_modules/regenerator-runtime/runtime.js:296:22)
    at Generator.prototype.(anonymous function) [as next] (/Users/xu/Desktop/project/hmcs/sponge-city/node_modules/regenerator-runtime/runtime.js:114:21)
    at step (/Users/xu/Desktop/project/hmcs/sponge-city/build/main.js:4644:191)
    at /Users/xu/Desktop/project/hmcs/sponge-city/build/main.js:4644:437
    at new Promise (<anonymous>)
    at /Users/xu/Desktop/project/hmcs/sponge-city/build/main.js:4644:99,
  _ended: false,
  _timeout: undefined,
  _idleNext: null,
  _idlePrev: null,
  _idleStart: null,
  _idleTimeout: -1,
  _repeat: null,
  sql: 'select * from sp_task_organization where parent_id=0',
  values: undefined,
  typeCast: true,
  nestTables: false,
  _resultSet: null,
  _results: [],
  _fields: [],
  _index: 0,
  _loadError: null }
[2018-08-27T18:57:25.284] [INFO] ./logs/sponge-city-2018-08-27.log - sql-format => select * from sp_task_organization where parent_id > 0
[2018-08-27T18:57:25.284] [INFO] ./logs/sponge-city-2018-08-27.log - sql => select * from sp_task_organization where parent_id > 0
[2018-08-27T18:57:25.284] [INFO] ./logs/sponge-city-2018-08-27.log - query => Query {
  _events: {},
  _eventsCount: 0,
  _maxListeners: undefined,
  _callback: [Function],
  _callSite: Error
    at Pool.query (/Users/xu/Desktop/project/hmcs/sponge-city/node_modules/mysql/lib/Pool.js:199:23)
    at CommonDao._query (/Users/xu/Desktop/project/hmcs/sponge-city/build/webpack:/server/dao/commonDao.js:89:24)
    at /Users/xu/Desktop/project/hmcs/sponge-city/build/webpack:/server/dao/commonDao.js:70:12
    at new Promise (<anonymous>)
    at CommonDao.select (/Users/xu/Desktop/project/hmcs/sponge-city/build/webpack:/server/dao/commonDao.js:69:12)
    at Function._callee2$ (/Users/xu/Desktop/project/hmcs/sponge-city/build/webpack:/server/dao/taskDao.js:23:38)
    at tryCatch (/Users/xu/Desktop/project/hmcs/sponge-city/node_modules/regenerator-runtime/runtime.js:62:40)
    at Generator.invoke [as _invoke] (/Users/xu/Desktop/project/hmcs/sponge-city/node_modules/regenerator-runtime/runtime.js:296:22)
    at Generator.prototype.(anonymous function) [as next] (/Users/xu/Desktop/project/hmcs/sponge-city/node_modules/regenerator-runtime/runtime.js:114:21)
    at step (/Users/xu/Desktop/project/hmcs/sponge-city/build/main.js:5156:191)
    at /Users/xu/Desktop/project/hmcs/sponge-city/build/main.js:5156:437
    at new Promise (<anonymous>)
    at Function.<anonymous> (/Users/xu/Desktop/project/hmcs/sponge-city/build/main.js:5156:99)
    at Function.getChildList (/Users/xu/Desktop/project/hmcs/sponge-city/build/main.js:5242:22)
    at _callee5$ (/Users/xu/Desktop/project/hmcs/sponge-city/build/webpack:/server/services/taskService.js:83:33)
    at tryCatch (/Users/xu/Desktop/project/hmcs/sponge-city/node_modules/regenerator-runtime/runtime.js:62:40)
    at Generator.invoke [as _invoke] (/Users/xu/Desktop/project/hmcs/sponge-city/node_modules/regenerator-runtime/runtime.js:296:22)
    at Generator.prototype.(anonymous function) [as next] (/Users/xu/Desktop/project/hmcs/sponge-city/node_modules/regenerator-runtime/runtime.js:114:21)
    at step (/Users/xu/Desktop/project/hmcs/sponge-city/build/main.js:4644:191)
    at /Users/xu/Desktop/project/hmcs/sponge-city/build/main.js:4644:361
    at process._tickCallback (internal/process/next_tick.js:68:7),
  _ended: false,
  _timeout: undefined,
  _idleNext: null,
  _idlePrev: null,
  _idleStart: null,
  _idleTimeout: -1,
  _repeat: null,
  sql: 'select * from sp_task_organization where parent_id > 0',
  values: undefined,
  typeCast: true,
  nestTables: false,
  _resultSet: null,
  _results: [],
  _fields: [],
  _index: 0,
  _loadError: null }
[2018-08-27T18:57:28.355] [INFO] ./logs/sponge-city-2018-08-27.log - sql-format => select * from sp_task_organization where parent_id=0
[2018-08-27T18:57:28.355] [INFO] ./logs/sponge-city-2018-08-27.log - sql => select * from sp_task_organization where parent_id=0
[2018-08-27T18:57:28.356] [INFO] ./logs/sponge-city-2018-08-27.log - query => Query {
  _events: {},
  _eventsCount: 0,
  _maxListeners: undefined,
  _callback: [Function],
  _callSite: Error
    at Pool.query (/Users/xu/Desktop/project/hmcs/sponge-city/node_modules/mysql/lib/Pool.js:199:23)
    at CommonDao._query (/Users/xu/Desktop/project/hmcs/sponge-city/build/webpack:/server/dao/commonDao.js:89:24)
    at /Users/xu/Desktop/project/hmcs/sponge-city/build/webpack:/server/dao/commonDao.js:70:12
    at new Promise (<anonymous>)
    at CommonDao.select (/Users/xu/Desktop/project/hmcs/sponge-city/build/webpack:/server/dao/commonDao.js:69:12)
    at Function._callee$ (/Users/xu/Desktop/project/hmcs/sponge-city/build/webpack:/server/dao/taskDao.js:13:38)
    at tryCatch (/Users/xu/Desktop/project/hmcs/sponge-city/node_modules/regenerator-runtime/runtime.js:62:40)
    at Generator.invoke [as _invoke] (/Users/xu/Desktop/project/hmcs/sponge-city/node_modules/regenerator-runtime/runtime.js:296:22)
    at Generator.prototype.(anonymous function) [as next] (/Users/xu/Desktop/project/hmcs/sponge-city/node_modules/regenerator-runtime/runtime.js:114:21)
    at step (/Users/xu/Desktop/project/hmcs/sponge-city/build/main.js:5156:191)
    at /Users/xu/Desktop/project/hmcs/sponge-city/build/main.js:5156:437
    at new Promise (<anonymous>)
    at Function.<anonymous> (/Users/xu/Desktop/project/hmcs/sponge-city/build/main.js:5156:99)
    at Function.getOrganizationList (/Users/xu/Desktop/project/hmcs/sponge-city/build/main.js:5202:21)
    at _callee5$ (/Users/xu/Desktop/project/hmcs/sponge-city/build/webpack:/server/services/taskService.js:82:32)
    at tryCatch (/Users/xu/Desktop/project/hmcs/sponge-city/node_modules/regenerator-runtime/runtime.js:62:40)
    at Generator.invoke [as _invoke] (/Users/xu/Desktop/project/hmcs/sponge-city/node_modules/regenerator-runtime/runtime.js:296:22)
    at Generator.prototype.(anonymous function) [as next] (/Users/xu/Desktop/project/hmcs/sponge-city/node_modules/regenerator-runtime/runtime.js:114:21)
    at step (/Users/xu/Desktop/project/hmcs/sponge-city/build/main.js:4644:191)
    at /Users/xu/Desktop/project/hmcs/sponge-city/build/main.js:4644:437
    at new Promise (<anonymous>)
    at /Users/xu/Desktop/project/hmcs/sponge-city/build/main.js:4644:99,
  _ended: false,
  _timeout: undefined,
  _idleNext: null,
  _idlePrev: null,
  _idleStart: null,
  _idleTimeout: -1,
  _repeat: null,
  sql: 'select * from sp_task_organization where parent_id=0',
  values: undefined,
  typeCast: true,
  nestTables: false,
  _resultSet: null,
  _results: [],
  _fields: [],
  _index: 0,
  _loadError: null }
[2018-08-27T18:57:28.364] [INFO] ./logs/sponge-city-2018-08-27.log - sql-format => select * from sp_task_organization where parent_id > 0
[2018-08-27T18:57:28.364] [INFO] ./logs/sponge-city-2018-08-27.log - sql => select * from sp_task_organization where parent_id > 0
[2018-08-27T18:57:28.364] [INFO] ./logs/sponge-city-2018-08-27.log - query => Query {
  _events: {},
  _eventsCount: 0,
  _maxListeners: undefined,
  _callback: [Function],
  _callSite: Error
    at Pool.query (/Users/xu/Desktop/project/hmcs/sponge-city/node_modules/mysql/lib/Pool.js:199:23)
    at CommonDao._query (/Users/xu/Desktop/project/hmcs/sponge-city/build/webpack:/server/dao/commonDao.js:89:24)
    at /Users/xu/Desktop/project/hmcs/sponge-city/build/webpack:/server/dao/commonDao.js:70:12
    at new Promise (<anonymous>)
    at CommonDao.select (/Users/xu/Desktop/project/hmcs/sponge-city/build/webpack:/server/dao/commonDao.js:69:12)
    at Function._callee2$ (/Users/xu/Desktop/project/hmcs/sponge-city/build/webpack:/server/dao/taskDao.js:23:38)
    at tryCatch (/Users/xu/Desktop/project/hmcs/sponge-city/node_modules/regenerator-runtime/runtime.js:62:40)
    at Generator.invoke [as _invoke] (/Users/xu/Desktop/project/hmcs/sponge-city/node_modules/regenerator-runtime/runtime.js:296:22)
    at Generator.prototype.(anonymous function) [as next] (/Users/xu/Desktop/project/hmcs/sponge-city/node_modules/regenerator-runtime/runtime.js:114:21)
    at step (/Users/xu/Desktop/project/hmcs/sponge-city/build/main.js:5156:191)
    at /Users/xu/Desktop/project/hmcs/sponge-city/build/main.js:5156:437
    at new Promise (<anonymous>)
    at Function.<anonymous> (/Users/xu/Desktop/project/hmcs/sponge-city/build/main.js:5156:99)
    at Function.getChildList (/Users/xu/Desktop/project/hmcs/sponge-city/build/main.js:5242:22)
    at _callee5$ (/Users/xu/Desktop/project/hmcs/sponge-city/build/webpack:/server/services/taskService.js:83:33)
    at tryCatch (/Users/xu/Desktop/project/hmcs/sponge-city/node_modules/regenerator-runtime/runtime.js:62:40)
    at Generator.invoke [as _invoke] (/Users/xu/Desktop/project/hmcs/sponge-city/node_modules/regenerator-runtime/runtime.js:296:22)
    at Generator.prototype.(anonymous function) [as next] (/Users/xu/Desktop/project/hmcs/sponge-city/node_modules/regenerator-runtime/runtime.js:114:21)
    at step (/Users/xu/Desktop/project/hmcs/sponge-city/build/main.js:4644:191)
    at /Users/xu/Desktop/project/hmcs/sponge-city/build/main.js:4644:361
    at process._tickCallback (internal/process/next_tick.js:68:7),
  _ended: false,
  _timeout: undefined,
  _idleNext: null,
  _idlePrev: null,
  _idleStart: null,
  _idleTimeout: -1,
  _repeat: null,
  sql: 'select * from sp_task_organization where parent_id > 0',
  values: undefined,
  typeCast: true,
  nestTables: false,
  _resultSet: null,
  _results: [],
  _fields: [],
  _index: 0,
  _loadError: null }
[2018-08-27T18:57:50.058] [INFO] ./logs/sponge-city-2018-08-27.log - sql-format => select * from sp_task_organization where parent_id=0
[2018-08-27T18:57:50.058] [INFO] ./logs/sponge-city-2018-08-27.log - sql => select * from sp_task_organization where parent_id=0
[2018-08-27T18:57:50.059] [INFO] ./logs/sponge-city-2018-08-27.log - query => Query {
  _events: {},
  _eventsCount: 0,
  _maxListeners: undefined,
  _callback: [Function],
  _callSite: Error
    at Pool.query (/Users/xu/Desktop/project/hmcs/sponge-city/node_modules/mysql/lib/Pool.js:199:23)
    at CommonDao._query (/Users/xu/Desktop/project/hmcs/sponge-city/build/webpack:/server/dao/commonDao.js:89:24)
    at /Users/xu/Desktop/project/hmcs/sponge-city/build/webpack:/server/dao/commonDao.js:70:12
    at new Promise (<anonymous>)
    at CommonDao.select (/Users/xu/Desktop/project/hmcs/sponge-city/build/webpack:/server/dao/commonDao.js:69:12)
    at Function._callee$ (/Users/xu/Desktop/project/hmcs/sponge-city/build/webpack:/server/dao/taskDao.js:13:38)
    at tryCatch (/Users/xu/Desktop/project/hmcs/sponge-city/node_modules/regenerator-runtime/runtime.js:62:40)
    at Generator.invoke [as _invoke] (/Users/xu/Desktop/project/hmcs/sponge-city/node_modules/regenerator-runtime/runtime.js:296:22)
    at Generator.prototype.(anonymous function) [as next] (/Users/xu/Desktop/project/hmcs/sponge-city/node_modules/regenerator-runtime/runtime.js:114:21)
    at step (/Users/xu/Desktop/project/hmcs/sponge-city/build/main.js:5156:191)
    at /Users/xu/Desktop/project/hmcs/sponge-city/build/main.js:5156:437
    at new Promise (<anonymous>)
    at Function.<anonymous> (/Users/xu/Desktop/project/hmcs/sponge-city/build/main.js:5156:99)
    at Function.getOrganizationList (/Users/xu/Desktop/project/hmcs/sponge-city/build/main.js:5202:21)
    at _callee5$ (/Users/xu/Desktop/project/hmcs/sponge-city/build/webpack:/server/services/taskService.js:82:32)
    at tryCatch (/Users/xu/Desktop/project/hmcs/sponge-city/node_modules/regenerator-runtime/runtime.js:62:40)
    at Generator.invoke [as _invoke] (/Users/xu/Desktop/project/hmcs/sponge-city/node_modules/regenerator-runtime/runtime.js:296:22)
    at Generator.prototype.(anonymous function) [as next] (/Users/xu/Desktop/project/hmcs/sponge-city/node_modules/regenerator-runtime/runtime.js:114:21)
    at step (/Users/xu/Desktop/project/hmcs/sponge-city/build/main.js:4644:191)
    at /Users/xu/Desktop/project/hmcs/sponge-city/build/main.js:4644:437
    at new Promise (<anonymous>)
    at /Users/xu/Desktop/project/hmcs/sponge-city/build/main.js:4644:99,
  _ended: false,
  _timeout: undefined,
  _idleNext: null,
  _idlePrev: null,
  _idleStart: null,
  _idleTimeout: -1,
  _repeat: null,
  sql: 'select * from sp_task_organization where parent_id=0',
  values: undefined,
  typeCast: true,
  nestTables: false,
  _resultSet: null,
  _results: [],
  _fields: [],
  _index: 0,
  _loadError: null }
[2018-08-27T18:57:50.065] [INFO] ./logs/sponge-city-2018-08-27.log - sql-format => select * from sp_task_organization where parent_id > 0
[2018-08-27T18:57:50.065] [INFO] ./logs/sponge-city-2018-08-27.log - sql => select * from sp_task_organization where parent_id > 0
[2018-08-27T18:57:50.066] [INFO] ./logs/sponge-city-2018-08-27.log - query => Query {
  _events: {},
  _eventsCount: 0,
  _maxListeners: undefined,
  _callback: [Function],
  _callSite: Error
    at Pool.query (/Users/xu/Desktop/project/hmcs/sponge-city/node_modules/mysql/lib/Pool.js:199:23)
    at CommonDao._query (/Users/xu/Desktop/project/hmcs/sponge-city/build/webpack:/server/dao/commonDao.js:89:24)
    at /Users/xu/Desktop/project/hmcs/sponge-city/build/webpack:/server/dao/commonDao.js:70:12
    at new Promise (<anonymous>)
    at CommonDao.select (/Users/xu/Desktop/project/hmcs/sponge-city/build/webpack:/server/dao/commonDao.js:69:12)
    at Function._callee2$ (/Users/xu/Desktop/project/hmcs/sponge-city/build/webpack:/server/dao/taskDao.js:23:38)
    at tryCatch (/Users/xu/Desktop/project/hmcs/sponge-city/node_modules/regenerator-runtime/runtime.js:62:40)
    at Generator.invoke [as _invoke] (/Users/xu/Desktop/project/hmcs/sponge-city/node_modules/regenerator-runtime/runtime.js:296:22)
    at Generator.prototype.(anonymous function) [as next] (/Users/xu/Desktop/project/hmcs/sponge-city/node_modules/regenerator-runtime/runtime.js:114:21)
    at step (/Users/xu/Desktop/project/hmcs/sponge-city/build/main.js:5156:191)
    at /Users/xu/Desktop/project/hmcs/sponge-city/build/main.js:5156:437
    at new Promise (<anonymous>)
    at Function.<anonymous> (/Users/xu/Desktop/project/hmcs/sponge-city/build/main.js:5156:99)
    at Function.getChildList (/Users/xu/Desktop/project/hmcs/sponge-city/build/main.js:5242:22)
    at _callee5$ (/Users/xu/Desktop/project/hmcs/sponge-city/build/webpack:/server/services/taskService.js:83:33)
    at tryCatch (/Users/xu/Desktop/project/hmcs/sponge-city/node_modules/regenerator-runtime/runtime.js:62:40)
    at Generator.invoke [as _invoke] (/Users/xu/Desktop/project/hmcs/sponge-city/node_modules/regenerator-runtime/runtime.js:296:22)
    at Generator.prototype.(anonymous function) [as next] (/Users/xu/Desktop/project/hmcs/sponge-city/node_modules/regenerator-runtime/runtime.js:114:21)
    at step (/Users/xu/Desktop/project/hmcs/sponge-city/build/main.js:4644:191)
    at /Users/xu/Desktop/project/hmcs/sponge-city/build/main.js:4644:361
    at process._tickCallback (internal/process/next_tick.js:68:7),
  _ended: false,
  _timeout: undefined,
  _idleNext: null,
  _idlePrev: null,
  _idleStart: null,
  _idleTimeout: -1,
  _repeat: null,
  sql: 'select * from sp_task_organization where parent_id > 0',
  values: undefined,
  typeCast: true,
  nestTables: false,
  _resultSet: null,
  _results: [],
  _fields: [],
  _index: 0,
  _loadError: null }
[2018-08-27T18:57:53.370] [INFO] ./logs/sponge-city-2018-08-27.log - sql-format => select * from sp_task_organization where parent_id=0
[2018-08-27T18:57:53.370] [INFO] ./logs/sponge-city-2018-08-27.log - sql => select * from sp_task_organization where parent_id=0
[2018-08-27T18:57:53.370] [INFO] ./logs/sponge-city-2018-08-27.log - query => Query {
  _events: {},
  _eventsCount: 0,
  _maxListeners: undefined,
  _callback: [Function],
  _callSite: Error
    at Pool.query (/Users/xu/Desktop/project/hmcs/sponge-city/node_modules/mysql/lib/Pool.js:199:23)
    at CommonDao._query (/Users/xu/Desktop/project/hmcs/sponge-city/build/webpack:/server/dao/commonDao.js:89:24)
    at /Users/xu/Desktop/project/hmcs/sponge-city/build/webpack:/server/dao/commonDao.js:70:12
    at new Promise (<anonymous>)
    at CommonDao.select (/Users/xu/Desktop/project/hmcs/sponge-city/build/webpack:/server/dao/commonDao.js:69:12)
    at Function._callee$ (/Users/xu/Desktop/project/hmcs/sponge-city/build/webpack:/server/dao/taskDao.js:13:38)
    at tryCatch (/Users/xu/Desktop/project/hmcs/sponge-city/node_modules/regenerator-runtime/runtime.js:62:40)
    at Generator.invoke [as _invoke] (/Users/xu/Desktop/project/hmcs/sponge-city/node_modules/regenerator-runtime/runtime.js:296:22)
    at Generator.prototype.(anonymous function) [as next] (/Users/xu/Desktop/project/hmcs/sponge-city/node_modules/regenerator-runtime/runtime.js:114:21)
    at step (/Users/xu/Desktop/project/hmcs/sponge-city/build/main.js:5156:191)
    at /Users/xu/Desktop/project/hmcs/sponge-city/build/main.js:5156:437
    at new Promise (<anonymous>)
    at Function.<anonymous> (/Users/xu/Desktop/project/hmcs/sponge-city/build/main.js:5156:99)
    at Function.getOrganizationList (/Users/xu/Desktop/project/hmcs/sponge-city/build/main.js:5202:21)
    at _callee5$ (/Users/xu/Desktop/project/hmcs/sponge-city/build/webpack:/server/services/taskService.js:82:32)
    at tryCatch (/Users/xu/Desktop/project/hmcs/sponge-city/node_modules/regenerator-runtime/runtime.js:62:40)
    at Generator.invoke [as _invoke] (/Users/xu/Desktop/project/hmcs/sponge-city/node_modules/regenerator-runtime/runtime.js:296:22)
    at Generator.prototype.(anonymous function) [as next] (/Users/xu/Desktop/project/hmcs/sponge-city/node_modules/regenerator-runtime/runtime.js:114:21)
    at step (/Users/xu/Desktop/project/hmcs/sponge-city/build/main.js:4644:191)
    at /Users/xu/Desktop/project/hmcs/sponge-city/build/main.js:4644:437
    at new Promise (<anonymous>)
    at /Users/xu/Desktop/project/hmcs/sponge-city/build/main.js:4644:99,
  _ended: false,
  _timeout: undefined,
  _idleNext: null,
  _idlePrev: null,
  _idleStart: null,
  _idleTimeout: -1,
  _repeat: null,
  sql: 'select * from sp_task_organization where parent_id=0',
  values: undefined,
  typeCast: true,
  nestTables: false,
  _resultSet: null,
  _results: [],
  _fields: [],
  _index: 0,
  _loadError: null }
[2018-08-27T18:57:53.377] [INFO] ./logs/sponge-city-2018-08-27.log - sql-format => select * from sp_task_organization where parent_id > 0
[2018-08-27T18:57:53.377] [INFO] ./logs/sponge-city-2018-08-27.log - sql => select * from sp_task_organization where parent_id > 0
[2018-08-27T18:57:53.377] [INFO] ./logs/sponge-city-2018-08-27.log - query => Query {
  _events: {},
  _eventsCount: 0,
  _maxListeners: undefined,
  _callback: [Function],
  _callSite: Error
    at Pool.query (/Users/xu/Desktop/project/hmcs/sponge-city/node_modules/mysql/lib/Pool.js:199:23)
    at CommonDao._query (/Users/xu/Desktop/project/hmcs/sponge-city/build/webpack:/server/dao/commonDao.js:89:24)
    at /Users/xu/Desktop/project/hmcs/sponge-city/build/webpack:/server/dao/commonDao.js:70:12
    at new Promise (<anonymous>)
    at CommonDao.select (/Users/xu/Desktop/project/hmcs/sponge-city/build/webpack:/server/dao/commonDao.js:69:12)
    at Function._callee2$ (/Users/xu/Desktop/project/hmcs/sponge-city/build/webpack:/server/dao/taskDao.js:23:38)
    at tryCatch (/Users/xu/Desktop/project/hmcs/sponge-city/node_modules/regenerator-runtime/runtime.js:62:40)
    at Generator.invoke [as _invoke] (/Users/xu/Desktop/project/hmcs/sponge-city/node_modules/regenerator-runtime/runtime.js:296:22)
    at Generator.prototype.(anonymous function) [as next] (/Users/xu/Desktop/project/hmcs/sponge-city/node_modules/regenerator-runtime/runtime.js:114:21)
    at step (/Users/xu/Desktop/project/hmcs/sponge-city/build/main.js:5156:191)
    at /Users/xu/Desktop/project/hmcs/sponge-city/build/main.js:5156:437
    at new Promise (<anonymous>)
    at Function.<anonymous> (/Users/xu/Desktop/project/hmcs/sponge-city/build/main.js:5156:99)
    at Function.getChildList (/Users/xu/Desktop/project/hmcs/sponge-city/build/main.js:5242:22)
    at _callee5$ (/Users/xu/Desktop/project/hmcs/sponge-city/build/webpack:/server/services/taskService.js:83:33)
    at tryCatch (/Users/xu/Desktop/project/hmcs/sponge-city/node_modules/regenerator-runtime/runtime.js:62:40)
    at Generator.invoke [as _invoke] (/Users/xu/Desktop/project/hmcs/sponge-city/node_modules/regenerator-runtime/runtime.js:296:22)
    at Generator.prototype.(anonymous function) [as next] (/Users/xu/Desktop/project/hmcs/sponge-city/node_modules/regenerator-runtime/runtime.js:114:21)
    at step (/Users/xu/Desktop/project/hmcs/sponge-city/build/main.js:4644:191)
    at /Users/xu/Desktop/project/hmcs/sponge-city/build/main.js:4644:361
    at process._tickCallback (internal/process/next_tick.js:68:7),
  _ended: false,
  _timeout: undefined,
  _idleNext: null,
  _idlePrev: null,
  _idleStart: null,
  _idleTimeout: -1,
  _repeat: null,
  sql: 'select * from sp_task_organization where parent_id > 0',
  values: undefined,
  typeCast: true,
  nestTables: false,
  _resultSet: null,
  _results: [],
  _fields: [],
  _index: 0,
  _loadError: null }
[2018-08-27T18:57:56.421] [INFO] ./logs/sponge-city-2018-08-27.log - sql-format => select * from sp_task_organization where parent_id=0
[2018-08-27T18:57:56.421] [INFO] ./logs/sponge-city-2018-08-27.log - sql => select * from sp_task_organization where parent_id=0
[2018-08-27T18:57:56.421] [INFO] ./logs/sponge-city-2018-08-27.log - query => Query {
  _events: {},
  _eventsCount: 0,
  _maxListeners: undefined,
  _callback: [Function],
  _callSite: Error
    at Pool.query (/Users/xu/Desktop/project/hmcs/sponge-city/node_modules/mysql/lib/Pool.js:199:23)
    at CommonDao._query (/Users/xu/Desktop/project/hmcs/sponge-city/build/webpack:/server/dao/commonDao.js:89:24)
    at /Users/xu/Desktop/project/hmcs/sponge-city/build/webpack:/server/dao/commonDao.js:70:12
    at new Promise (<anonymous>)
    at CommonDao.select (/Users/xu/Desktop/project/hmcs/sponge-city/build/webpack:/server/dao/commonDao.js:69:12)
    at Function._callee$ (/Users/xu/Desktop/project/hmcs/sponge-city/build/webpack:/server/dao/taskDao.js:13:38)
    at tryCatch (/Users/xu/Desktop/project/hmcs/sponge-city/node_modules/regenerator-runtime/runtime.js:62:40)
    at Generator.invoke [as _invoke] (/Users/xu/Desktop/project/hmcs/sponge-city/node_modules/regenerator-runtime/runtime.js:296:22)
    at Generator.prototype.(anonymous function) [as next] (/Users/xu/Desktop/project/hmcs/sponge-city/node_modules/regenerator-runtime/runtime.js:114:21)
    at step (/Users/xu/Desktop/project/hmcs/sponge-city/build/main.js:5156:191)
    at /Users/xu/Desktop/project/hmcs/sponge-city/build/main.js:5156:437
    at new Promise (<anonymous>)
    at Function.<anonymous> (/Users/xu/Desktop/project/hmcs/sponge-city/build/main.js:5156:99)
    at Function.getOrganizationList (/Users/xu/Desktop/project/hmcs/sponge-city/build/main.js:5202:21)
    at _callee5$ (/Users/xu/Desktop/project/hmcs/sponge-city/build/webpack:/server/services/taskService.js:82:32)
    at tryCatch (/Users/xu/Desktop/project/hmcs/sponge-city/node_modules/regenerator-runtime/runtime.js:62:40)
    at Generator.invoke [as _invoke] (/Users/xu/Desktop/project/hmcs/sponge-city/node_modules/regenerator-runtime/runtime.js:296:22)
    at Generator.prototype.(anonymous function) [as next] (/Users/xu/Desktop/project/hmcs/sponge-city/node_modules/regenerator-runtime/runtime.js:114:21)
    at step (/Users/xu/Desktop/project/hmcs/sponge-city/build/main.js:4644:191)
    at /Users/xu/Desktop/project/hmcs/sponge-city/build/main.js:4644:437
    at new Promise (<anonymous>)
    at /Users/xu/Desktop/project/hmcs/sponge-city/build/main.js:4644:99,
  _ended: false,
  _timeout: undefined,
  _idleNext: null,
  _idlePrev: null,
  _idleStart: null,
  _idleTimeout: -1,
  _repeat: null,
  sql: 'select * from sp_task_organization where parent_id=0',
  values: undefined,
  typeCast: true,
  nestTables: false,
  _resultSet: null,
  _results: [],
  _fields: [],
  _index: 0,
  _loadError: null }
[2018-08-27T18:57:56.429] [INFO] ./logs/sponge-city-2018-08-27.log - sql-format => select * from sp_task_organization where parent_id > 0
[2018-08-27T18:57:56.429] [INFO] ./logs/sponge-city-2018-08-27.log - sql => select * from sp_task_organization where parent_id > 0
[2018-08-27T18:57:56.430] [INFO] ./logs/sponge-city-2018-08-27.log - query => Query {
  _events: {},
  _eventsCount: 0,
  _maxListeners: undefined,
  _callback: [Function],
  _callSite: Error
    at Pool.query (/Users/xu/Desktop/project/hmcs/sponge-city/node_modules/mysql/lib/Pool.js:199:23)
    at CommonDao._query (/Users/xu/Desktop/project/hmcs/sponge-city/build/webpack:/server/dao/commonDao.js:89:24)
    at /Users/xu/Desktop/project/hmcs/sponge-city/build/webpack:/server/dao/commonDao.js:70:12
    at new Promise (<anonymous>)
    at CommonDao.select (/Users/xu/Desktop/project/hmcs/sponge-city/build/webpack:/server/dao/commonDao.js:69:12)
    at Function._callee2$ (/Users/xu/Desktop/project/hmcs/sponge-city/build/webpack:/server/dao/taskDao.js:23:38)
    at tryCatch (/Users/xu/Desktop/project/hmcs/sponge-city/node_modules/regenerator-runtime/runtime.js:62:40)
    at Generator.invoke [as _invoke] (/Users/xu/Desktop/project/hmcs/sponge-city/node_modules/regenerator-runtime/runtime.js:296:22)
    at Generator.prototype.(anonymous function) [as next] (/Users/xu/Desktop/project/hmcs/sponge-city/node_modules/regenerator-runtime/runtime.js:114:21)
    at step (/Users/xu/Desktop/project/hmcs/sponge-city/build/main.js:5156:191)
    at /Users/xu/Desktop/project/hmcs/sponge-city/build/main.js:5156:437
    at new Promise (<anonymous>)
    at Function.<anonymous> (/Users/xu/Desktop/project/hmcs/sponge-city/build/main.js:5156:99)
    at Function.getChildList (/Users/xu/Desktop/project/hmcs/sponge-city/build/main.js:5242:22)
    at _callee5$ (/Users/xu/Desktop/project/hmcs/sponge-city/build/webpack:/server/services/taskService.js:83:33)
    at tryCatch (/Users/xu/Desktop/project/hmcs/sponge-city/node_modules/regenerator-runtime/runtime.js:62:40)
    at Generator.invoke [as _invoke] (/Users/xu/Desktop/project/hmcs/sponge-city/node_modules/regenerator-runtime/runtime.js:296:22)
    at Generator.prototype.(anonymous function) [as next] (/Users/xu/Desktop/project/hmcs/sponge-city/node_modules/regenerator-runtime/runtime.js:114:21)
    at step (/Users/xu/Desktop/project/hmcs/sponge-city/build/main.js:4644:191)
    at /Users/xu/Desktop/project/hmcs/sponge-city/build/main.js:4644:361
    at process._tickCallback (internal/process/next_tick.js:68:7),
  _ended: false,
  _timeout: undefined,
  _idleNext: null,
  _idlePrev: null,
  _idleStart: null,
  _idleTimeout: -1,
  _repeat: null,
  sql: 'select * from sp_task_organization where parent_id > 0',
  values: undefined,
  typeCast: true,
  nestTables: false,
  _resultSet: null,
  _results: [],
  _fields: [],
  _index: 0,
  _loadError: null }
[2018-08-27T18:58:00.091] [INFO] ./logs/sponge-city-2018-08-27.log - sql-format => select * from sp_task_organization where parent_id=0
[2018-08-27T18:58:00.091] [INFO] ./logs/sponge-city-2018-08-27.log - sql => select * from sp_task_organization where parent_id=0
[2018-08-27T18:58:00.091] [INFO] ./logs/sponge-city-2018-08-27.log - query => Query {
  _events: {},
  _eventsCount: 0,
  _maxListeners: undefined,
  _callback: [Function],
  _callSite: Error
    at Pool.query (/Users/xu/Desktop/project/hmcs/sponge-city/node_modules/mysql/lib/Pool.js:199:23)
    at CommonDao._query (/Users/xu/Desktop/project/hmcs/sponge-city/build/webpack:/server/dao/commonDao.js:89:24)
    at /Users/xu/Desktop/project/hmcs/sponge-city/build/webpack:/server/dao/commonDao.js:70:12
    at new Promise (<anonymous>)
    at CommonDao.select (/Users/xu/Desktop/project/hmcs/sponge-city/build/webpack:/server/dao/commonDao.js:69:12)
    at Function._callee$ (/Users/xu/Desktop/project/hmcs/sponge-city/build/webpack:/server/dao/taskDao.js:13:38)
    at tryCatch (/Users/xu/Desktop/project/hmcs/sponge-city/node_modules/regenerator-runtime/runtime.js:62:40)
    at Generator.invoke [as _invoke] (/Users/xu/Desktop/project/hmcs/sponge-city/node_modules/regenerator-runtime/runtime.js:296:22)
    at Generator.prototype.(anonymous function) [as next] (/Users/xu/Desktop/project/hmcs/sponge-city/node_modules/regenerator-runtime/runtime.js:114:21)
    at step (/Users/xu/Desktop/project/hmcs/sponge-city/build/main.js:5156:191)
    at /Users/xu/Desktop/project/hmcs/sponge-city/build/main.js:5156:437
    at new Promise (<anonymous>)
    at Function.<anonymous> (/Users/xu/Desktop/project/hmcs/sponge-city/build/main.js:5156:99)
    at Function.getOrganizationList (/Users/xu/Desktop/project/hmcs/sponge-city/build/main.js:5202:21)
    at _callee5$ (/Users/xu/Desktop/project/hmcs/sponge-city/build/webpack:/server/services/taskService.js:82:32)
    at tryCatch (/Users/xu/Desktop/project/hmcs/sponge-city/node_modules/regenerator-runtime/runtime.js:62:40)
    at Generator.invoke [as _invoke] (/Users/xu/Desktop/project/hmcs/sponge-city/node_modules/regenerator-runtime/runtime.js:296:22)
    at Generator.prototype.(anonymous function) [as next] (/Users/xu/Desktop/project/hmcs/sponge-city/node_modules/regenerator-runtime/runtime.js:114:21)
    at step (/Users/xu/Desktop/project/hmcs/sponge-city/build/main.js:4644:191)
    at /Users/xu/Desktop/project/hmcs/sponge-city/build/main.js:4644:437
    at new Promise (<anonymous>)
    at /Users/xu/Desktop/project/hmcs/sponge-city/build/main.js:4644:99,
  _ended: false,
  _timeout: undefined,
  _idleNext: null,
  _idlePrev: null,
  _idleStart: null,
  _idleTimeout: -1,
  _repeat: null,
  sql: 'select * from sp_task_organization where parent_id=0',
  values: undefined,
  typeCast: true,
  nestTables: false,
  _resultSet: null,
  _results: [],
  _fields: [],
  _index: 0,
  _loadError: null }
[2018-08-27T18:58:00.103] [INFO] ./logs/sponge-city-2018-08-27.log - sql-format => select * from sp_task_organization where parent_id > 0
[2018-08-27T18:58:00.103] [INFO] ./logs/sponge-city-2018-08-27.log - sql => select * from sp_task_organization where parent_id > 0
[2018-08-27T18:58:00.103] [INFO] ./logs/sponge-city-2018-08-27.log - query => Query {
  _events: {},
  _eventsCount: 0,
  _maxListeners: undefined,
  _callback: [Function],
  _callSite: Error
    at Pool.query (/Users/xu/Desktop/project/hmcs/sponge-city/node_modules/mysql/lib/Pool.js:199:23)
    at CommonDao._query (/Users/xu/Desktop/project/hmcs/sponge-city/build/webpack:/server/dao/commonDao.js:89:24)
    at /Users/xu/Desktop/project/hmcs/sponge-city/build/webpack:/server/dao/commonDao.js:70:12
    at new Promise (<anonymous>)
    at CommonDao.select (/Users/xu/Desktop/project/hmcs/sponge-city/build/webpack:/server/dao/commonDao.js:69:12)
    at Function._callee2$ (/Users/xu/Desktop/project/hmcs/sponge-city/build/webpack:/server/dao/taskDao.js:23:38)
    at tryCatch (/Users/xu/Desktop/project/hmcs/sponge-city/node_modules/regenerator-runtime/runtime.js:62:40)
    at Generator.invoke [as _invoke] (/Users/xu/Desktop/project/hmcs/sponge-city/node_modules/regenerator-runtime/runtime.js:296:22)
    at Generator.prototype.(anonymous function) [as next] (/Users/xu/Desktop/project/hmcs/sponge-city/node_modules/regenerator-runtime/runtime.js:114:21)
    at step (/Users/xu/Desktop/project/hmcs/sponge-city/build/main.js:5156:191)
    at /Users/xu/Desktop/project/hmcs/sponge-city/build/main.js:5156:437
    at new Promise (<anonymous>)
    at Function.<anonymous> (/Users/xu/Desktop/project/hmcs/sponge-city/build/main.js:5156:99)
    at Function.getChildList (/Users/xu/Desktop/project/hmcs/sponge-city/build/main.js:5242:22)
    at _callee5$ (/Users/xu/Desktop/project/hmcs/sponge-city/build/webpack:/server/services/taskService.js:83:33)
    at tryCatch (/Users/xu/Desktop/project/hmcs/sponge-city/node_modules/regenerator-runtime/runtime.js:62:40)
    at Generator.invoke [as _invoke] (/Users/xu/Desktop/project/hmcs/sponge-city/node_modules/regenerator-runtime/runtime.js:296:22)
    at Generator.prototype.(anonymous function) [as next] (/Users/xu/Desktop/project/hmcs/sponge-city/node_modules/regenerator-runtime/runtime.js:114:21)
    at step (/Users/xu/Desktop/project/hmcs/sponge-city/build/main.js:4644:191)
    at /Users/xu/Desktop/project/hmcs/sponge-city/build/main.js:4644:361
    at process._tickCallback (internal/process/next_tick.js:68:7),
  _ended: false,
  _timeout: undefined,
  _idleNext: null,
  _idlePrev: null,
  _idleStart: null,
  _idleTimeout: -1,
  _repeat: null,
  sql: 'select * from sp_task_organization where parent_id > 0',
  values: undefined,
  typeCast: true,
  nestTables: false,
  _resultSet: null,
  _results: [],
  _fields: [],
  _index: 0,
  _loadError: null }
[2018-08-27T18:58:02.055] [INFO] ./logs/sponge-city-2018-08-27.log - sql-format => select * from sp_task_organization where parent_id=0
[2018-08-27T18:58:02.055] [INFO] ./logs/sponge-city-2018-08-27.log - sql => select * from sp_task_organization where parent_id=0
[2018-08-27T18:58:02.056] [INFO] ./logs/sponge-city-2018-08-27.log - query => Query {
  _events: {},
  _eventsCount: 0,
  _maxListeners: undefined,
  _callback: [Function],
  _callSite: Error
    at Pool.query (/Users/xu/Desktop/project/hmcs/sponge-city/node_modules/mysql/lib/Pool.js:199:23)
    at CommonDao._query (/Users/xu/Desktop/project/hmcs/sponge-city/build/webpack:/server/dao/commonDao.js:89:24)
    at /Users/xu/Desktop/project/hmcs/sponge-city/build/webpack:/server/dao/commonDao.js:70:12
    at new Promise (<anonymous>)
    at CommonDao.select (/Users/xu/Desktop/project/hmcs/sponge-city/build/webpack:/server/dao/commonDao.js:69:12)
    at Function._callee$ (/Users/xu/Desktop/project/hmcs/sponge-city/build/webpack:/server/dao/taskDao.js:13:38)
    at tryCatch (/Users/xu/Desktop/project/hmcs/sponge-city/node_modules/regenerator-runtime/runtime.js:62:40)
    at Generator.invoke [as _invoke] (/Users/xu/Desktop/project/hmcs/sponge-city/node_modules/regenerator-runtime/runtime.js:296:22)
    at Generator.prototype.(anonymous function) [as next] (/Users/xu/Desktop/project/hmcs/sponge-city/node_modules/regenerator-runtime/runtime.js:114:21)
    at step (/Users/xu/Desktop/project/hmcs/sponge-city/build/main.js:5156:191)
    at /Users/xu/Desktop/project/hmcs/sponge-city/build/main.js:5156:437
    at new Promise (<anonymous>)
    at Function.<anonymous> (/Users/xu/Desktop/project/hmcs/sponge-city/build/main.js:5156:99)
    at Function.getOrganizationList (/Users/xu/Desktop/project/hmcs/sponge-city/build/main.js:5202:21)
    at _callee5$ (/Users/xu/Desktop/project/hmcs/sponge-city/build/webpack:/server/services/taskService.js:82:32)
    at tryCatch (/Users/xu/Desktop/project/hmcs/sponge-city/node_modules/regenerator-runtime/runtime.js:62:40)
    at Generator.invoke [as _invoke] (/Users/xu/Desktop/project/hmcs/sponge-city/node_modules/regenerator-runtime/runtime.js:296:22)
    at Generator.prototype.(anonymous function) [as next] (/Users/xu/Desktop/project/hmcs/sponge-city/node_modules/regenerator-runtime/runtime.js:114:21)
    at step (/Users/xu/Desktop/project/hmcs/sponge-city/build/main.js:4644:191)
    at /Users/xu/Desktop/project/hmcs/sponge-city/build/main.js:4644:437
    at new Promise (<anonymous>)
    at /Users/xu/Desktop/project/hmcs/sponge-city/build/main.js:4644:99,
  _ended: false,
  _timeout: undefined,
  _idleNext: null,
  _idlePrev: null,
  _idleStart: null,
  _idleTimeout: -1,
  _repeat: null,
  sql: 'select * from sp_task_organization where parent_id=0',
  values: undefined,
  typeCast: true,
  nestTables: false,
  _resultSet: null,
  _results: [],
  _fields: [],
  _index: 0,
  _loadError: null }
[2018-08-27T18:58:02.065] [INFO] ./logs/sponge-city-2018-08-27.log - sql-format => select * from sp_task_organization where parent_id > 0
[2018-08-27T18:58:02.065] [INFO] ./logs/sponge-city-2018-08-27.log - sql => select * from sp_task_organization where parent_id > 0
[2018-08-27T18:58:02.065] [INFO] ./logs/sponge-city-2018-08-27.log - query => Query {
  _events: {},
  _eventsCount: 0,
  _maxListeners: undefined,
  _callback: [Function],
  _callSite: Error
    at Pool.query (/Users/xu/Desktop/project/hmcs/sponge-city/node_modules/mysql/lib/Pool.js:199:23)
    at CommonDao._query (/Users/xu/Desktop/project/hmcs/sponge-city/build/webpack:/server/dao/commonDao.js:89:24)
    at /Users/xu/Desktop/project/hmcs/sponge-city/build/webpack:/server/dao/commonDao.js:70:12
    at new Promise (<anonymous>)
    at CommonDao.select (/Users/xu/Desktop/project/hmcs/sponge-city/build/webpack:/server/dao/commonDao.js:69:12)
    at Function._callee2$ (/Users/xu/Desktop/project/hmcs/sponge-city/build/webpack:/server/dao/taskDao.js:23:38)
    at tryCatch (/Users/xu/Desktop/project/hmcs/sponge-city/node_modules/regenerator-runtime/runtime.js:62:40)
    at Generator.invoke [as _invoke] (/Users/xu/Desktop/project/hmcs/sponge-city/node_modules/regenerator-runtime/runtime.js:296:22)
    at Generator.prototype.(anonymous function) [as next] (/Users/xu/Desktop/project/hmcs/sponge-city/node_modules/regenerator-runtime/runtime.js:114:21)
    at step (/Users/xu/Desktop/project/hmcs/sponge-city/build/main.js:5156:191)
    at /Users/xu/Desktop/project/hmcs/sponge-city/build/main.js:5156:437
    at new Promise (<anonymous>)
    at Function.<anonymous> (/Users/xu/Desktop/project/hmcs/sponge-city/build/main.js:5156:99)
    at Function.getChildList (/Users/xu/Desktop/project/hmcs/sponge-city/build/main.js:5242:22)
    at _callee5$ (/Users/xu/Desktop/project/hmcs/sponge-city/build/webpack:/server/services/taskService.js:83:33)
    at tryCatch (/Users/xu/Desktop/project/hmcs/sponge-city/node_modules/regenerator-runtime/runtime.js:62:40)
    at Generator.invoke [as _invoke] (/Users/xu/Desktop/project/hmcs/sponge-city/node_modules/regenerator-runtime/runtime.js:296:22)
    at Generator.prototype.(anonymous function) [as next] (/Users/xu/Desktop/project/hmcs/sponge-city/node_modules/regenerator-runtime/runtime.js:114:21)
    at step (/Users/xu/Desktop/project/hmcs/sponge-city/build/main.js:4644:191)
    at /Users/xu/Desktop/project/hmcs/sponge-city/build/main.js:4644:361
    at process._tickCallback (internal/process/next_tick.js:68:7),
  _ended: false,
  _timeout: undefined,
  _idleNext: null,
  _idlePrev: null,
  _idleStart: null,
  _idleTimeout: -1,
  _repeat: null,
  sql: 'select * from sp_task_organization where parent_id > 0',
  values: undefined,
  typeCast: true,
  nestTables: false,
  _resultSet: null,
  _results: [],
  _fields: [],
  _index: 0,
  _loadError: null }
[2018-08-27T18:58:04.507] [INFO] ./logs/sponge-city-2018-08-27.log - sql-format => select * from sp_task_organization where parent_id=0
[2018-08-27T18:58:04.508] [INFO] ./logs/sponge-city-2018-08-27.log - sql => select * from sp_task_organization where parent_id=0
[2018-08-27T18:58:04.508] [INFO] ./logs/sponge-city-2018-08-27.log - query => Query {
  _events: {},
  _eventsCount: 0,
  _maxListeners: undefined,
  _callback: [Function],
  _callSite: Error
    at Pool.query (/Users/xu/Desktop/project/hmcs/sponge-city/node_modules/mysql/lib/Pool.js:199:23)
    at CommonDao._query (/Users/xu/Desktop/project/hmcs/sponge-city/build/webpack:/server/dao/commonDao.js:89:24)
    at /Users/xu/Desktop/project/hmcs/sponge-city/build/webpack:/server/dao/commonDao.js:70:12
    at new Promise (<anonymous>)
    at CommonDao.select (/Users/xu/Desktop/project/hmcs/sponge-city/build/webpack:/server/dao/commonDao.js:69:12)
    at Function._callee$ (/Users/xu/Desktop/project/hmcs/sponge-city/build/webpack:/server/dao/taskDao.js:13:38)
    at tryCatch (/Users/xu/Desktop/project/hmcs/sponge-city/node_modules/regenerator-runtime/runtime.js:62:40)
    at Generator.invoke [as _invoke] (/Users/xu/Desktop/project/hmcs/sponge-city/node_modules/regenerator-runtime/runtime.js:296:22)
    at Generator.prototype.(anonymous function) [as next] (/Users/xu/Desktop/project/hmcs/sponge-city/node_modules/regenerator-runtime/runtime.js:114:21)
    at step (/Users/xu/Desktop/project/hmcs/sponge-city/build/main.js:5156:191)
    at /Users/xu/Desktop/project/hmcs/sponge-city/build/main.js:5156:437
    at new Promise (<anonymous>)
    at Function.<anonymous> (/Users/xu/Desktop/project/hmcs/sponge-city/build/main.js:5156:99)
    at Function.getOrganizationList (/Users/xu/Desktop/project/hmcs/sponge-city/build/main.js:5202:21)
    at _callee5$ (/Users/xu/Desktop/project/hmcs/sponge-city/build/webpack:/server/services/taskService.js:82:32)
    at tryCatch (/Users/xu/Desktop/project/hmcs/sponge-city/node_modules/regenerator-runtime/runtime.js:62:40)
    at Generator.invoke [as _invoke] (/Users/xu/Desktop/project/hmcs/sponge-city/node_modules/regenerator-runtime/runtime.js:296:22)
    at Generator.prototype.(anonymous function) [as next] (/Users/xu/Desktop/project/hmcs/sponge-city/node_modules/regenerator-runtime/runtime.js:114:21)
    at step (/Users/xu/Desktop/project/hmcs/sponge-city/build/main.js:4644:191)
    at /Users/xu/Desktop/project/hmcs/sponge-city/build/main.js:4644:437
    at new Promise (<anonymous>)
    at /Users/xu/Desktop/project/hmcs/sponge-city/build/main.js:4644:99,
  _ended: false,
  _timeout: undefined,
  _idleNext: null,
  _idlePrev: null,
  _idleStart: null,
  _idleTimeout: -1,
  _repeat: null,
  sql: 'select * from sp_task_organization where parent_id=0',
  values: undefined,
  typeCast: true,
  nestTables: false,
  _resultSet: null,
  _results: [],
  _fields: [],
  _index: 0,
  _loadError: null }
[2018-08-27T18:58:04.515] [INFO] ./logs/sponge-city-2018-08-27.log - sql-format => select * from sp_task_organization where parent_id > 0
[2018-08-27T18:58:04.516] [INFO] ./logs/sponge-city-2018-08-27.log - sql => select * from sp_task_organization where parent_id > 0
[2018-08-27T18:58:04.516] [INFO] ./logs/sponge-city-2018-08-27.log - query => Query {
  _events: {},
  _eventsCount: 0,
  _maxListeners: undefined,
  _callback: [Function],
  _callSite: Error
    at Pool.query (/Users/xu/Desktop/project/hmcs/sponge-city/node_modules/mysql/lib/Pool.js:199:23)
    at CommonDao._query (/Users/xu/Desktop/project/hmcs/sponge-city/build/webpack:/server/dao/commonDao.js:89:24)
    at /Users/xu/Desktop/project/hmcs/sponge-city/build/webpack:/server/dao/commonDao.js:70:12
    at new Promise (<anonymous>)
    at CommonDao.select (/Users/xu/Desktop/project/hmcs/sponge-city/build/webpack:/server/dao/commonDao.js:69:12)
    at Function._callee2$ (/Users/xu/Desktop/project/hmcs/sponge-city/build/webpack:/server/dao/taskDao.js:23:38)
    at tryCatch (/Users/xu/Desktop/project/hmcs/sponge-city/node_modules/regenerator-runtime/runtime.js:62:40)
    at Generator.invoke [as _invoke] (/Users/xu/Desktop/project/hmcs/sponge-city/node_modules/regenerator-runtime/runtime.js:296:22)
    at Generator.prototype.(anonymous function) [as next] (/Users/xu/Desktop/project/hmcs/sponge-city/node_modules/regenerator-runtime/runtime.js:114:21)
    at step (/Users/xu/Desktop/project/hmcs/sponge-city/build/main.js:5156:191)
    at /Users/xu/Desktop/project/hmcs/sponge-city/build/main.js:5156:437
    at new Promise (<anonymous>)
    at Function.<anonymous> (/Users/xu/Desktop/project/hmcs/sponge-city/build/main.js:5156:99)
    at Function.getChildList (/Users/xu/Desktop/project/hmcs/sponge-city/build/main.js:5242:22)
    at _callee5$ (/Users/xu/Desktop/project/hmcs/sponge-city/build/webpack:/server/services/taskService.js:83:33)
    at tryCatch (/Users/xu/Desktop/project/hmcs/sponge-city/node_modules/regenerator-runtime/runtime.js:62:40)
    at Generator.invoke [as _invoke] (/Users/xu/Desktop/project/hmcs/sponge-city/node_modules/regenerator-runtime/runtime.js:296:22)
    at Generator.prototype.(anonymous function) [as next] (/Users/xu/Desktop/project/hmcs/sponge-city/node_modules/regenerator-runtime/runtime.js:114:21)
    at step (/Users/xu/Desktop/project/hmcs/sponge-city/build/main.js:4644:191)
    at /Users/xu/Desktop/project/hmcs/sponge-city/build/main.js:4644:361
    at process._tickCallback (internal/process/next_tick.js:68:7),
  _ended: false,
  _timeout: undefined,
  _idleNext: null,
  _idlePrev: null,
  _idleStart: null,
  _idleTimeout: -1,
  _repeat: null,
  sql: 'select * from sp_task_organization where parent_id > 0',
  values: undefined,
  typeCast: true,
  nestTables: false,
  _resultSet: null,
  _results: [],
  _fields: [],
  _index: 0,
  _loadError: null }
[2018-08-27T18:58:44.807] [INFO] ./logs/sponge-city-2018-08-27.log - sql-format => select * from sp_task_organization where parent_id=0
[2018-08-27T18:58:44.807] [INFO] ./logs/sponge-city-2018-08-27.log - sql => select * from sp_task_organization where parent_id=0
[2018-08-27T18:58:44.808] [INFO] ./logs/sponge-city-2018-08-27.log - query => Query {
  _events: {},
  _eventsCount: 0,
  _maxListeners: undefined,
  _callback: [Function],
  _callSite: Error
    at Pool.query (/Users/xu/Desktop/project/hmcs/sponge-city/node_modules/mysql/lib/Pool.js:199:23)
    at CommonDao._query (/Users/xu/Desktop/project/hmcs/sponge-city/build/webpack:/server/dao/commonDao.js:89:24)
    at /Users/xu/Desktop/project/hmcs/sponge-city/build/webpack:/server/dao/commonDao.js:70:12
    at new Promise (<anonymous>)
    at CommonDao.select (/Users/xu/Desktop/project/hmcs/sponge-city/build/webpack:/server/dao/commonDao.js:69:12)
    at Function._callee$ (/Users/xu/Desktop/project/hmcs/sponge-city/build/webpack:/server/dao/taskDao.js:13:38)
    at tryCatch (/Users/xu/Desktop/project/hmcs/sponge-city/node_modules/regenerator-runtime/runtime.js:62:40)
    at Generator.invoke [as _invoke] (/Users/xu/Desktop/project/hmcs/sponge-city/node_modules/regenerator-runtime/runtime.js:296:22)
    at Generator.prototype.(anonymous function) [as next] (/Users/xu/Desktop/project/hmcs/sponge-city/node_modules/regenerator-runtime/runtime.js:114:21)
    at step (/Users/xu/Desktop/project/hmcs/sponge-city/build/main.js:5156:191)
    at /Users/xu/Desktop/project/hmcs/sponge-city/build/main.js:5156:437
    at new Promise (<anonymous>)
    at Function.<anonymous> (/Users/xu/Desktop/project/hmcs/sponge-city/build/main.js:5156:99)
    at Function.getOrganizationList (/Users/xu/Desktop/project/hmcs/sponge-city/build/main.js:5202:21)
    at _callee5$ (/Users/xu/Desktop/project/hmcs/sponge-city/build/webpack:/server/services/taskService.js:82:32)
    at tryCatch (/Users/xu/Desktop/project/hmcs/sponge-city/node_modules/regenerator-runtime/runtime.js:62:40)
    at Generator.invoke [as _invoke] (/Users/xu/Desktop/project/hmcs/sponge-city/node_modules/regenerator-runtime/runtime.js:296:22)
    at Generator.prototype.(anonymous function) [as next] (/Users/xu/Desktop/project/hmcs/sponge-city/node_modules/regenerator-runtime/runtime.js:114:21)
    at step (/Users/xu/Desktop/project/hmcs/sponge-city/build/main.js:4644:191)
    at /Users/xu/Desktop/project/hmcs/sponge-city/build/main.js:4644:437
    at new Promise (<anonymous>)
    at /Users/xu/Desktop/project/hmcs/sponge-city/build/main.js:4644:99,
  _ended: false,
  _timeout: undefined,
  _idleNext: null,
  _idlePrev: null,
  _idleStart: null,
  _idleTimeout: -1,
  _repeat: null,
  sql: 'select * from sp_task_organization where parent_id=0',
  values: undefined,
  typeCast: true,
  nestTables: false,
  _resultSet: null,
  _results: [],
  _fields: [],
  _index: 0,
  _loadError: null }
[2018-08-27T18:58:44.814] [INFO] ./logs/sponge-city-2018-08-27.log - sql-format => select * from sp_task_organization where parent_id > 0
[2018-08-27T18:58:44.815] [INFO] ./logs/sponge-city-2018-08-27.log - sql => select * from sp_task_organization where parent_id > 0
[2018-08-27T18:58:44.815] [INFO] ./logs/sponge-city-2018-08-27.log - query => Query {
  _events: {},
  _eventsCount: 0,
  _maxListeners: undefined,
  _callback: [Function],
  _callSite: Error
    at Pool.query (/Users/xu/Desktop/project/hmcs/sponge-city/node_modules/mysql/lib/Pool.js:199:23)
    at CommonDao._query (/Users/xu/Desktop/project/hmcs/sponge-city/build/webpack:/server/dao/commonDao.js:89:24)
    at /Users/xu/Desktop/project/hmcs/sponge-city/build/webpack:/server/dao/commonDao.js:70:12
    at new Promise (<anonymous>)
    at CommonDao.select (/Users/xu/Desktop/project/hmcs/sponge-city/build/webpack:/server/dao/commonDao.js:69:12)
    at Function._callee2$ (/Users/xu/Desktop/project/hmcs/sponge-city/build/webpack:/server/dao/taskDao.js:23:38)
    at tryCatch (/Users/xu/Desktop/project/hmcs/sponge-city/node_modules/regenerator-runtime/runtime.js:62:40)
    at Generator.invoke [as _invoke] (/Users/xu/Desktop/project/hmcs/sponge-city/node_modules/regenerator-runtime/runtime.js:296:22)
    at Generator.prototype.(anonymous function) [as next] (/Users/xu/Desktop/project/hmcs/sponge-city/node_modules/regenerator-runtime/runtime.js:114:21)
    at step (/Users/xu/Desktop/project/hmcs/sponge-city/build/main.js:5156:191)
    at /Users/xu/Desktop/project/hmcs/sponge-city/build/main.js:5156:437
    at new Promise (<anonymous>)
    at Function.<anonymous> (/Users/xu/Desktop/project/hmcs/sponge-city/build/main.js:5156:99)
    at Function.getChildList (/Users/xu/Desktop/project/hmcs/sponge-city/build/main.js:5242:22)
    at _callee5$ (/Users/xu/Desktop/project/hmcs/sponge-city/build/webpack:/server/services/taskService.js:83:33)
    at tryCatch (/Users/xu/Desktop/project/hmcs/sponge-city/node_modules/regenerator-runtime/runtime.js:62:40)
    at Generator.invoke [as _invoke] (/Users/xu/Desktop/project/hmcs/sponge-city/node_modules/regenerator-runtime/runtime.js:296:22)
    at Generator.prototype.(anonymous function) [as next] (/Users/xu/Desktop/project/hmcs/sponge-city/node_modules/regenerator-runtime/runtime.js:114:21)
    at step (/Users/xu/Desktop/project/hmcs/sponge-city/build/main.js:4644:191)
    at /Users/xu/Desktop/project/hmcs/sponge-city/build/main.js:4644:361
    at process._tickCallback (internal/process/next_tick.js:68:7),
  _ended: false,
  _timeout: undefined,
  _idleNext: null,
  _idlePrev: null,
  _idleStart: null,
  _idleTimeout: -1,
  _repeat: null,
  sql: 'select * from sp_task_organization where parent_id > 0',
  values: undefined,
  typeCast: true,
  nestTables: false,
  _resultSet: null,
  _results: [],
  _fields: [],
  _index: 0,
  _loadError: null }
[2018-08-27T18:58:47.590] [INFO] ./logs/sponge-city-2018-08-27.log - sql-format => select * from sp_task_organization where parent_id=0
[2018-08-27T18:58:47.590] [INFO] ./logs/sponge-city-2018-08-27.log - sql => select * from sp_task_organization where parent_id=0
[2018-08-27T18:58:47.590] [INFO] ./logs/sponge-city-2018-08-27.log - query => Query {
  _events: {},
  _eventsCount: 0,
  _maxListeners: undefined,
  _callback: [Function],
  _callSite: Error
    at Pool.query (/Users/xu/Desktop/project/hmcs/sponge-city/node_modules/mysql/lib/Pool.js:199:23)
    at CommonDao._query (/Users/xu/Desktop/project/hmcs/sponge-city/build/webpack:/server/dao/commonDao.js:89:24)
    at /Users/xu/Desktop/project/hmcs/sponge-city/build/webpack:/server/dao/commonDao.js:70:12
    at new Promise (<anonymous>)
    at CommonDao.select (/Users/xu/Desktop/project/hmcs/sponge-city/build/webpack:/server/dao/commonDao.js:69:12)
    at Function._callee$ (/Users/xu/Desktop/project/hmcs/sponge-city/build/webpack:/server/dao/taskDao.js:13:38)
    at tryCatch (/Users/xu/Desktop/project/hmcs/sponge-city/node_modules/regenerator-runtime/runtime.js:62:40)
    at Generator.invoke [as _invoke] (/Users/xu/Desktop/project/hmcs/sponge-city/node_modules/regenerator-runtime/runtime.js:296:22)
    at Generator.prototype.(anonymous function) [as next] (/Users/xu/Desktop/project/hmcs/sponge-city/node_modules/regenerator-runtime/runtime.js:114:21)
    at step (/Users/xu/Desktop/project/hmcs/sponge-city/build/main.js:5156:191)
    at /Users/xu/Desktop/project/hmcs/sponge-city/build/main.js:5156:437
    at new Promise (<anonymous>)
    at Function.<anonymous> (/Users/xu/Desktop/project/hmcs/sponge-city/build/main.js:5156:99)
    at Function.getOrganizationList (/Users/xu/Desktop/project/hmcs/sponge-city/build/main.js:5202:21)
    at _callee5$ (/Users/xu/Desktop/project/hmcs/sponge-city/build/webpack:/server/services/taskService.js:82:32)
    at tryCatch (/Users/xu/Desktop/project/hmcs/sponge-city/node_modules/regenerator-runtime/runtime.js:62:40)
    at Generator.invoke [as _invoke] (/Users/xu/Desktop/project/hmcs/sponge-city/node_modules/regenerator-runtime/runtime.js:296:22)
    at Generator.prototype.(anonymous function) [as next] (/Users/xu/Desktop/project/hmcs/sponge-city/node_modules/regenerator-runtime/runtime.js:114:21)
    at step (/Users/xu/Desktop/project/hmcs/sponge-city/build/main.js:4644:191)
    at /Users/xu/Desktop/project/hmcs/sponge-city/build/main.js:4644:437
    at new Promise (<anonymous>)
    at /Users/xu/Desktop/project/hmcs/sponge-city/build/main.js:4644:99,
  _ended: false,
  _timeout: undefined,
  _idleNext: null,
  _idlePrev: null,
  _idleStart: null,
  _idleTimeout: -1,
  _repeat: null,
  sql: 'select * from sp_task_organization where parent_id=0',
  values: undefined,
  typeCast: true,
  nestTables: false,
  _resultSet: null,
  _results: [],
  _fields: [],
  _index: 0,
  _loadError: null }
[2018-08-27T18:58:47.596] [INFO] ./logs/sponge-city-2018-08-27.log - sql-format => select * from sp_task_organization where parent_id > 0
[2018-08-27T18:58:47.596] [INFO] ./logs/sponge-city-2018-08-27.log - sql => select * from sp_task_organization where parent_id > 0
[2018-08-27T18:58:47.596] [INFO] ./logs/sponge-city-2018-08-27.log - query => Query {
  _events: {},
  _eventsCount: 0,
  _maxListeners: undefined,
  _callback: [Function],
  _callSite: Error
    at Pool.query (/Users/xu/Desktop/project/hmcs/sponge-city/node_modules/mysql/lib/Pool.js:199:23)
    at CommonDao._query (/Users/xu/Desktop/project/hmcs/sponge-city/build/webpack:/server/dao/commonDao.js:89:24)
    at /Users/xu/Desktop/project/hmcs/sponge-city/build/webpack:/server/dao/commonDao.js:70:12
    at new Promise (<anonymous>)
    at CommonDao.select (/Users/xu/Desktop/project/hmcs/sponge-city/build/webpack:/server/dao/commonDao.js:69:12)
    at Function._callee2$ (/Users/xu/Desktop/project/hmcs/sponge-city/build/webpack:/server/dao/taskDao.js:23:38)
    at tryCatch (/Users/xu/Desktop/project/hmcs/sponge-city/node_modules/regenerator-runtime/runtime.js:62:40)
    at Generator.invoke [as _invoke] (/Users/xu/Desktop/project/hmcs/sponge-city/node_modules/regenerator-runtime/runtime.js:296:22)
    at Generator.prototype.(anonymous function) [as next] (/Users/xu/Desktop/project/hmcs/sponge-city/node_modules/regenerator-runtime/runtime.js:114:21)
    at step (/Users/xu/Desktop/project/hmcs/sponge-city/build/main.js:5156:191)
    at /Users/xu/Desktop/project/hmcs/sponge-city/build/main.js:5156:437
    at new Promise (<anonymous>)
    at Function.<anonymous> (/Users/xu/Desktop/project/hmcs/sponge-city/build/main.js:5156:99)
    at Function.getChildList (/Users/xu/Desktop/project/hmcs/sponge-city/build/main.js:5242:22)
    at _callee5$ (/Users/xu/Desktop/project/hmcs/sponge-city/build/webpack:/server/services/taskService.js:83:33)
    at tryCatch (/Users/xu/Desktop/project/hmcs/sponge-city/node_modules/regenerator-runtime/runtime.js:62:40)
    at Generator.invoke [as _invoke] (/Users/xu/Desktop/project/hmcs/sponge-city/node_modules/regenerator-runtime/runtime.js:296:22)
    at Generator.prototype.(anonymous function) [as next] (/Users/xu/Desktop/project/hmcs/sponge-city/node_modules/regenerator-runtime/runtime.js:114:21)
    at step (/Users/xu/Desktop/project/hmcs/sponge-city/build/main.js:4644:191)
    at /Users/xu/Desktop/project/hmcs/sponge-city/build/main.js:4644:361
    at process._tickCallback (internal/process/next_tick.js:68:7),
  _ended: false,
  _timeout: undefined,
  _idleNext: null,
  _idlePrev: null,
  _idleStart: null,
  _idleTimeout: -1,
  _repeat: null,
  sql: 'select * from sp_task_organization where parent_id > 0',
  values: undefined,
  typeCast: true,
  nestTables: false,
  _resultSet: null,
  _results: [],
  _fields: [],
  _index: 0,
  _loadError: null }
