[2018-09-04T14:36:46.884] [DEBUG] ./logs/sponge-city-2018-09-04.log - updateTaskStatus has error =>  { SequelizeDatabaseError: Query was empty
    at Query.formatError (/Users/xu/Desktop/project/hmcs/sponge-city/node_modules/sequelize/lib/dialects/mysql/query.js:247:16)
    at Query.handler [as onResult] (/Users/xu/Desktop/project/hmcs/sponge-city/node_modules/sequelize/lib/dialects/mysql/query.js:68:23)
    at Query.Command.execute (/Users/xu/Desktop/project/hmcs/sponge-city/node_modules/mysql2/lib/commands/command.js:30:12)
    at Connection.handlePacket (/Users/xu/Desktop/project/hmcs/sponge-city/node_modules/mysql2/lib/connection.js:513:28)
    at PacketParser.onPacket (/Users/xu/Desktop/project/hmcs/sponge-city/node_modules/mysql2/lib/connection.js:81:16)
    at PacketParser.executeStart (/Users/xu/Desktop/project/hmcs/sponge-city/node_modules/mysql2/lib/packet_parser.js:76:14)
    at Socket.<anonymous> (/Users/xu/Desktop/project/hmcs/sponge-city/node_modules/mysql2/lib/connection.js:89:29)
    at Socket.emit (events.js:182:13)
    at addChunk (_stream_readable.js:277:12)
    at readableAddChunk (_stream_readable.js:262:11)
    at Socket.Readable.push (_stream_readable.js:217:10)
    at TCP.onread (net.js:638:20)
  name: 'SequelizeDatabaseError',
  parent: 
   { Error: Query was empty
    at Packet.asError (/Users/xu/Desktop/project/hmcs/sponge-city/node_modules/mysql2/lib/packets/packet.js:714:13)
    at Query.Command.execute (/Users/xu/Desktop/project/hmcs/sponge-city/node_modules/mysql2/lib/commands/command.js:28:22)
    at Connection.handlePacket (/Users/xu/Desktop/project/hmcs/sponge-city/node_modules/mysql2/lib/connection.js:513:28)
    at PacketParser.onPacket (/Users/xu/Desktop/project/hmcs/sponge-city/node_modules/mysql2/lib/connection.js:81:16)
    at PacketParser.executeStart (/Users/xu/Desktop/project/hmcs/sponge-city/node_modules/mysql2/lib/packet_parser.js:76:14)
    at Socket.<anonymous> (/Users/xu/Desktop/project/hmcs/sponge-city/node_modules/mysql2/lib/connection.js:89:29)
    at Socket.emit (events.js:182:13)
    at addChunk (_stream_readable.js:277:12)
    at readableAddChunk (_stream_readable.js:262:11)
    at Socket.Readable.push (_stream_readable.js:217:10)
    at TCP.onread (net.js:638:20)
     code: 'ER_EMPTY_QUERY',
     errno: 1065,
     sqlState: '42000',
     sqlMessage: 'Query was empty',
     sql: '' },
  original: 
   { Error: Query was empty
    at Packet.asError (/Users/xu/Desktop/project/hmcs/sponge-city/node_modules/mysql2/lib/packets/packet.js:714:13)
    at Query.Command.execute (/Users/xu/Desktop/project/hmcs/sponge-city/node_modules/mysql2/lib/commands/command.js:28:22)
    at Connection.handlePacket (/Users/xu/Desktop/project/hmcs/sponge-city/node_modules/mysql2/lib/connection.js:513:28)
    at PacketParser.onPacket (/Users/xu/Desktop/project/hmcs/sponge-city/node_modules/mysql2/lib/connection.js:81:16)
    at PacketParser.executeStart (/Users/xu/Desktop/project/hmcs/sponge-city/node_modules/mysql2/lib/packet_parser.js:76:14)
    at Socket.<anonymous> (/Users/xu/Desktop/project/hmcs/sponge-city/node_modules/mysql2/lib/connection.js:89:29)
    at Socket.emit (events.js:182:13)
    at addChunk (_stream_readable.js:277:12)
    at readableAddChunk (_stream_readable.js:262:11)
    at Socket.Readable.push (_stream_readable.js:217:10)
    at TCP.onread (net.js:638:20)
     code: 'ER_EMPTY_QUERY',
     errno: 1065,
     sqlState: '42000',
     sqlMessage: 'Query was empty',
     sql: '' },
  sql: '' }
[2018-09-04T15:07:42.178] [INFO] ./logs/sponge-city-2018-09-04.log - sql-format => SELECT id,sn,name,region_id,region_name,proj_type as project_type,proj_type_name as project_type_name,engin_type as engineering,engin_type_name as engineering_name,project_detail,sponge_detail,project_area,sponge_area,executant,operate_type,contact_name,contact_phone,investment,investment_local,investment_social,investment_sponge,DATE_FORMAT(start_time, '%Y-%m-%d') as start_time,DATE_FORMAT(end_time, '%Y-%m-%d') as end_time,created_department,DATE_FORMAT(created_time, '%Y-%m-%d %H:%i:%S') as created_time FROM sp_project  ORDER BY id DESC 
[2018-09-04T15:07:42.180] [INFO] ./logs/sponge-city-2018-09-04.log - sql => SELECT id,sn,name,region_id,region_name,proj_type as project_type,proj_type_name as project_type_name,engin_type as engineering,engin_type_name as engineering_name,project_detail,sponge_detail,project_area,sponge_area,executant,operate_type,contact_name,contact_phone,investment,investment_local,investment_social,investment_sponge,DATE_FORMAT(start_time, '%Y-%m-%d') as start_time,DATE_FORMAT(end_time, '%Y-%m-%d') as end_time,created_department,DATE_FORMAT(created_time, '%Y-%m-%d %H:%i:%S') as created_time FROM sp_project  ORDER BY id DESC 
[2018-09-04T15:07:42.184] [INFO] ./logs/sponge-city-2018-09-04.log - query => Query {
  _events: {},
  _eventsCount: 0,
  _maxListeners: undefined,
  _callback: [Function],
  _callSite: Error
    at Pool.query (/Users/xu/Desktop/project/hmcs/sponge-city/node_modules/mysql/lib/Pool.js:199:23)
    at CommonDao._query (/Users/xu/Desktop/project/hmcs/sponge-city/build/webpack:/server/dao/commonDao.js:89:24)
    at /Users/xu/Desktop/project/hmcs/sponge-city/build/webpack:/server/dao/commonDao.js:70:12
    at new Promise (<anonymous>)
    at CommonDao.select (/Users/xu/Desktop/project/hmcs/sponge-city/build/webpack:/server/dao/commonDao.js:69:12)
    at ProjectDao._callee4$ (/Users/xu/Desktop/project/hmcs/sponge-city/build/webpack:/server/dao/projectDao.js:56:38)
    at tryCatch (/Users/xu/Desktop/project/hmcs/sponge-city/node_modules/regenerator-runtime/runtime.js:62:40)
    at Generator.invoke [as _invoke] (/Users/xu/Desktop/project/hmcs/sponge-city/node_modules/regenerator-runtime/runtime.js:296:22)
    at Generator.prototype.(anonymous function) [as next] (/Users/xu/Desktop/project/hmcs/sponge-city/node_modules/regenerator-runtime/runtime.js:114:21)
    at step (/Users/xu/Desktop/project/hmcs/sponge-city/build/main.js:4027:191)
    at /Users/xu/Desktop/project/hmcs/sponge-city/build/main.js:4027:437
    at new Promise (<anonymous>)
    at ProjectDao.<anonymous> (/Users/xu/Desktop/project/hmcs/sponge-city/build/main.js:4027:99)
    at ProjectDao.getProjectListEx (/Users/xu/Desktop/project/hmcs/sponge-city/build/main.js:4231:22)
    at _callee2$ (/Users/xu/Desktop/project/hmcs/sponge-city/build/webpack:/server/services/projectService.js:75:36)
    at tryCatch (/Users/xu/Desktop/project/hmcs/sponge-city/node_modules/regenerator-runtime/runtime.js:62:40)
    at Generator.invoke [as _invoke] (/Users/xu/Desktop/project/hmcs/sponge-city/node_modules/regenerator-runtime/runtime.js:296:22)
    at Generator.prototype.(anonymous function) [as next] (/Users/xu/Desktop/project/hmcs/sponge-city/node_modules/regenerator-runtime/runtime.js:114:21)
    at step (/Users/xu/Desktop/project/hmcs/sponge-city/build/main.js:950:191)
    at /Users/xu/Desktop/project/hmcs/sponge-city/build/main.js:950:437
    at new Promise (<anonymous>)
    at /Users/xu/Desktop/project/hmcs/sponge-city/build/main.js:950:99,
  _ended: false,
  _timeout: undefined,
  _idleNext: null,
  _idlePrev: null,
  _idleStart: null,
  _idleTimeout: -1,
  _repeat: null,
  sql: 'SELECT id,sn,name,region_id,region_name,proj_type as project_type,proj_type_name as project_type_name,engin_type as engineering,engin_type_name as engineering_name,project_detail,sponge_detail,project_area,sponge_area,executant,operate_type,contact_name,contact_phone,investment,investment_local,investment_social,investment_sponge,DATE_FORMAT(start_time, \'%Y-%m-%d\') as start_time,DATE_FORMAT(end_time, \'%Y-%m-%d\') as end_time,created_department,DATE_FORMAT(created_time, \'%Y-%m-%d %H:%i:%S\') as created_time FROM sp_project  ORDER BY id DESC ',
  values: undefined,
  typeCast: true,
  nestTables: false,
  _resultSet: null,
  _results: [],
  _fields: [],
  _index: 0,
  _loadError: null }
[2018-09-04T17:28:05.434] [INFO] ./logs/sponge-city-2018-09-04.log - sql-format => select * from sp_task_organization where parent_id=0
[2018-09-04T17:28:05.436] [INFO] ./logs/sponge-city-2018-09-04.log - sql => select * from sp_task_organization where parent_id=0
[2018-09-04T17:28:05.439] [INFO] ./logs/sponge-city-2018-09-04.log - query => Query {
  _events: {},
  _eventsCount: 0,
  _maxListeners: undefined,
  _callback: [Function],
  _callSite: Error
    at Pool.query (/Users/xu/Desktop/project/hmcs/sponge-city/node_modules/mysql/lib/Pool.js:199:23)
    at CommonDao._query (/Users/xu/Desktop/project/hmcs/sponge-city/build/webpack:/server/dao/commonDao.js:89:24)
    at /Users/xu/Desktop/project/hmcs/sponge-city/build/webpack:/server/dao/commonDao.js:70:12
    at new Promise (<anonymous>)
    at CommonDao.select (/Users/xu/Desktop/project/hmcs/sponge-city/build/webpack:/server/dao/commonDao.js:69:12)
    at Function._callee$ (/Users/xu/Desktop/project/hmcs/sponge-city/build/webpack:/server/dao/taskDao.js:13:38)
    at tryCatch (/Users/xu/Desktop/project/hmcs/sponge-city/node_modules/regenerator-runtime/runtime.js:62:40)
    at Generator.invoke [as _invoke] (/Users/xu/Desktop/project/hmcs/sponge-city/node_modules/regenerator-runtime/runtime.js:296:22)
    at Generator.prototype.(anonymous function) [as next] (/Users/xu/Desktop/project/hmcs/sponge-city/node_modules/regenerator-runtime/runtime.js:114:21)
    at step (/Users/xu/Desktop/project/hmcs/sponge-city/build/main.js:9370:191)
    at /Users/xu/Desktop/project/hmcs/sponge-city/build/main.js:9370:437
    at new Promise (<anonymous>)
    at Function.<anonymous> (/Users/xu/Desktop/project/hmcs/sponge-city/build/main.js:9370:99)
    at Function.getOrganizationList (/Users/xu/Desktop/project/hmcs/sponge-city/build/main.js:9416:21)
    at _callee5$ (/Users/xu/Desktop/project/hmcs/sponge-city/build/webpack:/server/services/taskService.js:85:32)
    at tryCatch (/Users/xu/Desktop/project/hmcs/sponge-city/node_modules/regenerator-runtime/runtime.js:62:40)
    at Generator.invoke [as _invoke] (/Users/xu/Desktop/project/hmcs/sponge-city/node_modules/regenerator-runtime/runtime.js:296:22)
    at Generator.prototype.(anonymous function) [as next] (/Users/xu/Desktop/project/hmcs/sponge-city/node_modules/regenerator-runtime/runtime.js:114:21)
    at step (/Users/xu/Desktop/project/hmcs/sponge-city/build/main.js:7692:191)
    at /Users/xu/Desktop/project/hmcs/sponge-city/build/main.js:7692:437
    at new Promise (<anonymous>)
    at /Users/xu/Desktop/project/hmcs/sponge-city/build/main.js:7692:99,
  _ended: false,
  _timeout: undefined,
  _idleNext: null,
  _idlePrev: null,
  _idleStart: null,
  _idleTimeout: -1,
  _repeat: null,
  sql: 'select * from sp_task_organization where parent_id=0',
  values: undefined,
  typeCast: true,
  nestTables: false,
  _resultSet: null,
  _results: [],
  _fields: [],
  _index: 0,
  _loadError: null }
[2018-09-04T17:28:05.556] [INFO] ./logs/sponge-city-2018-09-04.log - sql-format => select * from sp_task_organization where parent_id > 0
[2018-09-04T17:28:05.556] [INFO] ./logs/sponge-city-2018-09-04.log - sql => select * from sp_task_organization where parent_id > 0
[2018-09-04T17:28:05.557] [INFO] ./logs/sponge-city-2018-09-04.log - query => Query {
  _events: {},
  _eventsCount: 0,
  _maxListeners: undefined,
  _callback: [Function],
  _callSite: Error
    at Pool.query (/Users/xu/Desktop/project/hmcs/sponge-city/node_modules/mysql/lib/Pool.js:199:23)
    at CommonDao._query (/Users/xu/Desktop/project/hmcs/sponge-city/build/webpack:/server/dao/commonDao.js:89:24)
    at /Users/xu/Desktop/project/hmcs/sponge-city/build/webpack:/server/dao/commonDao.js:70:12
    at new Promise (<anonymous>)
    at CommonDao.select (/Users/xu/Desktop/project/hmcs/sponge-city/build/webpack:/server/dao/commonDao.js:69:12)
    at Function._callee2$ (/Users/xu/Desktop/project/hmcs/sponge-city/build/webpack:/server/dao/taskDao.js:23:38)
    at tryCatch (/Users/xu/Desktop/project/hmcs/sponge-city/node_modules/regenerator-runtime/runtime.js:62:40)
    at Generator.invoke [as _invoke] (/Users/xu/Desktop/project/hmcs/sponge-city/node_modules/regenerator-runtime/runtime.js:296:22)
    at Generator.prototype.(anonymous function) [as next] (/Users/xu/Desktop/project/hmcs/sponge-city/node_modules/regenerator-runtime/runtime.js:114:21)
    at step (/Users/xu/Desktop/project/hmcs/sponge-city/build/main.js:9370:191)
    at /Users/xu/Desktop/project/hmcs/sponge-city/build/main.js:9370:437
    at new Promise (<anonymous>)
    at Function.<anonymous> (/Users/xu/Desktop/project/hmcs/sponge-city/build/main.js:9370:99)
    at Function.getChildList (/Users/xu/Desktop/project/hmcs/sponge-city/build/main.js:9456:22)
    at _callee5$ (/Users/xu/Desktop/project/hmcs/sponge-city/build/webpack:/server/services/taskService.js:86:33)
    at tryCatch (/Users/xu/Desktop/project/hmcs/sponge-city/node_modules/regenerator-runtime/runtime.js:62:40)
    at Generator.invoke [as _invoke] (/Users/xu/Desktop/project/hmcs/sponge-city/node_modules/regenerator-runtime/runtime.js:296:22)
    at Generator.prototype.(anonymous function) [as next] (/Users/xu/Desktop/project/hmcs/sponge-city/node_modules/regenerator-runtime/runtime.js:114:21)
    at step (/Users/xu/Desktop/project/hmcs/sponge-city/build/main.js:7692:191)
    at /Users/xu/Desktop/project/hmcs/sponge-city/build/main.js:7692:361
    at process._tickCallback (internal/process/next_tick.js:68:7),
  _ended: false,
  _timeout: undefined,
  _idleNext: null,
  _idlePrev: null,
  _idleStart: null,
  _idleTimeout: -1,
  _repeat: null,
  sql: 'select * from sp_task_organization where parent_id > 0',
  values: undefined,
  typeCast: true,
  nestTables: false,
  _resultSet: null,
  _results: [],
  _fields: [],
  _index: 0,
  _loadError: null }
[2018-09-04T18:14:30.297] [INFO] ./logs/sponge-city-2018-09-04.log - sql-format => select * from sp_task_organization where parent_id=0
[2018-09-04T18:14:30.298] [INFO] ./logs/sponge-city-2018-09-04.log - sql => select * from sp_task_organization where parent_id=0
[2018-09-04T18:14:30.302] [INFO] ./logs/sponge-city-2018-09-04.log - query => Query {
  _events: {},
  _eventsCount: 0,
  _maxListeners: undefined,
  _callback: [Function],
  _callSite: Error
    at Pool.query (/Users/xu/Desktop/project/hmcs/sponge-city/node_modules/mysql/lib/Pool.js:199:23)
    at CommonDao._query (/Users/xu/Desktop/project/hmcs/sponge-city/build/webpack:/server/dao/commonDao.js:89:24)
    at /Users/xu/Desktop/project/hmcs/sponge-city/build/webpack:/server/dao/commonDao.js:70:12
    at new Promise (<anonymous>)
    at CommonDao.select (/Users/xu/Desktop/project/hmcs/sponge-city/build/webpack:/server/dao/commonDao.js:69:12)
    at Function._callee$ (/Users/xu/Desktop/project/hmcs/sponge-city/build/webpack:/server/dao/taskDao.js:13:38)
    at tryCatch (/Users/xu/Desktop/project/hmcs/sponge-city/node_modules/regenerator-runtime/runtime.js:62:40)
    at Generator.invoke [as _invoke] (/Users/xu/Desktop/project/hmcs/sponge-city/node_modules/regenerator-runtime/runtime.js:296:22)
    at Generator.prototype.(anonymous function) [as next] (/Users/xu/Desktop/project/hmcs/sponge-city/node_modules/regenerator-runtime/runtime.js:114:21)
    at step (/Users/xu/Desktop/project/hmcs/sponge-city/build/main.js:9417:191)
    at /Users/xu/Desktop/project/hmcs/sponge-city/build/main.js:9417:437
    at new Promise (<anonymous>)
    at Function.<anonymous> (/Users/xu/Desktop/project/hmcs/sponge-city/build/main.js:9417:99)
    at Function.getOrganizationList (/Users/xu/Desktop/project/hmcs/sponge-city/build/main.js:9463:21)
    at _callee5$ (/Users/xu/Desktop/project/hmcs/sponge-city/build/webpack:/server/services/taskService.js:132:32)
    at tryCatch (/Users/xu/Desktop/project/hmcs/sponge-city/node_modules/regenerator-runtime/runtime.js:62:40)
    at Generator.invoke [as _invoke] (/Users/xu/Desktop/project/hmcs/sponge-city/node_modules/regenerator-runtime/runtime.js:296:22)
    at Generator.prototype.(anonymous function) [as next] (/Users/xu/Desktop/project/hmcs/sponge-city/node_modules/regenerator-runtime/runtime.js:114:21)
    at step (/Users/xu/Desktop/project/hmcs/sponge-city/build/main.js:7692:191)
    at /Users/xu/Desktop/project/hmcs/sponge-city/build/main.js:7692:437
    at new Promise (<anonymous>)
    at /Users/xu/Desktop/project/hmcs/sponge-city/build/main.js:7692:99,
  _ended: false,
  _timeout: undefined,
  _idleNext: null,
  _idlePrev: null,
  _idleStart: null,
  _idleTimeout: -1,
  _repeat: null,
  sql: 'select * from sp_task_organization where parent_id=0',
  values: undefined,
  typeCast: true,
  nestTables: false,
  _resultSet: null,
  _results: [],
  _fields: [],
  _index: 0,
  _loadError: null }
[2018-09-04T18:14:30.460] [INFO] ./logs/sponge-city-2018-09-04.log - sql-format => select * from sp_task_organization where parent_id > 0
[2018-09-04T18:14:30.461] [INFO] ./logs/sponge-city-2018-09-04.log - sql => select * from sp_task_organization where parent_id > 0
[2018-09-04T18:14:30.464] [INFO] ./logs/sponge-city-2018-09-04.log - query => Query {
  _events: {},
  _eventsCount: 0,
  _maxListeners: undefined,
  _callback: [Function],
  _callSite: Error
    at Pool.query (/Users/xu/Desktop/project/hmcs/sponge-city/node_modules/mysql/lib/Pool.js:199:23)
    at CommonDao._query (/Users/xu/Desktop/project/hmcs/sponge-city/build/webpack:/server/dao/commonDao.js:89:24)
    at /Users/xu/Desktop/project/hmcs/sponge-city/build/webpack:/server/dao/commonDao.js:70:12
    at new Promise (<anonymous>)
    at CommonDao.select (/Users/xu/Desktop/project/hmcs/sponge-city/build/webpack:/server/dao/commonDao.js:69:12)
    at Function._callee2$ (/Users/xu/Desktop/project/hmcs/sponge-city/build/webpack:/server/dao/taskDao.js:23:38)
    at tryCatch (/Users/xu/Desktop/project/hmcs/sponge-city/node_modules/regenerator-runtime/runtime.js:62:40)
    at Generator.invoke [as _invoke] (/Users/xu/Desktop/project/hmcs/sponge-city/node_modules/regenerator-runtime/runtime.js:296:22)
    at Generator.prototype.(anonymous function) [as next] (/Users/xu/Desktop/project/hmcs/sponge-city/node_modules/regenerator-runtime/runtime.js:114:21)
    at step (/Users/xu/Desktop/project/hmcs/sponge-city/build/main.js:9417:191)
    at /Users/xu/Desktop/project/hmcs/sponge-city/build/main.js:9417:437
    at new Promise (<anonymous>)
    at Function.<anonymous> (/Users/xu/Desktop/project/hmcs/sponge-city/build/main.js:9417:99)
    at Function.getChildList (/Users/xu/Desktop/project/hmcs/sponge-city/build/main.js:9503:22)
    at _callee5$ (/Users/xu/Desktop/project/hmcs/sponge-city/build/webpack:/server/services/taskService.js:133:33)
    at tryCatch (/Users/xu/Desktop/project/hmcs/sponge-city/node_modules/regenerator-runtime/runtime.js:62:40)
    at Generator.invoke [as _invoke] (/Users/xu/Desktop/project/hmcs/sponge-city/node_modules/regenerator-runtime/runtime.js:296:22)
    at Generator.prototype.(anonymous function) [as next] (/Users/xu/Desktop/project/hmcs/sponge-city/node_modules/regenerator-runtime/runtime.js:114:21)
    at step (/Users/xu/Desktop/project/hmcs/sponge-city/build/main.js:7692:191)
    at /Users/xu/Desktop/project/hmcs/sponge-city/build/main.js:7692:361
    at process._tickCallback (internal/process/next_tick.js:68:7),
  _ended: false,
  _timeout: undefined,
  _idleNext: null,
  _idlePrev: null,
  _idleStart: null,
  _idleTimeout: -1,
  _repeat: null,
  sql: 'select * from sp_task_organization where parent_id > 0',
  values: undefined,
  typeCast: true,
  nestTables: false,
  _resultSet: null,
  _results: [],
  _fields: [],
  _index: 0,
  _loadError: null }
[2018-09-04T18:37:03.601] [INFO] ./logs/sponge-city-2018-09-04.log - sql-format => select * from sp_task_organization where parent_id=0
[2018-09-04T18:37:03.605] [INFO] ./logs/sponge-city-2018-09-04.log - sql => select * from sp_task_organization where parent_id=0
[2018-09-04T18:37:03.608] [INFO] ./logs/sponge-city-2018-09-04.log - query => Query {
  _events: {},
  _eventsCount: 0,
  _maxListeners: undefined,
  _callback: [Function],
  _callSite: Error
    at Pool.query (/Users/xu/Desktop/project/hmcs/sponge-city/node_modules/mysql/lib/Pool.js:199:23)
    at CommonDao._query (/Users/xu/Desktop/project/hmcs/sponge-city/build/webpack:/server/dao/commonDao.js:89:24)
    at /Users/xu/Desktop/project/hmcs/sponge-city/build/webpack:/server/dao/commonDao.js:70:12
    at new Promise (<anonymous>)
    at CommonDao.select (/Users/xu/Desktop/project/hmcs/sponge-city/build/webpack:/server/dao/commonDao.js:69:12)
    at Function._callee$ (/Users/xu/Desktop/project/hmcs/sponge-city/build/webpack:/server/dao/taskDao.js:13:38)
    at tryCatch (/Users/xu/Desktop/project/hmcs/sponge-city/node_modules/regenerator-runtime/runtime.js:62:40)
    at Generator.invoke [as _invoke] (/Users/xu/Desktop/project/hmcs/sponge-city/node_modules/regenerator-runtime/runtime.js:296:22)
    at Generator.prototype.(anonymous function) [as next] (/Users/xu/Desktop/project/hmcs/sponge-city/node_modules/regenerator-runtime/runtime.js:114:21)
    at step (/Users/xu/Desktop/project/hmcs/sponge-city/build/main.js:9849:191)
    at /Users/xu/Desktop/project/hmcs/sponge-city/build/main.js:9849:437
    at new Promise (<anonymous>)
    at Function.<anonymous> (/Users/xu/Desktop/project/hmcs/sponge-city/build/main.js:9849:99)
    at Function.getOrganizationList (/Users/xu/Desktop/project/hmcs/sponge-city/build/main.js:9895:21)
    at _callee5$ (/Users/xu/Desktop/project/hmcs/sponge-city/build/webpack:/server/services/taskService.js:564:32)
    at tryCatch (/Users/xu/Desktop/project/hmcs/sponge-city/node_modules/regenerator-runtime/runtime.js:62:40)
    at Generator.invoke [as _invoke] (/Users/xu/Desktop/project/hmcs/sponge-city/node_modules/regenerator-runtime/runtime.js:296:22)
    at Generator.prototype.(anonymous function) [as next] (/Users/xu/Desktop/project/hmcs/sponge-city/node_modules/regenerator-runtime/runtime.js:114:21)
    at step (/Users/xu/Desktop/project/hmcs/sponge-city/build/main.js:7692:191)
    at /Users/xu/Desktop/project/hmcs/sponge-city/build/main.js:7692:437
    at new Promise (<anonymous>)
    at /Users/xu/Desktop/project/hmcs/sponge-city/build/main.js:7692:99,
  _ended: false,
  _timeout: undefined,
  _idleNext: null,
  _idlePrev: null,
  _idleStart: null,
  _idleTimeout: -1,
  _repeat: null,
  sql: 'select * from sp_task_organization where parent_id=0',
  values: undefined,
  typeCast: true,
  nestTables: false,
  _resultSet: null,
  _results: [],
  _fields: [],
  _index: 0,
  _loadError: null }
[2018-09-04T18:37:03.773] [INFO] ./logs/sponge-city-2018-09-04.log - sql-format => select * from sp_task_organization where parent_id > 0
[2018-09-04T18:37:03.773] [INFO] ./logs/sponge-city-2018-09-04.log - sql => select * from sp_task_organization where parent_id > 0
[2018-09-04T18:37:03.774] [INFO] ./logs/sponge-city-2018-09-04.log - query => Query {
  _events: {},
  _eventsCount: 0,
  _maxListeners: undefined,
  _callback: [Function],
  _callSite: Error
    at Pool.query (/Users/xu/Desktop/project/hmcs/sponge-city/node_modules/mysql/lib/Pool.js:199:23)
    at CommonDao._query (/Users/xu/Desktop/project/hmcs/sponge-city/build/webpack:/server/dao/commonDao.js:89:24)
    at /Users/xu/Desktop/project/hmcs/sponge-city/build/webpack:/server/dao/commonDao.js:70:12
    at new Promise (<anonymous>)
    at CommonDao.select (/Users/xu/Desktop/project/hmcs/sponge-city/build/webpack:/server/dao/commonDao.js:69:12)
    at Function._callee2$ (/Users/xu/Desktop/project/hmcs/sponge-city/build/webpack:/server/dao/taskDao.js:23:38)
    at tryCatch (/Users/xu/Desktop/project/hmcs/sponge-city/node_modules/regenerator-runtime/runtime.js:62:40)
    at Generator.invoke [as _invoke] (/Users/xu/Desktop/project/hmcs/sponge-city/node_modules/regenerator-runtime/runtime.js:296:22)
    at Generator.prototype.(anonymous function) [as next] (/Users/xu/Desktop/project/hmcs/sponge-city/node_modules/regenerator-runtime/runtime.js:114:21)
    at step (/Users/xu/Desktop/project/hmcs/sponge-city/build/main.js:9849:191)
    at /Users/xu/Desktop/project/hmcs/sponge-city/build/main.js:9849:437
    at new Promise (<anonymous>)
    at Function.<anonymous> (/Users/xu/Desktop/project/hmcs/sponge-city/build/main.js:9849:99)
    at Function.getChildList (/Users/xu/Desktop/project/hmcs/sponge-city/build/main.js:9935:22)
    at _callee5$ (/Users/xu/Desktop/project/hmcs/sponge-city/build/webpack:/server/services/taskService.js:565:33)
    at tryCatch (/Users/xu/Desktop/project/hmcs/sponge-city/node_modules/regenerator-runtime/runtime.js:62:40)
    at Generator.invoke [as _invoke] (/Users/xu/Desktop/project/hmcs/sponge-city/node_modules/regenerator-runtime/runtime.js:296:22)
    at Generator.prototype.(anonymous function) [as next] (/Users/xu/Desktop/project/hmcs/sponge-city/node_modules/regenerator-runtime/runtime.js:114:21)
    at step (/Users/xu/Desktop/project/hmcs/sponge-city/build/main.js:7692:191)
    at /Users/xu/Desktop/project/hmcs/sponge-city/build/main.js:7692:361
    at process._tickCallback (internal/process/next_tick.js:68:7),
  _ended: false,
  _timeout: undefined,
  _idleNext: null,
  _idlePrev: null,
  _idleStart: null,
  _idleTimeout: -1,
  _repeat: null,
  sql: 'select * from sp_task_organization where parent_id > 0',
  values: undefined,
  typeCast: true,
  nestTables: false,
  _resultSet: null,
  _results: [],
  _fields: [],
  _index: 0,
  _loadError: null }
[2018-09-04T18:38:12.457] [INFO] ./logs/sponge-city-2018-09-04.log - sql-format => select * from sp_task_organization where parent_id=0
[2018-09-04T18:38:12.458] [INFO] ./logs/sponge-city-2018-09-04.log - sql => select * from sp_task_organization where parent_id=0
[2018-09-04T18:38:12.461] [INFO] ./logs/sponge-city-2018-09-04.log - query => Query {
  _events: {},
  _eventsCount: 0,
  _maxListeners: undefined,
  _callback: [Function],
  _callSite: Error
    at Pool.query (/Users/xu/Desktop/project/hmcs/sponge-city/node_modules/mysql/lib/Pool.js:199:23)
    at CommonDao._query (/Users/xu/Desktop/project/hmcs/sponge-city/build/webpack:/server/dao/commonDao.js:89:24)
    at /Users/xu/Desktop/project/hmcs/sponge-city/build/webpack:/server/dao/commonDao.js:70:12
    at new Promise (<anonymous>)
    at CommonDao.select (/Users/xu/Desktop/project/hmcs/sponge-city/build/webpack:/server/dao/commonDao.js:69:12)
    at Function._callee$ (/Users/xu/Desktop/project/hmcs/sponge-city/build/webpack:/server/dao/taskDao.js:13:38)
    at tryCatch (/Users/xu/Desktop/project/hmcs/sponge-city/node_modules/regenerator-runtime/runtime.js:62:40)
    at Generator.invoke [as _invoke] (/Users/xu/Desktop/project/hmcs/sponge-city/node_modules/regenerator-runtime/runtime.js:296:22)
    at Generator.prototype.(anonymous function) [as next] (/Users/xu/Desktop/project/hmcs/sponge-city/node_modules/regenerator-runtime/runtime.js:114:21)
    at step (/Users/xu/Desktop/project/hmcs/sponge-city/build/main.js:9848:191)
    at /Users/xu/Desktop/project/hmcs/sponge-city/build/main.js:9848:437
    at new Promise (<anonymous>)
    at Function.<anonymous> (/Users/xu/Desktop/project/hmcs/sponge-city/build/main.js:9848:99)
    at Function.getOrganizationList (/Users/xu/Desktop/project/hmcs/sponge-city/build/main.js:9894:21)
    at _callee5$ (/Users/xu/Desktop/project/hmcs/sponge-city/build/webpack:/server/services/taskService.js:563:32)
    at tryCatch (/Users/xu/Desktop/project/hmcs/sponge-city/node_modules/regenerator-runtime/runtime.js:62:40)
    at Generator.invoke [as _invoke] (/Users/xu/Desktop/project/hmcs/sponge-city/node_modules/regenerator-runtime/runtime.js:296:22)
    at Generator.prototype.(anonymous function) [as next] (/Users/xu/Desktop/project/hmcs/sponge-city/node_modules/regenerator-runtime/runtime.js:114:21)
    at step (/Users/xu/Desktop/project/hmcs/sponge-city/build/main.js:7692:191)
    at /Users/xu/Desktop/project/hmcs/sponge-city/build/main.js:7692:437
    at new Promise (<anonymous>)
    at /Users/xu/Desktop/project/hmcs/sponge-city/build/main.js:7692:99,
  _ended: false,
  _timeout: undefined,
  _idleNext: null,
  _idlePrev: null,
  _idleStart: null,
  _idleTimeout: -1,
  _repeat: null,
  sql: 'select * from sp_task_organization where parent_id=0',
  values: undefined,
  typeCast: true,
  nestTables: false,
  _resultSet: null,
  _results: [],
  _fields: [],
  _index: 0,
  _loadError: null }
[2018-09-04T18:38:12.672] [INFO] ./logs/sponge-city-2018-09-04.log - sql-format => select * from sp_task_organization where parent_id > 0
[2018-09-04T18:38:12.672] [INFO] ./logs/sponge-city-2018-09-04.log - sql => select * from sp_task_organization where parent_id > 0
[2018-09-04T18:38:12.673] [INFO] ./logs/sponge-city-2018-09-04.log - query => Query {
  _events: {},
  _eventsCount: 0,
  _maxListeners: undefined,
  _callback: [Function],
  _callSite: Error
    at Pool.query (/Users/xu/Desktop/project/hmcs/sponge-city/node_modules/mysql/lib/Pool.js:199:23)
    at CommonDao._query (/Users/xu/Desktop/project/hmcs/sponge-city/build/webpack:/server/dao/commonDao.js:89:24)
    at /Users/xu/Desktop/project/hmcs/sponge-city/build/webpack:/server/dao/commonDao.js:70:12
    at new Promise (<anonymous>)
    at CommonDao.select (/Users/xu/Desktop/project/hmcs/sponge-city/build/webpack:/server/dao/commonDao.js:69:12)
    at Function._callee2$ (/Users/xu/Desktop/project/hmcs/sponge-city/build/webpack:/server/dao/taskDao.js:23:38)
    at tryCatch (/Users/xu/Desktop/project/hmcs/sponge-city/node_modules/regenerator-runtime/runtime.js:62:40)
    at Generator.invoke [as _invoke] (/Users/xu/Desktop/project/hmcs/sponge-city/node_modules/regenerator-runtime/runtime.js:296:22)
    at Generator.prototype.(anonymous function) [as next] (/Users/xu/Desktop/project/hmcs/sponge-city/node_modules/regenerator-runtime/runtime.js:114:21)
    at step (/Users/xu/Desktop/project/hmcs/sponge-city/build/main.js:9848:191)
    at /Users/xu/Desktop/project/hmcs/sponge-city/build/main.js:9848:437
    at new Promise (<anonymous>)
    at Function.<anonymous> (/Users/xu/Desktop/project/hmcs/sponge-city/build/main.js:9848:99)
    at Function.getChildList (/Users/xu/Desktop/project/hmcs/sponge-city/build/main.js:9934:22)
    at _callee5$ (/Users/xu/Desktop/project/hmcs/sponge-city/build/webpack:/server/services/taskService.js:564:33)
    at tryCatch (/Users/xu/Desktop/project/hmcs/sponge-city/node_modules/regenerator-runtime/runtime.js:62:40)
    at Generator.invoke [as _invoke] (/Users/xu/Desktop/project/hmcs/sponge-city/node_modules/regenerator-runtime/runtime.js:296:22)
    at Generator.prototype.(anonymous function) [as next] (/Users/xu/Desktop/project/hmcs/sponge-city/node_modules/regenerator-runtime/runtime.js:114:21)
    at step (/Users/xu/Desktop/project/hmcs/sponge-city/build/main.js:7692:191)
    at /Users/xu/Desktop/project/hmcs/sponge-city/build/main.js:7692:361
    at process._tickCallback (internal/process/next_tick.js:68:7),
  _ended: false,
  _timeout: undefined,
  _idleNext: null,
  _idlePrev: null,
  _idleStart: null,
  _idleTimeout: -1,
  _repeat: null,
  sql: 'select * from sp_task_organization where parent_id > 0',
  values: undefined,
  typeCast: true,
  nestTables: false,
  _resultSet: null,
  _results: [],
  _fields: [],
  _index: 0,
  _loadError: null }
[2018-09-04T18:38:19.155] [INFO] ./logs/sponge-city-2018-09-04.log - sql => replace into sp_task_organization (id,group_name,name,position,parent_id,level,block_id) values ?
[2018-09-04T18:38:19.156] [INFO] ./logs/sponge-city-2018-09-04.log - query => Query {
  _events: {},
  _eventsCount: 0,
  _maxListeners: undefined,
  _callback: [Function],
  _callSite: Error
    at Pool.query (/Users/xu/Desktop/project/hmcs/sponge-city/node_modules/mysql/lib/Pool.js:199:23)
    at CommonDao._query (/Users/xu/Desktop/project/hmcs/sponge-city/build/webpack:/server/dao/commonDao.js:89:24)
    at /Users/xu/Desktop/project/hmcs/sponge-city/build/webpack:/server/dao/commonDao.js:56:12
    at new Promise (<anonymous>)
    at CommonDao.update (/Users/xu/Desktop/project/hmcs/sponge-city/build/webpack:/server/dao/commonDao.js:55:12)
    at Function._callee3$ (/Users/xu/Desktop/project/hmcs/sponge-city/build/webpack:/server/dao/taskDao.js:33:38)
    at tryCatch (/Users/xu/Desktop/project/hmcs/sponge-city/node_modules/regenerator-runtime/runtime.js:62:40)
    at Generator.invoke [as _invoke] (/Users/xu/Desktop/project/hmcs/sponge-city/node_modules/regenerator-runtime/runtime.js:296:22)
    at Generator.prototype.(anonymous function) [as next] (/Users/xu/Desktop/project/hmcs/sponge-city/node_modules/regenerator-runtime/runtime.js:114:21)
    at step (/Users/xu/Desktop/project/hmcs/sponge-city/build/main.js:9848:191)
    at /Users/xu/Desktop/project/hmcs/sponge-city/build/main.js:9848:437
    at new Promise (<anonymous>)
    at Function.<anonymous> (/Users/xu/Desktop/project/hmcs/sponge-city/build/main.js:9848:99)
    at Function.editOrganization (/Users/xu/Desktop/project/hmcs/sponge-city/build/main.js:9974:22)
    at _callee4$ (/Users/xu/Desktop/project/hmcs/sponge-city/build/webpack:/server/services/taskService.js:101:19)
    at tryCatch (/Users/xu/Desktop/project/hmcs/sponge-city/node_modules/regenerator-runtime/runtime.js:62:40)
    at Generator.invoke [as _invoke] (/Users/xu/Desktop/project/hmcs/sponge-city/node_modules/regenerator-runtime/runtime.js:296:22)
    at Generator.prototype.(anonymous function) [as next] (/Users/xu/Desktop/project/hmcs/sponge-city/node_modules/regenerator-runtime/runtime.js:114:21)
    at step (/Users/xu/Desktop/project/hmcs/sponge-city/build/main.js:7692:191)
    at /Users/xu/Desktop/project/hmcs/sponge-city/build/main.js:7692:361
    at process._tickCallback (internal/process/next_tick.js:68:7),
  _ended: false,
  _timeout: undefined,
  _idleNext: null,
  _idlePrev: null,
  _idleStart: null,
  _idleTimeout: -1,
  _repeat: null,
  sql: 'replace into sp_task_organization (id,group_name,name,position,parent_id,level,block_id) values ?',
  values: 
   [ [ [Array],
       [Array],
       [Array],
       [Array],
       [Array],
       [Array],
       [Array],
       [Array],
       [Array],
       [Array],
       [Array],
       [Array],
       [Array],
       [Array],
       [Array],
       [Array],
       [Array],
       [Array],
       [Array],
       [Array],
       [Array],
       [Array],
       [Array],
       [Array],
       [Array],
       [Array],
       [Array],
       [Array],
       [Array],
       [Array],
       [Array],
       [Array],
       [Array],
       [Array],
       [Array] ] ],
  typeCast: true,
  nestTables: false,
  _resultSet: null,
  _results: [],
  _fields: [],
  _index: 0,
  _loadError: null }
[2018-09-04T18:38:19.210] [INFO] ./logs/sponge-city-2018-09-04.log - sql => select id,group_name from sp_task_organization where parent_id = -1
[2018-09-04T18:38:19.211] [INFO] ./logs/sponge-city-2018-09-04.log - query => Query {
  _events: {},
  _eventsCount: 0,
  _maxListeners: undefined,
  _callback: [Function],
  _callSite: Error
    at Pool.query (/Users/xu/Desktop/project/hmcs/sponge-city/node_modules/mysql/lib/Pool.js:199:23)
    at CommonDao._query (/Users/xu/Desktop/project/hmcs/sponge-city/build/webpack:/server/dao/commonDao.js:89:24)
    at /Users/xu/Desktop/project/hmcs/sponge-city/build/webpack:/server/dao/commonDao.js:70:12
    at new Promise (<anonymous>)
    at CommonDao.select (/Users/xu/Desktop/project/hmcs/sponge-city/build/webpack:/server/dao/commonDao.js:69:12)
    at Function._callee4$ (/Users/xu/Desktop/project/hmcs/sponge-city/build/webpack:/server/dao/taskDao.js:43:38)
    at tryCatch (/Users/xu/Desktop/project/hmcs/sponge-city/node_modules/regenerator-runtime/runtime.js:62:40)
    at Generator.invoke [as _invoke] (/Users/xu/Desktop/project/hmcs/sponge-city/node_modules/regenerator-runtime/runtime.js:296:22)
    at Generator.prototype.(anonymous function) [as next] (/Users/xu/Desktop/project/hmcs/sponge-city/node_modules/regenerator-runtime/runtime.js:114:21)
    at step (/Users/xu/Desktop/project/hmcs/sponge-city/build/main.js:9848:191)
    at /Users/xu/Desktop/project/hmcs/sponge-city/build/main.js:9848:437
    at new Promise (<anonymous>)
    at Function.<anonymous> (/Users/xu/Desktop/project/hmcs/sponge-city/build/main.js:9848:99)
    at Function.getNeedUpdateChild (/Users/xu/Desktop/project/hmcs/sponge-city/build/main.js:10015:22)
    at _callee3$ (/Users/xu/Desktop/project/hmcs/sponge-city/build/webpack:/server/services/taskService.js:39:32)
    at tryCatch (/Users/xu/Desktop/project/hmcs/sponge-city/node_modules/regenerator-runtime/runtime.js:62:40)
    at Generator.invoke [as _invoke] (/Users/xu/Desktop/project/hmcs/sponge-city/node_modules/regenerator-runtime/runtime.js:296:22)
    at Generator.prototype.(anonymous function) [as next] (/Users/xu/Desktop/project/hmcs/sponge-city/node_modules/regenerator-runtime/runtime.js:114:21)
    at step (/Users/xu/Desktop/project/hmcs/sponge-city/build/main.js:7692:191)
    at /Users/xu/Desktop/project/hmcs/sponge-city/build/main.js:7692:437
    at new Promise (<anonymous>)
    at /Users/xu/Desktop/project/hmcs/sponge-city/build/main.js:7692:99,
  _ended: false,
  _timeout: undefined,
  _idleNext: null,
  _idlePrev: null,
  _idleStart: null,
  _idleTimeout: -1,
  _repeat: null,
  sql: 'select id,group_name from sp_task_organization where parent_id = -1',
  values: null,
  typeCast: true,
  nestTables: false,
  _resultSet: null,
  _results: [],
  _fields: [],
  _index: 0,
  _loadError: null }
[2018-09-04T18:38:19.221] [INFO] ./logs/sponge-city-2018-09-04.log - sql => delete from sp_task_organization where id in(?)
[2018-09-04T18:38:19.221] [INFO] ./logs/sponge-city-2018-09-04.log - query => Query {
  _events: {},
  _eventsCount: 0,
  _maxListeners: undefined,
  _callback: [Function],
  _callSite: Error
    at Pool.query (/Users/xu/Desktop/project/hmcs/sponge-city/node_modules/mysql/lib/Pool.js:199:23)
    at CommonDao._query (/Users/xu/Desktop/project/hmcs/sponge-city/build/webpack:/server/dao/commonDao.js:89:24)
    at /Users/xu/Desktop/project/hmcs/sponge-city/build/webpack:/server/dao/commonDao.js:56:12
    at new Promise (<anonymous>)
    at CommonDao.update (/Users/xu/Desktop/project/hmcs/sponge-city/build/webpack:/server/dao/commonDao.js:55:12)
    at Function._callee7$ (/Users/xu/Desktop/project/hmcs/sponge-city/build/webpack:/server/dao/taskDao.js:73:30)
    at tryCatch (/Users/xu/Desktop/project/hmcs/sponge-city/node_modules/regenerator-runtime/runtime.js:62:40)
    at Generator.invoke [as _invoke] (/Users/xu/Desktop/project/hmcs/sponge-city/node_modules/regenerator-runtime/runtime.js:296:22)
    at Generator.prototype.(anonymous function) [as next] (/Users/xu/Desktop/project/hmcs/sponge-city/node_modules/regenerator-runtime/runtime.js:114:21)
    at step (/Users/xu/Desktop/project/hmcs/sponge-city/build/main.js:9848:191)
    at /Users/xu/Desktop/project/hmcs/sponge-city/build/main.js:9848:437
    at new Promise (<anonymous>)
    at Function.<anonymous> (/Users/xu/Desktop/project/hmcs/sponge-city/build/main.js:9848:99)
    at Function.deleteOrganizationRecord (/Users/xu/Desktop/project/hmcs/sponge-city/build/main.js:10133:22)
    at _callee4$ (/Users/xu/Desktop/project/hmcs/sponge-city/build/webpack:/server/services/taskService.js:105:19)
    at tryCatch (/Users/xu/Desktop/project/hmcs/sponge-city/node_modules/regenerator-runtime/runtime.js:62:40)
    at Generator.invoke [as _invoke] (/Users/xu/Desktop/project/hmcs/sponge-city/node_modules/regenerator-runtime/runtime.js:296:22)
    at Generator.prototype.(anonymous function) [as next] (/Users/xu/Desktop/project/hmcs/sponge-city/node_modules/regenerator-runtime/runtime.js:114:21)
    at step (/Users/xu/Desktop/project/hmcs/sponge-city/build/main.js:7692:191)
    at /Users/xu/Desktop/project/hmcs/sponge-city/build/main.js:7692:361
    at process._tickCallback (internal/process/next_tick.js:68:7),
  _ended: false,
  _timeout: undefined,
  _idleNext: null,
  _idlePrev: null,
  _idleStart: null,
  _idleTimeout: -1,
  _repeat: null,
  sql: 'delete from sp_task_organization where id in(?)',
  values: [],
  typeCast: true,
  nestTables: false,
  _resultSet: null,
  _results: [],
  _fields: [],
  _index: 0,
  _loadError: null }
[2018-09-04T18:45:30.521] [INFO] ./logs/sponge-city-2018-09-04.log - sql-format => select * from sp_task_organization where parent_id=0
[2018-09-04T18:45:30.525] [INFO] ./logs/sponge-city-2018-09-04.log - sql => select * from sp_task_organization where parent_id=0
[2018-09-04T18:45:30.528] [INFO] ./logs/sponge-city-2018-09-04.log - query => Query {
  _events: {},
  _eventsCount: 0,
  _maxListeners: undefined,
  _callback: [Function],
  _callSite: Error
    at Pool.query (/Users/xu/Desktop/project/hmcs/sponge-city/node_modules/mysql/lib/Pool.js:199:23)
    at CommonDao._query (/Users/xu/Desktop/project/hmcs/sponge-city/build/webpack:/server/dao/commonDao.js:89:24)
    at /Users/xu/Desktop/project/hmcs/sponge-city/build/webpack:/server/dao/commonDao.js:70:12
    at new Promise (<anonymous>)
    at CommonDao.select (/Users/xu/Desktop/project/hmcs/sponge-city/build/webpack:/server/dao/commonDao.js:69:12)
    at Function._callee$ (/Users/xu/Desktop/project/hmcs/sponge-city/build/webpack:/server/dao/taskDao.js:13:38)
    at tryCatch (/Users/xu/Desktop/project/hmcs/sponge-city/node_modules/regenerator-runtime/runtime.js:62:40)
    at Generator.invoke [as _invoke] (/Users/xu/Desktop/project/hmcs/sponge-city/node_modules/regenerator-runtime/runtime.js:296:22)
    at Generator.prototype.(anonymous function) [as next] (/Users/xu/Desktop/project/hmcs/sponge-city/node_modules/regenerator-runtime/runtime.js:114:21)
    at step (/Users/xu/Desktop/project/hmcs/sponge-city/build/main.js:9873:191)
    at /Users/xu/Desktop/project/hmcs/sponge-city/build/main.js:9873:437
    at new Promise (<anonymous>)
    at Function.<anonymous> (/Users/xu/Desktop/project/hmcs/sponge-city/build/main.js:9873:99)
    at Function.getOrganizationList (/Users/xu/Desktop/project/hmcs/sponge-city/build/main.js:9919:21)
    at _callee5$ (/Users/xu/Desktop/project/hmcs/sponge-city/build/webpack:/server/services/taskService.js:558:32)
    at tryCatch (/Users/xu/Desktop/project/hmcs/sponge-city/node_modules/regenerator-runtime/runtime.js:62:40)
    at Generator.invoke [as _invoke] (/Users/xu/Desktop/project/hmcs/sponge-city/node_modules/regenerator-runtime/runtime.js:296:22)
    at Generator.prototype.(anonymous function) [as next] (/Users/xu/Desktop/project/hmcs/sponge-city/node_modules/regenerator-runtime/runtime.js:114:21)
    at step (/Users/xu/Desktop/project/hmcs/sponge-city/build/main.js:7692:191)
    at /Users/xu/Desktop/project/hmcs/sponge-city/build/main.js:7692:437
    at new Promise (<anonymous>)
    at /Users/xu/Desktop/project/hmcs/sponge-city/build/main.js:7692:99,
  _ended: false,
  _timeout: undefined,
  _idleNext: null,
  _idlePrev: null,
  _idleStart: null,
  _idleTimeout: -1,
  _repeat: null,
  sql: 'select * from sp_task_organization where parent_id=0',
  values: undefined,
  typeCast: true,
  nestTables: false,
  _resultSet: null,
  _results: [],
  _fields: [],
  _index: 0,
  _loadError: null }
[2018-09-04T18:45:30.706] [INFO] ./logs/sponge-city-2018-09-04.log - sql-format => select * from sp_task_organization where parent_id > 0
[2018-09-04T18:45:30.706] [INFO] ./logs/sponge-city-2018-09-04.log - sql => select * from sp_task_organization where parent_id > 0
[2018-09-04T18:45:30.707] [INFO] ./logs/sponge-city-2018-09-04.log - query => Query {
  _events: {},
  _eventsCount: 0,
  _maxListeners: undefined,
  _callback: [Function],
  _callSite: Error
    at Pool.query (/Users/xu/Desktop/project/hmcs/sponge-city/node_modules/mysql/lib/Pool.js:199:23)
    at CommonDao._query (/Users/xu/Desktop/project/hmcs/sponge-city/build/webpack:/server/dao/commonDao.js:89:24)
    at /Users/xu/Desktop/project/hmcs/sponge-city/build/webpack:/server/dao/commonDao.js:70:12
    at new Promise (<anonymous>)
    at CommonDao.select (/Users/xu/Desktop/project/hmcs/sponge-city/build/webpack:/server/dao/commonDao.js:69:12)
    at Function._callee2$ (/Users/xu/Desktop/project/hmcs/sponge-city/build/webpack:/server/dao/taskDao.js:23:38)
    at tryCatch (/Users/xu/Desktop/project/hmcs/sponge-city/node_modules/regenerator-runtime/runtime.js:62:40)
    at Generator.invoke [as _invoke] (/Users/xu/Desktop/project/hmcs/sponge-city/node_modules/regenerator-runtime/runtime.js:296:22)
    at Generator.prototype.(anonymous function) [as next] (/Users/xu/Desktop/project/hmcs/sponge-city/node_modules/regenerator-runtime/runtime.js:114:21)
    at step (/Users/xu/Desktop/project/hmcs/sponge-city/build/main.js:9873:191)
    at /Users/xu/Desktop/project/hmcs/sponge-city/build/main.js:9873:437
    at new Promise (<anonymous>)
    at Function.<anonymous> (/Users/xu/Desktop/project/hmcs/sponge-city/build/main.js:9873:99)
    at Function.getChildList (/Users/xu/Desktop/project/hmcs/sponge-city/build/main.js:9959:22)
    at _callee5$ (/Users/xu/Desktop/project/hmcs/sponge-city/build/webpack:/server/services/taskService.js:559:33)
    at tryCatch (/Users/xu/Desktop/project/hmcs/sponge-city/node_modules/regenerator-runtime/runtime.js:62:40)
    at Generator.invoke [as _invoke] (/Users/xu/Desktop/project/hmcs/sponge-city/node_modules/regenerator-runtime/runtime.js:296:22)
    at Generator.prototype.(anonymous function) [as next] (/Users/xu/Desktop/project/hmcs/sponge-city/node_modules/regenerator-runtime/runtime.js:114:21)
    at step (/Users/xu/Desktop/project/hmcs/sponge-city/build/main.js:7692:191)
    at /Users/xu/Desktop/project/hmcs/sponge-city/build/main.js:7692:361
    at process._tickCallback (internal/process/next_tick.js:68:7),
  _ended: false,
  _timeout: undefined,
  _idleNext: null,
  _idlePrev: null,
  _idleStart: null,
  _idleTimeout: -1,
  _repeat: null,
  sql: 'select * from sp_task_organization where parent_id > 0',
  values: undefined,
  typeCast: true,
  nestTables: false,
  _resultSet: null,
  _results: [],
  _fields: [],
  _index: 0,
  _loadError: null }
[2018-09-04T18:45:33.995] [INFO] ./logs/sponge-city-2018-09-04.log - sql-format => select * from sp_task_organization where parent_id=0
[2018-09-04T18:45:33.995] [INFO] ./logs/sponge-city-2018-09-04.log - sql => select * from sp_task_organization where parent_id=0
[2018-09-04T18:45:33.996] [INFO] ./logs/sponge-city-2018-09-04.log - query => Query {
  _events: {},
  _eventsCount: 0,
  _maxListeners: undefined,
  _callback: [Function],
  _callSite: Error
    at Pool.query (/Users/xu/Desktop/project/hmcs/sponge-city/node_modules/mysql/lib/Pool.js:199:23)
    at CommonDao._query (/Users/xu/Desktop/project/hmcs/sponge-city/build/webpack:/server/dao/commonDao.js:89:24)
    at /Users/xu/Desktop/project/hmcs/sponge-city/build/webpack:/server/dao/commonDao.js:70:12
    at new Promise (<anonymous>)
    at CommonDao.select (/Users/xu/Desktop/project/hmcs/sponge-city/build/webpack:/server/dao/commonDao.js:69:12)
    at Function._callee$ (/Users/xu/Desktop/project/hmcs/sponge-city/build/webpack:/server/dao/taskDao.js:13:38)
    at tryCatch (/Users/xu/Desktop/project/hmcs/sponge-city/node_modules/regenerator-runtime/runtime.js:62:40)
    at Generator.invoke [as _invoke] (/Users/xu/Desktop/project/hmcs/sponge-city/node_modules/regenerator-runtime/runtime.js:296:22)
    at Generator.prototype.(anonymous function) [as next] (/Users/xu/Desktop/project/hmcs/sponge-city/node_modules/regenerator-runtime/runtime.js:114:21)
    at step (/Users/xu/Desktop/project/hmcs/sponge-city/build/main.js:9873:191)
    at /Users/xu/Desktop/project/hmcs/sponge-city/build/main.js:9873:437
    at new Promise (<anonymous>)
    at Function.<anonymous> (/Users/xu/Desktop/project/hmcs/sponge-city/build/main.js:9873:99)
    at Function.getOrganizationList (/Users/xu/Desktop/project/hmcs/sponge-city/build/main.js:9919:21)
    at _callee5$ (/Users/xu/Desktop/project/hmcs/sponge-city/build/webpack:/server/services/taskService.js:558:32)
    at tryCatch (/Users/xu/Desktop/project/hmcs/sponge-city/node_modules/regenerator-runtime/runtime.js:62:40)
    at Generator.invoke [as _invoke] (/Users/xu/Desktop/project/hmcs/sponge-city/node_modules/regenerator-runtime/runtime.js:296:22)
    at Generator.prototype.(anonymous function) [as next] (/Users/xu/Desktop/project/hmcs/sponge-city/node_modules/regenerator-runtime/runtime.js:114:21)
    at step (/Users/xu/Desktop/project/hmcs/sponge-city/build/main.js:7692:191)
    at /Users/xu/Desktop/project/hmcs/sponge-city/build/main.js:7692:437
    at new Promise (<anonymous>)
    at /Users/xu/Desktop/project/hmcs/sponge-city/build/main.js:7692:99,
  _ended: false,
  _timeout: undefined,
  _idleNext: null,
  _idlePrev: null,
  _idleStart: null,
  _idleTimeout: -1,
  _repeat: null,
  sql: 'select * from sp_task_organization where parent_id=0',
  values: undefined,
  typeCast: true,
  nestTables: false,
  _resultSet: null,
  _results: [],
  _fields: [],
  _index: 0,
  _loadError: null }
[2018-09-04T18:45:34.283] [INFO] ./logs/sponge-city-2018-09-04.log - sql-format => select * from sp_task_organization where parent_id > 0
[2018-09-04T18:45:34.284] [INFO] ./logs/sponge-city-2018-09-04.log - sql => select * from sp_task_organization where parent_id > 0
[2018-09-04T18:45:34.284] [INFO] ./logs/sponge-city-2018-09-04.log - query => Query {
  _events: {},
  _eventsCount: 0,
  _maxListeners: undefined,
  _callback: [Function],
  _callSite: Error
    at Pool.query (/Users/xu/Desktop/project/hmcs/sponge-city/node_modules/mysql/lib/Pool.js:199:23)
    at CommonDao._query (/Users/xu/Desktop/project/hmcs/sponge-city/build/webpack:/server/dao/commonDao.js:89:24)
    at /Users/xu/Desktop/project/hmcs/sponge-city/build/webpack:/server/dao/commonDao.js:70:12
    at new Promise (<anonymous>)
    at CommonDao.select (/Users/xu/Desktop/project/hmcs/sponge-city/build/webpack:/server/dao/commonDao.js:69:12)
    at Function._callee2$ (/Users/xu/Desktop/project/hmcs/sponge-city/build/webpack:/server/dao/taskDao.js:23:38)
    at tryCatch (/Users/xu/Desktop/project/hmcs/sponge-city/node_modules/regenerator-runtime/runtime.js:62:40)
    at Generator.invoke [as _invoke] (/Users/xu/Desktop/project/hmcs/sponge-city/node_modules/regenerator-runtime/runtime.js:296:22)
    at Generator.prototype.(anonymous function) [as next] (/Users/xu/Desktop/project/hmcs/sponge-city/node_modules/regenerator-runtime/runtime.js:114:21)
    at step (/Users/xu/Desktop/project/hmcs/sponge-city/build/main.js:9873:191)
    at /Users/xu/Desktop/project/hmcs/sponge-city/build/main.js:9873:437
    at new Promise (<anonymous>)
    at Function.<anonymous> (/Users/xu/Desktop/project/hmcs/sponge-city/build/main.js:9873:99)
    at Function.getChildList (/Users/xu/Desktop/project/hmcs/sponge-city/build/main.js:9959:22)
    at _callee5$ (/Users/xu/Desktop/project/hmcs/sponge-city/build/webpack:/server/services/taskService.js:559:33)
    at tryCatch (/Users/xu/Desktop/project/hmcs/sponge-city/node_modules/regenerator-runtime/runtime.js:62:40)
    at Generator.invoke [as _invoke] (/Users/xu/Desktop/project/hmcs/sponge-city/node_modules/regenerator-runtime/runtime.js:296:22)
    at Generator.prototype.(anonymous function) [as next] (/Users/xu/Desktop/project/hmcs/sponge-city/node_modules/regenerator-runtime/runtime.js:114:21)
    at step (/Users/xu/Desktop/project/hmcs/sponge-city/build/main.js:7692:191)
    at /Users/xu/Desktop/project/hmcs/sponge-city/build/main.js:7692:361
    at process._tickCallback (internal/process/next_tick.js:68:7),
  _ended: false,
  _timeout: undefined,
  _idleNext: null,
  _idlePrev: null,
  _idleStart: null,
  _idleTimeout: -1,
  _repeat: null,
  sql: 'select * from sp_task_organization where parent_id > 0',
  values: undefined,
  typeCast: true,
  nestTables: false,
  _resultSet: null,
  _results: [],
  _fields: [],
  _index: 0,
  _loadError: null }
